[0.449s] DEBUG:colcon:Command line arguments: ['/usr/bin/colcon', 'list', '-p', '--base-paths', '/home/berko-vm/ros2_ws']
[0.449s] DEBUG:colcon:Parsed command line arguments: Namespace(log_base=None, log_level=None, verb_name='list', build_base='build', ignore_user_meta=False, metas=['./colcon.meta'], base_paths=['/home/berko-vm/ros2_ws'], packages_ignore=None, packages_ignore_regex=None, paths=None, packages_up_to=None, packages_up_to_regex=None, packages_above=None, packages_above_and_dependencies=None, packages_above_depth=None, packages_select_by_dep=None, packages_skip_by_dep=None, packages_skip_up_to=None, packages_select_build_failed=False, packages_skip_build_finished=False, packages_select_test_failures=False, packages_skip_test_passed=False, packages_select=None, packages_skip=None, packages_select_regex=None, packages_skip_regex=None, packages_start=None, packages_end=None, allow_overriding=[], topological_order=False, names_only=False, paths_only=True, topological_graph=False, topological_graph_dot=False, topological_graph_density=False, topological_graph_legend=False, topological_graph_dot_cluster=False, topological_graph_dot_include_skipped=False, verb_parser=<colcon_defaults.argument_parser.defaults.DefaultArgumentsDecorator object at 0x70d4ef96cd90>, verb_extension=<colcon_package_information.verb.list.ListVerb object at 0x70d4ef96c190>, main=<bound method ListVerb.main of <colcon_package_information.verb.list.ListVerb object at 0x70d4ef96c190>>)
[1.643s] Level 1:colcon.colcon_core.package_discovery:discover_packages(colcon_meta) check parameters
[1.643s] Level 1:colcon.colcon_core.package_discovery:discover_packages(recursive) check parameters
[1.643s] Level 1:colcon.colcon_core.package_discovery:discover_packages(ignore) check parameters
[1.643s] Level 1:colcon.colcon_core.package_discovery:discover_packages(path) check parameters
[1.644s] Level 1:colcon.colcon_core.package_discovery:discover_packages(recursive) discover
[1.644s] INFO:colcon.colcon_core.package_discovery:Crawling recursively for packages in '/home/berko-vm/ros2_ws'
[1.645s] Level 1:colcon.colcon_core.package_identification:_identify(/home/berko-vm/ros2_ws) by extensions ['ignore', 'ignore_ament_install']
[1.646s] Level 1:colcon.colcon_core.package_identification:_identify(/home/berko-vm/ros2_ws) by extension 'ignore'
[1.646s] Level 1:colcon.colcon_core.package_identification:_identify(/home/berko-vm/ros2_ws) by extension 'ignore_ament_install'
[1.646s] Level 1:colcon.colcon_core.package_identification:_identify(/home/berko-vm/ros2_ws) by extensions ['colcon_pkg']
[1.647s] Level 1:colcon.colcon_core.package_identification:_identify(/home/berko-vm/ros2_ws) by extension 'colcon_pkg'
[1.647s] Level 1:colcon.colcon_core.package_identification:_identify(/home/berko-vm/ros2_ws) by extensions ['colcon_meta']
[1.648s] Level 1:colcon.colcon_core.package_identification:_identify(/home/berko-vm/ros2_ws) by extension 'colcon_meta'
[1.648s] Level 1:colcon.colcon_core.package_identification:_identify(/home/berko-vm/ros2_ws) by extensions ['ros']
[1.648s] Level 1:colcon.colcon_core.package_identification:_identify(/home/berko-vm/ros2_ws) by extension 'ros'
[1.721s] Level 1:colcon.colcon_core.package_identification:_identify(/home/berko-vm/ros2_ws) by extensions ['cmake', 'python']
[1.721s] Level 1:colcon.colcon_core.package_identification:_identify(/home/berko-vm/ros2_ws) by extension 'cmake'
[1.721s] Level 1:colcon.colcon_core.package_identification:_identify(/home/berko-vm/ros2_ws) by extension 'python'
[1.721s] Level 1:colcon.colcon_core.package_identification:_identify(/home/berko-vm/ros2_ws) by extensions ['python_setup_py']
[1.721s] Level 1:colcon.colcon_core.package_identification:_identify(/home/berko-vm/ros2_ws) by extension 'python_setup_py'
[1.724s] Level 1:colcon.colcon_core.package_identification:_identify(/home/berko-vm/ros2_ws/build) by extensions ['ignore', 'ignore_ament_install']
[1.724s] Level 1:colcon.colcon_core.package_identification:_identify(/home/berko-vm/ros2_ws/build) by extension 'ignore'
[1.724s] Level 1:colcon.colcon_core.package_identification:_identify(/home/berko-vm/ros2_ws/build) ignored
[1.725s] Level 1:colcon.colcon_core.package_identification:_identify(/home/berko-vm/ros2_ws/install) by extensions ['ignore', 'ignore_ament_install']
[1.725s] Level 1:colcon.colcon_core.package_identification:_identify(/home/berko-vm/ros2_ws/install) by extension 'ignore'
[1.725s] Level 1:colcon.colcon_core.package_identification:_identify(/home/berko-vm/ros2_ws/install) ignored
[1.733s] Level 1:colcon.colcon_core.package_identification:_identify(/home/berko-vm/ros2_ws/log) by extensions ['ignore', 'ignore_ament_install']
[1.736s] Level 1:colcon.colcon_core.package_identification:_identify(/home/berko-vm/ros2_ws/log) by extension 'ignore'
[1.737s] Level 1:colcon.colcon_core.package_identification:_identify(/home/berko-vm/ros2_ws/log) ignored
[1.737s] Level 1:colcon.colcon_core.package_identification:_identify(/home/berko-vm/ros2_ws/src) by extensions ['ignore', 'ignore_ament_install']
[1.737s] Level 1:colcon.colcon_core.package_identification:_identify(/home/berko-vm/ros2_ws/src) by extension 'ignore'
[1.740s] Level 1:colcon.colcon_core.package_identification:_identify(/home/berko-vm/ros2_ws/src) by extension 'ignore_ament_install'
[1.741s] Level 1:colcon.colcon_core.package_identification:_identify(/home/berko-vm/ros2_ws/src) by extensions ['colcon_pkg']
[1.741s] Level 1:colcon.colcon_core.package_identification:_identify(/home/berko-vm/ros2_ws/src) by extension 'colcon_pkg'
[1.741s] Level 1:colcon.colcon_core.package_identification:_identify(/home/berko-vm/ros2_ws/src) by extensions ['colcon_meta']
[1.741s] Level 1:colcon.colcon_core.package_identification:_identify(/home/berko-vm/ros2_ws/src) by extension 'colcon_meta'
[1.741s] Level 1:colcon.colcon_core.package_identification:_identify(/home/berko-vm/ros2_ws/src) by extensions ['ros']
[1.741s] Level 1:colcon.colcon_core.package_identification:_identify(/home/berko-vm/ros2_ws/src) by extension 'ros'
[1.742s] Level 1:colcon.colcon_core.package_identification:_identify(/home/berko-vm/ros2_ws/src) by extensions ['cmake', 'python']
[1.744s] Level 1:colcon.colcon_core.package_identification:_identify(/home/berko-vm/ros2_ws/src) by extension 'cmake'
[1.744s] Level 1:colcon.colcon_core.package_identification:_identify(/home/berko-vm/ros2_ws/src) by extension 'python'
[1.744s] Level 1:colcon.colcon_core.package_identification:_identify(/home/berko-vm/ros2_ws/src) by extensions ['python_setup_py']
[1.745s] Level 1:colcon.colcon_core.package_identification:_identify(/home/berko-vm/ros2_ws/src) by extension 'python_setup_py'
[1.747s] Level 1:colcon.colcon_core.package_identification:_identify(/home/berko-vm/ros2_ws/src/build) by extensions ['ignore', 'ignore_ament_install']
[1.748s] Level 1:colcon.colcon_core.package_identification:_identify(/home/berko-vm/ros2_ws/src/build) by extension 'ignore'
[1.748s] Level 1:colcon.colcon_core.package_identification:_identify(/home/berko-vm/ros2_ws/src/build) ignored
[1.748s] Level 1:colcon.colcon_core.package_identification:_identify(/home/berko-vm/ros2_ws/src/install) by extensions ['ignore', 'ignore_ament_install']
[1.748s] Level 1:colcon.colcon_core.package_identification:_identify(/home/berko-vm/ros2_ws/src/install) by extension 'ignore'
[1.749s] Level 1:colcon.colcon_core.package_identification:_identify(/home/berko-vm/ros2_ws/src/install) ignored
[1.749s] Level 1:colcon.colcon_core.package_identification:_identify(/home/berko-vm/ros2_ws/src/log) by extensions ['ignore', 'ignore_ament_install']
[1.750s] Level 1:colcon.colcon_core.package_identification:_identify(/home/berko-vm/ros2_ws/src/log) by extension 'ignore'
[1.750s] Level 1:colcon.colcon_core.package_identification:_identify(/home/berko-vm/ros2_ws/src/log) ignored
[1.750s] Level 1:colcon.colcon_core.package_identification:_identify(/home/berko-vm/ros2_ws/src/pkg_antenna_modus) by extensions ['ignore', 'ignore_ament_install']
[1.750s] Level 1:colcon.colcon_core.package_identification:_identify(/home/berko-vm/ros2_ws/src/pkg_antenna_modus) by extension 'ignore'
[1.751s] Level 1:colcon.colcon_core.package_identification:_identify(/home/berko-vm/ros2_ws/src/pkg_antenna_modus) by extension 'ignore_ament_install'
[1.751s] Level 1:colcon.colcon_core.package_identification:_identify(/home/berko-vm/ros2_ws/src/pkg_antenna_modus) by extensions ['colcon_pkg']
[1.751s] Level 1:colcon.colcon_core.package_identification:_identify(/home/berko-vm/ros2_ws/src/pkg_antenna_modus) by extension 'colcon_pkg'
[1.752s] Level 1:colcon.colcon_core.package_identification:_identify(/home/berko-vm/ros2_ws/src/pkg_antenna_modus) by extensions ['colcon_meta']
[1.752s] Level 1:colcon.colcon_core.package_identification:_identify(/home/berko-vm/ros2_ws/src/pkg_antenna_modus) by extension 'colcon_meta'
[1.752s] Level 1:colcon.colcon_core.package_identification:_identify(/home/berko-vm/ros2_ws/src/pkg_antenna_modus) by extensions ['ros']
[1.752s] Level 1:colcon.colcon_core.package_identification:_identify(/home/berko-vm/ros2_ws/src/pkg_antenna_modus) by extension 'ros'
[1.772s] DEBUG:colcon.colcon_core.package_identification:Package '/home/berko-vm/ros2_ws/src/pkg_antenna_modus' with type 'ros.ament_python' and name 'pkg_antenna_modus'
[1.773s] Level 1:colcon.colcon_core.package_identification:_identify(/home/berko-vm/ros2_ws/src/pkg_img) by extensions ['ignore', 'ignore_ament_install']
[1.774s] Level 1:colcon.colcon_core.package_identification:_identify(/home/berko-vm/ros2_ws/src/pkg_img) by extension 'ignore'
[1.774s] Level 1:colcon.colcon_core.package_identification:_identify(/home/berko-vm/ros2_ws/src/pkg_img) by extension 'ignore_ament_install'
[1.775s] Level 1:colcon.colcon_core.package_identification:_identify(/home/berko-vm/ros2_ws/src/pkg_img) by extensions ['colcon_pkg']
[1.775s] Level 1:colcon.colcon_core.package_identification:_identify(/home/berko-vm/ros2_ws/src/pkg_img) by extension 'colcon_pkg'
[1.775s] Level 1:colcon.colcon_core.package_identification:_identify(/home/berko-vm/ros2_ws/src/pkg_img) by extensions ['colcon_meta']
[1.775s] Level 1:colcon.colcon_core.package_identification:_identify(/home/berko-vm/ros2_ws/src/pkg_img) by extension 'colcon_meta'
[1.776s] Level 1:colcon.colcon_core.package_identification:_identify(/home/berko-vm/ros2_ws/src/pkg_img) by extensions ['ros']
[1.776s] Level 1:colcon.colcon_core.package_identification:_identify(/home/berko-vm/ros2_ws/src/pkg_img) by extension 'ros'
[1.782s] DEBUG:colcon.colcon_core.package_identification:Package '/home/berko-vm/ros2_ws/src/pkg_img' with type 'ros.ament_python' and name 'pkg_img'
[1.782s] Level 1:colcon.colcon_core.package_discovery:discover_packages(recursive) using defaults
