[3.316s] Invoking command in '/home/berko-vm/ros2_ws/src/pkg_img': PYTHONPATH=/home/berko-vm/ros2_ws/build/pkg_img/prefix_override:/usr/lib/python3/dist-packages/colcon_core/task/python/colcon_distutils_commands:/home/berko-vm/ros2_ws/install/pkg_img/lib/python3.10/site-packages:${PYTHONPATH} /usr/bin/python3 -W ignore:setup.py install is deprecated -W ignore:easy_install command is deprecated setup.py egg_info --egg-base ../../build/pkg_img build --build-base /home/berko-vm/ros2_ws/build/pkg_img/build install --record /home/berko-vm/ros2_ws/build/pkg_img/install.log --single-version-externally-managed install_data
[3.998s] running egg_info
[4.000s] writing ../../build/pkg_img/pkg_img.egg-info/PKG-INFO
[4.002s] writing dependency_links to ../../build/pkg_img/pkg_img.egg-info/dependency_links.txt
[4.003s] writing entry points to ../../build/pkg_img/pkg_img.egg-info/entry_points.txt
[4.005s] writing requirements to ../../build/pkg_img/pkg_img.egg-info/requires.txt
[4.006s] writing top-level names to ../../build/pkg_img/pkg_img.egg-info/top_level.txt
[4.014s] reading manifest file '../../build/pkg_img/pkg_img.egg-info/SOURCES.txt'
[4.018s] writing manifest file '../../build/pkg_img/pkg_img.egg-info/SOURCES.txt'
[4.019s] running build
[4.021s] running build_py
[4.027s] running install
[4.028s] running install_lib
[4.036s] running install_data
[4.039s] running install_egg_info
[4.043s] removing '/home/berko-vm/ros2_ws/install/pkg_img/lib/python3.10/site-packages/pkg_img-0.0.0-py3.10.egg-info' (and everything under it)
[4.047s] Copying ../../build/pkg_img/pkg_img.egg-info to /home/berko-vm/ros2_ws/install/pkg_img/lib/python3.10/site-packages/pkg_img-0.0.0-py3.10.egg-info
[4.051s] running install_scripts
[4.136s] Installing cam_publisher script to /home/berko-vm/ros2_ws/install/pkg_img/lib/pkg_img
[4.140s] Installing image_view script to /home/berko-vm/ros2_ws/install/pkg_img/lib/pkg_img
[4.142s] writing list of installed files to '/home/berko-vm/ros2_ws/build/pkg_img/install.log'
[4.212s] Invoked command in '/home/berko-vm/ros2_ws/src/pkg_img' returned '0': PYTHONPATH=/home/berko-vm/ros2_ws/build/pkg_img/prefix_override:/usr/lib/python3/dist-packages/colcon_core/task/python/colcon_distutils_commands:/home/berko-vm/ros2_ws/install/pkg_img/lib/python3.10/site-packages:${PYTHONPATH} /usr/bin/python3 -W ignore:setup.py install is deprecated -W ignore:easy_install command is deprecated setup.py egg_info --egg-base ../../build/pkg_img build --build-base /home/berko-vm/ros2_ws/build/pkg_img/build install --record /home/berko-vm/ros2_ws/build/pkg_img/install.log --single-version-externally-managed install_data
