[2.426s] Invoking command in '/home/berko-vm/ros2_ws/src/pkg_img': PYTHONPATH=/home/berko-vm/ros2_ws/src/build/pkg_img/prefix_override:/usr/lib/python3/dist-packages/colcon_core/task/python/colcon_distutils_commands:/home/berko-vm/ros2_ws/src/install/pkg_img/lib/python3.10/site-packages:${PYTHONPATH} /usr/bin/python3 -W ignore:setup.py install is deprecated -W ignore:easy_install command is deprecated setup.py egg_info --egg-base ../build/pkg_img build --build-base /home/berko-vm/ros2_ws/src/build/pkg_img/build install --record /home/berko-vm/ros2_ws/src/build/pkg_img/install.log --single-version-externally-managed install_data
[2.921s] running egg_info
[2.923s] creating ../build/pkg_img/pkg_img.egg-info
[2.923s] writing ../build/pkg_img/pkg_img.egg-info/PKG-INFO
[2.923s] writing dependency_links to ../build/pkg_img/pkg_img.egg-info/dependency_links.txt
[2.924s] writing entry points to ../build/pkg_img/pkg_img.egg-info/entry_points.txt
[2.924s] writing requirements to ../build/pkg_img/pkg_img.egg-info/requires.txt
[2.924s] writing top-level names to ../build/pkg_img/pkg_img.egg-info/top_level.txt
[2.929s] writing manifest file '../build/pkg_img/pkg_img.egg-info/SOURCES.txt'
[2.929s] reading manifest file '../build/pkg_img/pkg_img.egg-info/SOURCES.txt'
[2.930s] writing manifest file '../build/pkg_img/pkg_img.egg-info/SOURCES.txt'
[2.930s] running build
[2.930s] running build_py
[2.930s] creating /home/berko-vm/ros2_ws/src/build/pkg_img/build
[2.932s] creating /home/berko-vm/ros2_ws/src/build/pkg_img/build/lib
[2.935s] creating /home/berko-vm/ros2_ws/src/build/pkg_img/build/lib/pkg_img
[2.935s] copying pkg_img/image_view.py -> /home/berko-vm/ros2_ws/src/build/pkg_img/build/lib/pkg_img
[2.935s] copying pkg_img/__init__.py -> /home/berko-vm/ros2_ws/src/build/pkg_img/build/lib/pkg_img
[2.935s] copying pkg_img/camera_node.py -> /home/berko-vm/ros2_ws/src/build/pkg_img/build/lib/pkg_img
[2.935s] running install
[2.936s] running install_lib
[2.936s] creating /home/berko-vm/ros2_ws/src/install/pkg_img/lib/python3.10/site-packages/pkg_img
[2.936s] copying /home/berko-vm/ros2_ws/src/build/pkg_img/build/lib/pkg_img/image_view.py -> /home/berko-vm/ros2_ws/src/install/pkg_img/lib/python3.10/site-packages/pkg_img
[2.936s] copying /home/berko-vm/ros2_ws/src/build/pkg_img/build/lib/pkg_img/__init__.py -> /home/berko-vm/ros2_ws/src/install/pkg_img/lib/python3.10/site-packages/pkg_img
[2.937s] copying /home/berko-vm/ros2_ws/src/build/pkg_img/build/lib/pkg_img/camera_node.py -> /home/berko-vm/ros2_ws/src/install/pkg_img/lib/python3.10/site-packages/pkg_img
[2.937s] byte-compiling /home/berko-vm/ros2_ws/src/install/pkg_img/lib/python3.10/site-packages/pkg_img/image_view.py to image_view.cpython-310.pyc
[2.938s] byte-compiling /home/berko-vm/ros2_ws/src/install/pkg_img/lib/python3.10/site-packages/pkg_img/__init__.py to __init__.cpython-310.pyc
[2.939s] byte-compiling /home/berko-vm/ros2_ws/src/install/pkg_img/lib/python3.10/site-packages/pkg_img/camera_node.py to camera_node.cpython-310.pyc
[2.941s] running install_data
[2.941s] creating /home/berko-vm/ros2_ws/src/install/pkg_img/share/ament_index
[2.941s] creating /home/berko-vm/ros2_ws/src/install/pkg_img/share/ament_index/resource_index
[2.942s] creating /home/berko-vm/ros2_ws/src/install/pkg_img/share/ament_index/resource_index/packages
[2.942s] copying resource/pkg_img -> /home/berko-vm/ros2_ws/src/install/pkg_img/share/ament_index/resource_index/packages
[2.942s] copying package.xml -> /home/berko-vm/ros2_ws/src/install/pkg_img/share/pkg_img
[2.942s] running install_egg_info
[2.948s] Copying ../build/pkg_img/pkg_img.egg-info to /home/berko-vm/ros2_ws/src/install/pkg_img/lib/python3.10/site-packages/pkg_img-0.0.0-py3.10.egg-info
[2.959s] running install_scripts
[3.000s] Installing cam_publisher script to /home/berko-vm/ros2_ws/src/install/pkg_img/lib/pkg_img
[3.000s] Installing image_view script to /home/berko-vm/ros2_ws/src/install/pkg_img/lib/pkg_img
[3.001s] writing list of installed files to '/home/berko-vm/ros2_ws/src/build/pkg_img/install.log'
[3.126s] Invoked command in '/home/berko-vm/ros2_ws/src/pkg_img' returned '0': PYTHONPATH=/home/berko-vm/ros2_ws/src/build/pkg_img/prefix_override:/usr/lib/python3/dist-packages/colcon_core/task/python/colcon_distutils_commands:/home/berko-vm/ros2_ws/src/install/pkg_img/lib/python3.10/site-packages:${PYTHONPATH} /usr/bin/python3 -W ignore:setup.py install is deprecated -W ignore:easy_install command is deprecated setup.py egg_info --egg-base ../build/pkg_img build --build-base /home/berko-vm/ros2_ws/src/build/pkg_img/build install --record /home/berko-vm/ros2_ws/src/build/pkg_img/install.log --single-version-externally-managed install_data
