[2.538s] Invoking command in '/home/berko-vm/ros2_ws/build/pkg_img': PYTHONPATH=/home/berko-vm/ros2_ws/build/pkg_img/prefix_override:/usr/lib/python3/dist-packages/colcon_core/task/python/colcon_distutils_commands:/home/berko-vm/ros2_ws/install/pkg_img/lib/python3.10/site-packages:${PYTHONPATH} /usr/bin/python3 -W ignore:setup.py install is deprecated -W ignore:easy_install command is deprecated setup.py develop --uninstall --editable --build-directory /home/berko-vm/ros2_ws/build/pkg_img/build
[3.225s] running develop
[3.709s] Removing /home/berko-vm/ros2_ws/install/pkg_img/lib/python3.10/site-packages/pkg-img.egg-link (link to .)
[3.795s] Invoked command in '/home/berko-vm/ros2_ws/build/pkg_img' returned '0': PYTHONPATH=/home/berko-vm/ros2_ws/build/pkg_img/prefix_override:/usr/lib/python3/dist-packages/colcon_core/task/python/colcon_distutils_commands:/home/berko-vm/ros2_ws/install/pkg_img/lib/python3.10/site-packages:${PYTHONPATH} /usr/bin/python3 -W ignore:setup.py install is deprecated -W ignore:easy_install command is deprecated setup.py develop --uninstall --editable --build-directory /home/berko-vm/ros2_ws/build/pkg_img/build
[3.796s] Invoking command in '/home/berko-vm/ros2_ws/src/pkg_img': PYTHONPATH=/home/berko-vm/ros2_ws/build/pkg_img/prefix_override:/usr/lib/python3/dist-packages/colcon_core/task/python/colcon_distutils_commands:/home/berko-vm/ros2_ws/install/pkg_img/lib/python3.10/site-packages:${PYTHONPATH} /usr/bin/python3 -W ignore:setup.py install is deprecated -W ignore:easy_install command is deprecated setup.py egg_info --egg-base ../../build/pkg_img build --build-base /home/berko-vm/ros2_ws/build/pkg_img/build install --record /home/berko-vm/ros2_ws/build/pkg_img/install.log --single-version-externally-managed install_data --force
[4.370s] running egg_info
[4.373s] writing ../../build/pkg_img/pkg_img.egg-info/PKG-INFO
[4.373s] writing dependency_links to ../../build/pkg_img/pkg_img.egg-info/dependency_links.txt
[4.374s] writing entry points to ../../build/pkg_img/pkg_img.egg-info/entry_points.txt
[4.375s] writing requirements to ../../build/pkg_img/pkg_img.egg-info/requires.txt
[4.376s] writing top-level names to ../../build/pkg_img/pkg_img.egg-info/top_level.txt
[4.382s] reading manifest file '../../build/pkg_img/pkg_img.egg-info/SOURCES.txt'
[4.385s] writing manifest file '../../build/pkg_img/pkg_img.egg-info/SOURCES.txt'
[4.388s] running build
[4.389s] running build_py
[4.391s] copying pkg_img/camera_node.py -> /home/berko-vm/ros2_ws/build/pkg_img/build/lib/pkg_img
[4.391s] running install
[4.391s] running install_lib
[4.394s] creating /home/berko-vm/ros2_ws/install/pkg_img/lib/python3.10/site-packages/pkg_img
[4.395s] copying /home/berko-vm/ros2_ws/build/pkg_img/build/lib/pkg_img/__init__.py -> /home/berko-vm/ros2_ws/install/pkg_img/lib/python3.10/site-packages/pkg_img
[4.395s] copying /home/berko-vm/ros2_ws/build/pkg_img/build/lib/pkg_img/camera_node.py -> /home/berko-vm/ros2_ws/install/pkg_img/lib/python3.10/site-packages/pkg_img
[4.396s] byte-compiling /home/berko-vm/ros2_ws/install/pkg_img/lib/python3.10/site-packages/pkg_img/__init__.py to __init__.cpython-310.pyc
[4.398s] byte-compiling /home/berko-vm/ros2_ws/install/pkg_img/lib/python3.10/site-packages/pkg_img/camera_node.py to camera_node.cpython-310.pyc
[4.400s] running install_data
[4.401s] copying resource/pkg_img -> /home/berko-vm/ros2_ws/install/pkg_img/share/ament_index/resource_index/packages
[4.402s] copying package.xml -> /home/berko-vm/ros2_ws/install/pkg_img/share/pkg_img
[4.403s] running install_egg_info
[4.409s] Copying ../../build/pkg_img/pkg_img.egg-info to /home/berko-vm/ros2_ws/install/pkg_img/lib/python3.10/site-packages/pkg_img-0.0.0-py3.10.egg-info
[4.412s] running install_scripts
[4.468s] Installing cam_publisher script to /home/berko-vm/ros2_ws/install/pkg_img/lib/pkg_img
[4.469s] writing list of installed files to '/home/berko-vm/ros2_ws/build/pkg_img/install.log'
[4.518s] Invoked command in '/home/berko-vm/ros2_ws/src/pkg_img' returned '0': PYTHONPATH=/home/berko-vm/ros2_ws/build/pkg_img/prefix_override:/usr/lib/python3/dist-packages/colcon_core/task/python/colcon_distutils_commands:/home/berko-vm/ros2_ws/install/pkg_img/lib/python3.10/site-packages:${PYTHONPATH} /usr/bin/python3 -W ignore:setup.py install is deprecated -W ignore:easy_install command is deprecated setup.py egg_info --egg-base ../../build/pkg_img build --build-base /home/berko-vm/ros2_ws/build/pkg_img/build install --record /home/berko-vm/ros2_ws/build/pkg_img/install.log --single-version-externally-managed install_data --force
