[1.724s] Invoking command in '/home/berko-vm/ros2_ws/src/pkg_system_checker': PYTHONPATH=/home/berko-vm/ros2_ws/build/pkg_system_checker/prefix_override:/usr/lib/python3/dist-packages/colcon_core/task/python/colcon_distutils_commands:/home/berko-vm/ros2_ws/install/pkg_system_checker/lib/python3.10/site-packages:${PYTHONPATH} /usr/bin/python3 -W ignore:setup.py install is deprecated -W ignore:easy_install command is deprecated setup.py egg_info --egg-base ../../build/pkg_system_checker build --build-base /home/berko-vm/ros2_ws/build/pkg_system_checker/build install --record /home/berko-vm/ros2_ws/build/pkg_system_checker/install.log --single-version-externally-managed
[2.333s] running egg_info
[2.338s] creating ../../build/pkg_system_checker/pkg_system_checker.egg-info
[2.341s] writing ../../build/pkg_system_checker/pkg_system_checker.egg-info/PKG-INFO
[2.341s] writing dependency_links to ../../build/pkg_system_checker/pkg_system_checker.egg-info/dependency_links.txt
[2.341s] writing entry points to ../../build/pkg_system_checker/pkg_system_checker.egg-info/entry_points.txt
[2.341s] writing requirements to ../../build/pkg_system_checker/pkg_system_checker.egg-info/requires.txt
[2.341s] writing top-level names to ../../build/pkg_system_checker/pkg_system_checker.egg-info/top_level.txt
[2.342s] writing manifest file '../../build/pkg_system_checker/pkg_system_checker.egg-info/SOURCES.txt'
[2.347s] reading manifest file '../../build/pkg_system_checker/pkg_system_checker.egg-info/SOURCES.txt'
[2.347s] writing manifest file '../../build/pkg_system_checker/pkg_system_checker.egg-info/SOURCES.txt'
[2.348s] running build
[2.349s] running build_py
[2.349s] creating /home/berko-vm/ros2_ws/build/pkg_system_checker/build
[2.349s] creating /home/berko-vm/ros2_ws/build/pkg_system_checker/build/lib
[2.349s] creating /home/berko-vm/ros2_ws/build/pkg_system_checker/build/lib/pkg_system_checker
[2.351s] copying pkg_system_checker/check_system.py -> /home/berko-vm/ros2_ws/build/pkg_system_checker/build/lib/pkg_system_checker
[2.352s] copying pkg_system_checker/__init__.py -> /home/berko-vm/ros2_ws/build/pkg_system_checker/build/lib/pkg_system_checker
[2.352s] running install
[2.353s] running install_lib
[2.353s] creating /home/berko-vm/ros2_ws/install/pkg_system_checker/lib/python3.10/site-packages/pkg_system_checker
[2.353s] copying /home/berko-vm/ros2_ws/build/pkg_system_checker/build/lib/pkg_system_checker/check_system.py -> /home/berko-vm/ros2_ws/install/pkg_system_checker/lib/python3.10/site-packages/pkg_system_checker
[2.356s] copying /home/berko-vm/ros2_ws/build/pkg_system_checker/build/lib/pkg_system_checker/__init__.py -> /home/berko-vm/ros2_ws/install/pkg_system_checker/lib/python3.10/site-packages/pkg_system_checker
[2.356s] byte-compiling /home/berko-vm/ros2_ws/install/pkg_system_checker/lib/python3.10/site-packages/pkg_system_checker/check_system.py to check_system.cpython-310.pyc
[2.357s] byte-compiling /home/berko-vm/ros2_ws/install/pkg_system_checker/lib/python3.10/site-packages/pkg_system_checker/__init__.py to __init__.cpython-310.pyc
[2.357s] running install_egg_info
[2.363s] Copying ../../build/pkg_system_checker/pkg_system_checker.egg-info to /home/berko-vm/ros2_ws/install/pkg_system_checker/lib/python3.10/site-packages/pkg_system_checker-0.0.0-py3.10.egg-info
[2.365s] running install_scripts
[2.415s] Installing check_system script to /home/berko-vm/ros2_ws/install/pkg_system_checker/lib/pkg_system_checker
[2.417s] writing list of installed files to '/home/berko-vm/ros2_ws/build/pkg_system_checker/install.log'
[2.475s] Invoked command in '/home/berko-vm/ros2_ws/src/pkg_system_checker' returned '0': PYTHONPATH=/home/berko-vm/ros2_ws/build/pkg_system_checker/prefix_override:/usr/lib/python3/dist-packages/colcon_core/task/python/colcon_distutils_commands:/home/berko-vm/ros2_ws/install/pkg_system_checker/lib/python3.10/site-packages:${PYTHONPATH} /usr/bin/python3 -W ignore:setup.py install is deprecated -W ignore:easy_install command is deprecated setup.py egg_info --egg-base ../../build/pkg_system_checker build --build-base /home/berko-vm/ros2_ws/build/pkg_system_checker/build install --record /home/berko-vm/ros2_ws/build/pkg_system_checker/install.log --single-version-externally-managed
