[4.054s] Invoking command in '/home/berko-vm/ros2_ws/src/pkg_img': PYTHONPATH=/home/berko-vm/ros2_ws/build/pkg_img/prefix_override:/usr/lib/python3/dist-packages/colcon_core/task/python/colcon_distutils_commands:/home/berko-vm/ros2_ws/install/pkg_img/lib/python3.10/site-packages:${PYTHONPATH} /usr/bin/python3 -W ignore:setup.py install is deprecated -W ignore:easy_install command is deprecated setup.py egg_info --egg-base ../../build/pkg_img build --build-base /home/berko-vm/ros2_ws/build/pkg_img/build install --record /home/berko-vm/ros2_ws/build/pkg_img/install.log --single-version-externally-managed install_data
[5.099s] running egg_info
[5.105s] writing ../../build/pkg_img/pkg_img.egg-info/PKG-INFO
[5.106s] writing dependency_links to ../../build/pkg_img/pkg_img.egg-info/dependency_links.txt
[5.109s] writing entry points to ../../build/pkg_img/pkg_img.egg-info/entry_points.txt
[5.111s] writing requirements to ../../build/pkg_img/pkg_img.egg-info/requires.txt
[5.112s] writing top-level names to ../../build/pkg_img/pkg_img.egg-info/top_level.txt
[5.129s] reading manifest file '../../build/pkg_img/pkg_img.egg-info/SOURCES.txt'
[5.134s] writing manifest file '../../build/pkg_img/pkg_img.egg-info/SOURCES.txt'
[5.136s] running build
[5.137s] running build_py
[5.141s] running install
[5.143s] running install_lib
[5.149s] running install_data
[5.151s] running install_egg_info
[5.159s] removing '/home/berko-vm/ros2_ws/install/pkg_img/lib/python3.10/site-packages/pkg_img-0.0.0-py3.10.egg-info' (and everything under it)
[5.169s] Copying ../../build/pkg_img/pkg_img.egg-info to /home/berko-vm/ros2_ws/install/pkg_img/lib/python3.10/site-packages/pkg_img-0.0.0-py3.10.egg-info
[5.180s] running install_scripts
[5.237s] Installing cam_publisher script to /home/berko-vm/ros2_ws/install/pkg_img/lib/pkg_img
[5.238s] Installing image_view script to /home/berko-vm/ros2_ws/install/pkg_img/lib/pkg_img
[5.239s] writing list of installed files to '/home/berko-vm/ros2_ws/build/pkg_img/install.log'
[5.298s] Invoked command in '/home/berko-vm/ros2_ws/src/pkg_img' returned '0': PYTHONPATH=/home/berko-vm/ros2_ws/build/pkg_img/prefix_override:/usr/lib/python3/dist-packages/colcon_core/task/python/colcon_distutils_commands:/home/berko-vm/ros2_ws/install/pkg_img/lib/python3.10/site-packages:${PYTHONPATH} /usr/bin/python3 -W ignore:setup.py install is deprecated -W ignore:easy_install command is deprecated setup.py egg_info --egg-base ../../build/pkg_img build --build-base /home/berko-vm/ros2_ws/build/pkg_img/build install --record /home/berko-vm/ros2_ws/build/pkg_img/install.log --single-version-externally-managed install_data
