[3.540s] Invoking command in '/home/berko-vm/ros2_ws/src/launch_pkg': PYTHONPATH=/home/berko-vm/ros2_ws/build/launch_pkg/prefix_override:/usr/lib/python3/dist-packages/colcon_core/task/python/colcon_distutils_commands:/home/berko-vm/ros2_ws/install/launch_pkg/lib/python3.10/site-packages:${PYTHONPATH} /usr/bin/python3 -W ignore:setup.py install is deprecated -W ignore:easy_install command is deprecated setup.py egg_info --egg-base ../../build/launch_pkg build --build-base /home/berko-vm/ros2_ws/build/launch_pkg/build install --record /home/berko-vm/ros2_ws/build/launch_pkg/install.log --single-version-externally-managed install_data
[4.238s] running egg_info
[4.243s] writing ../../build/launch_pkg/launch_pkg.egg-info/PKG-INFO
[4.243s] writing dependency_links to ../../build/launch_pkg/launch_pkg.egg-info/dependency_links.txt
[4.243s] writing entry points to ../../build/launch_pkg/launch_pkg.egg-info/entry_points.txt
[4.244s] writing requirements to ../../build/launch_pkg/launch_pkg.egg-info/requires.txt
[4.244s] writing top-level names to ../../build/launch_pkg/launch_pkg.egg-info/top_level.txt
[4.248s] reading manifest file '../../build/launch_pkg/launch_pkg.egg-info/SOURCES.txt'
[4.252s] writing manifest file '../../build/launch_pkg/launch_pkg.egg-info/SOURCES.txt'
[4.252s] running build
[4.253s] running build_py
[4.258s] running install
[4.258s] running install_lib
[4.259s] running install_data
[4.262s] running install_egg_info
[4.269s] removing '/home/berko-vm/ros2_ws/install/launch_pkg/lib/python3.10/site-packages/launch_pkg-0.0.0-py3.10.egg-info' (and everything under it)
[4.269s] Copying ../../build/launch_pkg/launch_pkg.egg-info to /home/berko-vm/ros2_ws/install/launch_pkg/lib/python3.10/site-packages/launch_pkg-0.0.0-py3.10.egg-info
[4.273s] running install_scripts
[4.339s] writing list of installed files to '/home/berko-vm/ros2_ws/build/launch_pkg/install.log'
[4.403s] Invoked command in '/home/berko-vm/ros2_ws/src/launch_pkg' returned '0': PYTHONPATH=/home/berko-vm/ros2_ws/build/launch_pkg/prefix_override:/usr/lib/python3/dist-packages/colcon_core/task/python/colcon_distutils_commands:/home/berko-vm/ros2_ws/install/launch_pkg/lib/python3.10/site-packages:${PYTHONPATH} /usr/bin/python3 -W ignore:setup.py install is deprecated -W ignore:easy_install command is deprecated setup.py egg_info --egg-base ../../build/launch_pkg build --build-base /home/berko-vm/ros2_ws/build/launch_pkg/build install --record /home/berko-vm/ros2_ws/build/launch_pkg/install.log --single-version-externally-managed install_data
