running egg_info
creating ../../build/launch_pkg/launch_pkg.egg-info
writing ../../build/launch_pkg/launch_pkg.egg-info/PKG-INFO
writing dependency_links to ../../build/launch_pkg/launch_pkg.egg-info/dependency_links.txt
writing entry points to ../../build/launch_pkg/launch_pkg.egg-info/entry_points.txt
writing requirements to ../../build/launch_pkg/launch_pkg.egg-info/requires.txt
writing top-level names to ../../build/launch_pkg/launch_pkg.egg-info/top_level.txt
writing manifest file '../../build/launch_pkg/launch_pkg.egg-info/SOURCES.txt'
reading manifest file '../../build/launch_pkg/launch_pkg.egg-info/SOURCES.txt'
writing manifest file '../../build/launch_pkg/launch_pkg.egg-info/SOURCES.txt'
running build
running build_py
creating /home/berko-vm/ros2_ws/build/launch_pkg/build
creating /home/berko-vm/ros2_ws/build/launch_pkg/build/lib
creating /home/berko-vm/ros2_ws/build/launch_pkg/build/lib/launch_pkg
copying launch_pkg/__init__.py -> /home/berko-vm/ros2_ws/build/launch_pkg/build/lib/launch_pkg
running install
running install_lib
creating /home/berko-vm/ros2_ws/install/launch_pkg/lib/python3.10/site-packages/launch_pkg
copying /home/berko-vm/ros2_ws/build/launch_pkg/build/lib/launch_pkg/__init__.py -> /home/berko-vm/ros2_ws/install/launch_pkg/lib/python3.10/site-packages/launch_pkg
byte-compiling /home/berko-vm/ros2_ws/install/launch_pkg/lib/python3.10/site-packages/launch_pkg/__init__.py to __init__.cpython-310.pyc
running install_data
creating /home/berko-vm/ros2_ws/install/launch_pkg/share/ament_index
creating /home/berko-vm/ros2_ws/install/launch_pkg/share/ament_index/resource_index
creating /home/berko-vm/ros2_ws/install/launch_pkg/share/ament_index/resource_index/packages
copying resource/launch_pkg -> /home/berko-vm/ros2_ws/install/launch_pkg/share/ament_index/resource_index/packages
copying package.xml -> /home/berko-vm/ros2_ws/install/launch_pkg/share/launch_pkg
creating /home/berko-vm/ros2_ws/install/launch_pkg/share/launch_pkg/launch
copying launch/start_all.py -> /home/berko-vm/ros2_ws/install/launch_pkg/share/launch_pkg/launch
running install_egg_info
Copying ../../build/launch_pkg/launch_pkg.egg-info to /home/berko-vm/ros2_ws/install/launch_pkg/lib/python3.10/site-packages/launch_pkg-0.0.0-py3.10.egg-info
running install_scripts
writing list of installed files to '/home/berko-vm/ros2_ws/build/launch_pkg/install.log'
