[3.539s] Invoking command in '/home/berko-vm/ros2_ws/src/launch_pkg': PYTHONPATH=/home/berko-vm/ros2_ws/build/launch_pkg/prefix_override:/usr/lib/python3/dist-packages/colcon_core/task/python/colcon_distutils_commands:/home/berko-vm/ros2_ws/install/launch_pkg/lib/python3.10/site-packages:${PYTHONPATH} /usr/bin/python3 -W ignore:setup.py install is deprecated -W ignore:easy_install command is deprecated setup.py egg_info --egg-base ../../build/launch_pkg build --build-base /home/berko-vm/ros2_ws/build/launch_pkg/build install --record /home/berko-vm/ros2_ws/build/launch_pkg/install.log --single-version-externally-managed install_data
[4.362s] running egg_info
[4.365s] creating ../../build/launch_pkg/launch_pkg.egg-info
[4.365s] writing ../../build/launch_pkg/launch_pkg.egg-info/PKG-INFO
[4.366s] writing dependency_links to ../../build/launch_pkg/launch_pkg.egg-info/dependency_links.txt
[4.367s] writing entry points to ../../build/launch_pkg/launch_pkg.egg-info/entry_points.txt
[4.367s] writing requirements to ../../build/launch_pkg/launch_pkg.egg-info/requires.txt
[4.368s] writing top-level names to ../../build/launch_pkg/launch_pkg.egg-info/top_level.txt
[4.370s] writing manifest file '../../build/launch_pkg/launch_pkg.egg-info/SOURCES.txt'
[4.376s] reading manifest file '../../build/launch_pkg/launch_pkg.egg-info/SOURCES.txt'
[4.379s] writing manifest file '../../build/launch_pkg/launch_pkg.egg-info/SOURCES.txt'
[4.379s] running build
[4.380s] running build_py
[4.380s] creating /home/berko-vm/ros2_ws/build/launch_pkg/build
[4.380s] creating /home/berko-vm/ros2_ws/build/launch_pkg/build/lib
[4.380s] creating /home/berko-vm/ros2_ws/build/launch_pkg/build/lib/launch_pkg
[4.385s] copying launch_pkg/__init__.py -> /home/berko-vm/ros2_ws/build/launch_pkg/build/lib/launch_pkg
[4.386s] running install
[4.386s] running install_lib
[4.387s] creating /home/berko-vm/ros2_ws/install/launch_pkg/lib/python3.10/site-packages/launch_pkg
[4.387s] copying /home/berko-vm/ros2_ws/build/launch_pkg/build/lib/launch_pkg/__init__.py -> /home/berko-vm/ros2_ws/install/launch_pkg/lib/python3.10/site-packages/launch_pkg
[4.387s] byte-compiling /home/berko-vm/ros2_ws/install/launch_pkg/lib/python3.10/site-packages/launch_pkg/__init__.py to __init__.cpython-310.pyc
[4.388s] running install_data
[4.388s] creating /home/berko-vm/ros2_ws/install/launch_pkg/share/ament_index
[4.388s] creating /home/berko-vm/ros2_ws/install/launch_pkg/share/ament_index/resource_index
[4.389s] creating /home/berko-vm/ros2_ws/install/launch_pkg/share/ament_index/resource_index/packages
[4.389s] copying resource/launch_pkg -> /home/berko-vm/ros2_ws/install/launch_pkg/share/ament_index/resource_index/packages
[4.389s] copying package.xml -> /home/berko-vm/ros2_ws/install/launch_pkg/share/launch_pkg
[4.389s] creating /home/berko-vm/ros2_ws/install/launch_pkg/share/launch_pkg/launch
[4.389s] copying launch/start_all.py -> /home/berko-vm/ros2_ws/install/launch_pkg/share/launch_pkg/launch
[4.389s] running install_egg_info
[4.393s] Copying ../../build/launch_pkg/launch_pkg.egg-info to /home/berko-vm/ros2_ws/install/launch_pkg/lib/python3.10/site-packages/launch_pkg-0.0.0-py3.10.egg-info
[4.410s] running install_scripts
[4.465s] writing list of installed files to '/home/berko-vm/ros2_ws/build/launch_pkg/install.log'
[4.531s] Invoked command in '/home/berko-vm/ros2_ws/src/launch_pkg' returned '0': PYTHONPATH=/home/berko-vm/ros2_ws/build/launch_pkg/prefix_override:/usr/lib/python3/dist-packages/colcon_core/task/python/colcon_distutils_commands:/home/berko-vm/ros2_ws/install/launch_pkg/lib/python3.10/site-packages:${PYTHONPATH} /usr/bin/python3 -W ignore:setup.py install is deprecated -W ignore:easy_install command is deprecated setup.py egg_info --egg-base ../../build/launch_pkg build --build-base /home/berko-vm/ros2_ws/build/launch_pkg/build install --record /home/berko-vm/ros2_ws/build/launch_pkg/install.log --single-version-externally-managed install_data
