[0.820s] DEBUG:colcon:Command line arguments: ['/usr/bin/colcon', 'list', '-p', '--base-paths', '/home/berko-vm/ros2_ws']
[0.820s] DEBUG:colcon:Parsed command line arguments: Namespace(log_base=None, log_level=None, verb_name='list', build_base='build', ignore_user_meta=False, metas=['./colcon.meta'], base_paths=['/home/berko-vm/ros2_ws'], packages_ignore=None, packages_ignore_regex=None, paths=None, packages_up_to=None, packages_up_to_regex=None, packages_above=None, packages_above_and_dependencies=None, packages_above_depth=None, packages_select_by_dep=None, packages_skip_by_dep=None, packages_skip_up_to=None, packages_select_build_failed=False, packages_skip_build_finished=False, packages_select_test_failures=False, packages_skip_test_passed=False, packages_select=None, packages_skip=None, packages_select_regex=None, packages_skip_regex=None, packages_start=None, packages_end=None, allow_overriding=[], topological_order=False, names_only=False, paths_only=True, topological_graph=False, topological_graph_dot=False, topological_graph_density=False, topological_graph_legend=False, topological_graph_dot_cluster=False, topological_graph_dot_include_skipped=False, verb_parser=<colcon_defaults.argument_parser.defaults.DefaultArgumentsDecorator object at 0x7e8771d0cdc0>, verb_extension=<colcon_package_information.verb.list.ListVerb object at 0x7e8771d0c1c0>, main=<bound method ListVerb.main of <colcon_package_information.verb.list.ListVerb object at 0x7e8771d0c1c0>>)
[2.932s] Level 1:colcon.colcon_core.package_discovery:discover_packages(colcon_meta) check parameters
[2.933s] Level 1:colcon.colcon_core.package_discovery:discover_packages(recursive) check parameters
[2.934s] Level 1:colcon.colcon_core.package_discovery:discover_packages(ignore) check parameters
[2.934s] Level 1:colcon.colcon_core.package_discovery:discover_packages(path) check parameters
[2.934s] Level 1:colcon.colcon_core.package_discovery:discover_packages(recursive) discover
[2.934s] INFO:colcon.colcon_core.package_discovery:Crawling recursively for packages in '/home/berko-vm/ros2_ws'
[2.935s] Level 1:colcon.colcon_core.package_identification:_identify(/home/berko-vm/ros2_ws) by extensions ['ignore', 'ignore_ament_install']
[2.935s] Level 1:colcon.colcon_core.package_identification:_identify(/home/berko-vm/ros2_ws) by extension 'ignore'
[2.936s] Level 1:colcon.colcon_core.package_identification:_identify(/home/berko-vm/ros2_ws) by extension 'ignore_ament_install'
[2.936s] Level 1:colcon.colcon_core.package_identification:_identify(/home/berko-vm/ros2_ws) by extensions ['colcon_pkg']
[2.936s] Level 1:colcon.colcon_core.package_identification:_identify(/home/berko-vm/ros2_ws) by extension 'colcon_pkg'
[2.936s] Level 1:colcon.colcon_core.package_identification:_identify(/home/berko-vm/ros2_ws) by extensions ['colcon_meta']
[2.937s] Level 1:colcon.colcon_core.package_identification:_identify(/home/berko-vm/ros2_ws) by extension 'colcon_meta'
[2.943s] Level 1:colcon.colcon_core.package_identification:_identify(/home/berko-vm/ros2_ws) by extensions ['ros']
[2.943s] Level 1:colcon.colcon_core.package_identification:_identify(/home/berko-vm/ros2_ws) by extension 'ros'
[3.014s] Level 1:colcon.colcon_core.package_identification:_identify(/home/berko-vm/ros2_ws) by extensions ['cmake', 'python']
[3.014s] Level 1:colcon.colcon_core.package_identification:_identify(/home/berko-vm/ros2_ws) by extension 'cmake'
[3.015s] Level 1:colcon.colcon_core.package_identification:_identify(/home/berko-vm/ros2_ws) by extension 'python'
[3.015s] Level 1:colcon.colcon_core.package_identification:_identify(/home/berko-vm/ros2_ws) by extensions ['python_setup_py']
[3.018s] Level 1:colcon.colcon_core.package_identification:_identify(/home/berko-vm/ros2_ws) by extension 'python_setup_py'
[3.019s] Level 1:colcon.colcon_core.package_identification:_identify(/home/berko-vm/ros2_ws/build) by extensions ['ignore', 'ignore_ament_install']
[3.020s] Level 1:colcon.colcon_core.package_identification:_identify(/home/berko-vm/ros2_ws/build) by extension 'ignore'
[3.020s] Level 1:colcon.colcon_core.package_identification:_identify(/home/berko-vm/ros2_ws/build) ignored
[3.021s] Level 1:colcon.colcon_core.package_identification:_identify(/home/berko-vm/ros2_ws/install) by extensions ['ignore', 'ignore_ament_install']
[3.021s] Level 1:colcon.colcon_core.package_identification:_identify(/home/berko-vm/ros2_ws/install) by extension 'ignore'
[3.021s] Level 1:colcon.colcon_core.package_identification:_identify(/home/berko-vm/ros2_ws/install) ignored
[3.022s] Level 1:colcon.colcon_core.package_identification:_identify(/home/berko-vm/ros2_ws/log) by extensions ['ignore', 'ignore_ament_install']
[3.023s] Level 1:colcon.colcon_core.package_identification:_identify(/home/berko-vm/ros2_ws/log) by extension 'ignore'
[3.023s] Level 1:colcon.colcon_core.package_identification:_identify(/home/berko-vm/ros2_ws/log) ignored
[3.024s] Level 1:colcon.colcon_core.package_identification:_identify(/home/berko-vm/ros2_ws/src) by extensions ['ignore', 'ignore_ament_install']
[3.024s] Level 1:colcon.colcon_core.package_identification:_identify(/home/berko-vm/ros2_ws/src) by extension 'ignore'
[3.024s] Level 1:colcon.colcon_core.package_identification:_identify(/home/berko-vm/ros2_ws/src) by extension 'ignore_ament_install'
[3.024s] Level 1:colcon.colcon_core.package_identification:_identify(/home/berko-vm/ros2_ws/src) by extensions ['colcon_pkg']
[3.025s] Level 1:colcon.colcon_core.package_identification:_identify(/home/berko-vm/ros2_ws/src) by extension 'colcon_pkg'
[3.025s] Level 1:colcon.colcon_core.package_identification:_identify(/home/berko-vm/ros2_ws/src) by extensions ['colcon_meta']
[3.025s] Level 1:colcon.colcon_core.package_identification:_identify(/home/berko-vm/ros2_ws/src) by extension 'colcon_meta'
[3.026s] Level 1:colcon.colcon_core.package_identification:_identify(/home/berko-vm/ros2_ws/src) by extensions ['ros']
[3.026s] Level 1:colcon.colcon_core.package_identification:_identify(/home/berko-vm/ros2_ws/src) by extension 'ros'
[3.026s] Level 1:colcon.colcon_core.package_identification:_identify(/home/berko-vm/ros2_ws/src) by extensions ['cmake', 'python']
[3.026s] Level 1:colcon.colcon_core.package_identification:_identify(/home/berko-vm/ros2_ws/src) by extension 'cmake'
[3.026s] Level 1:colcon.colcon_core.package_identification:_identify(/home/berko-vm/ros2_ws/src) by extension 'python'
[3.026s] Level 1:colcon.colcon_core.package_identification:_identify(/home/berko-vm/ros2_ws/src) by extensions ['python_setup_py']
[3.026s] Level 1:colcon.colcon_core.package_identification:_identify(/home/berko-vm/ros2_ws/src) by extension 'python_setup_py'
[3.027s] Level 1:colcon.colcon_core.package_identification:_identify(/home/berko-vm/ros2_ws/src/build) by extensions ['ignore', 'ignore_ament_install']
[3.028s] Level 1:colcon.colcon_core.package_identification:_identify(/home/berko-vm/ros2_ws/src/build) by extension 'ignore'
[3.028s] Level 1:colcon.colcon_core.package_identification:_identify(/home/berko-vm/ros2_ws/src/build) ignored
[3.028s] Level 1:colcon.colcon_core.package_identification:_identify(/home/berko-vm/ros2_ws/src/install) by extensions ['ignore', 'ignore_ament_install']
[3.028s] Level 1:colcon.colcon_core.package_identification:_identify(/home/berko-vm/ros2_ws/src/install) by extension 'ignore'
[3.028s] Level 1:colcon.colcon_core.package_identification:_identify(/home/berko-vm/ros2_ws/src/install) ignored
[3.029s] Level 1:colcon.colcon_core.package_identification:_identify(/home/berko-vm/ros2_ws/src/log) by extensions ['ignore', 'ignore_ament_install']
[3.029s] Level 1:colcon.colcon_core.package_identification:_identify(/home/berko-vm/ros2_ws/src/log) by extension 'ignore'
[3.029s] Level 1:colcon.colcon_core.package_identification:_identify(/home/berko-vm/ros2_ws/src/log) ignored
[3.029s] Level 1:colcon.colcon_core.package_identification:_identify(/home/berko-vm/ros2_ws/src/pkg_antenna_modus) by extensions ['ignore', 'ignore_ament_install']
[3.030s] Level 1:colcon.colcon_core.package_identification:_identify(/home/berko-vm/ros2_ws/src/pkg_antenna_modus) by extension 'ignore'
[3.030s] Level 1:colcon.colcon_core.package_identification:_identify(/home/berko-vm/ros2_ws/src/pkg_antenna_modus) by extension 'ignore_ament_install'
[3.030s] Level 1:colcon.colcon_core.package_identification:_identify(/home/berko-vm/ros2_ws/src/pkg_antenna_modus) by extensions ['colcon_pkg']
[3.030s] Level 1:colcon.colcon_core.package_identification:_identify(/home/berko-vm/ros2_ws/src/pkg_antenna_modus) by extension 'colcon_pkg'
[3.030s] Level 1:colcon.colcon_core.package_identification:_identify(/home/berko-vm/ros2_ws/src/pkg_antenna_modus) by extensions ['colcon_meta']
[3.030s] Level 1:colcon.colcon_core.package_identification:_identify(/home/berko-vm/ros2_ws/src/pkg_antenna_modus) by extension 'colcon_meta'
[3.031s] Level 1:colcon.colcon_core.package_identification:_identify(/home/berko-vm/ros2_ws/src/pkg_antenna_modus) by extensions ['ros']
[3.031s] Level 1:colcon.colcon_core.package_identification:_identify(/home/berko-vm/ros2_ws/src/pkg_antenna_modus) by extension 'ros'
[3.042s] DEBUG:colcon.colcon_core.package_identification:Package '/home/berko-vm/ros2_ws/src/pkg_antenna_modus' with type 'ros.ament_python' and name 'pkg_antenna_modus'
[3.042s] Level 1:colcon.colcon_core.package_identification:_identify(/home/berko-vm/ros2_ws/src/pkg_img) by extensions ['ignore', 'ignore_ament_install']
[3.043s] Level 1:colcon.colcon_core.package_identification:_identify(/home/berko-vm/ros2_ws/src/pkg_img) by extension 'ignore'
[3.043s] Level 1:colcon.colcon_core.package_identification:_identify(/home/berko-vm/ros2_ws/src/pkg_img) by extension 'ignore_ament_install'
[3.043s] Level 1:colcon.colcon_core.package_identification:_identify(/home/berko-vm/ros2_ws/src/pkg_img) by extensions ['colcon_pkg']
[3.043s] Level 1:colcon.colcon_core.package_identification:_identify(/home/berko-vm/ros2_ws/src/pkg_img) by extension 'colcon_pkg'
[3.043s] Level 1:colcon.colcon_core.package_identification:_identify(/home/berko-vm/ros2_ws/src/pkg_img) by extensions ['colcon_meta']
[3.043s] Level 1:colcon.colcon_core.package_identification:_identify(/home/berko-vm/ros2_ws/src/pkg_img) by extension 'colcon_meta'
[3.043s] Level 1:colcon.colcon_core.package_identification:_identify(/home/berko-vm/ros2_ws/src/pkg_img) by extensions ['ros']
[3.043s] Level 1:colcon.colcon_core.package_identification:_identify(/home/berko-vm/ros2_ws/src/pkg_img) by extension 'ros'
[3.047s] DEBUG:colcon.colcon_core.package_identification:Package '/home/berko-vm/ros2_ws/src/pkg_img' with type 'ros.ament_python' and name 'pkg_img'
[3.047s] Level 1:colcon.colcon_core.package_discovery:discover_packages(recursive) using defaults
