[2.488s] Invoking command in '/home/berko-vm/ros2_ws/src/launch_pkg': PYTHONPATH=/home/berko-vm/ros2_ws/src/build/launch_pkg/prefix_override:/usr/lib/python3/dist-packages/colcon_core/task/python/colcon_distutils_commands:/home/berko-vm/ros2_ws/src/install/launch_pkg/lib/python3.10/site-packages:${PYTHONPATH} /usr/bin/python3 -W ignore:setup.py install is deprecated -W ignore:easy_install command is deprecated setup.py egg_info --egg-base ../build/launch_pkg build --build-base /home/berko-vm/ros2_ws/src/build/launch_pkg/build install --record /home/berko-vm/ros2_ws/src/build/launch_pkg/install.log --single-version-externally-managed install_data
[2.989s] running egg_info
[2.989s] creating ../build/launch_pkg/launch_pkg.egg-info
[2.990s] writing ../build/launch_pkg/launch_pkg.egg-info/PKG-INFO
[2.990s] writing dependency_links to ../build/launch_pkg/launch_pkg.egg-info/dependency_links.txt
[2.990s] writing entry points to ../build/launch_pkg/launch_pkg.egg-info/entry_points.txt
[2.990s] writing requirements to ../build/launch_pkg/launch_pkg.egg-info/requires.txt
[2.991s] writing top-level names to ../build/launch_pkg/launch_pkg.egg-info/top_level.txt
[2.991s] writing manifest file '../build/launch_pkg/launch_pkg.egg-info/SOURCES.txt'
[2.993s] reading manifest file '../build/launch_pkg/launch_pkg.egg-info/SOURCES.txt'
[2.995s] writing manifest file '../build/launch_pkg/launch_pkg.egg-info/SOURCES.txt'
[2.996s] running build
[2.996s] running build_py
[2.996s] creating /home/berko-vm/ros2_ws/src/build/launch_pkg/build
[2.998s] creating /home/berko-vm/ros2_ws/src/build/launch_pkg/build/lib
[2.998s] creating /home/berko-vm/ros2_ws/src/build/launch_pkg/build/lib/launch_pkg
[2.998s] copying launch_pkg/__init__.py -> /home/berko-vm/ros2_ws/src/build/launch_pkg/build/lib/launch_pkg
[2.998s] running install
[2.999s] running install_lib
[3.002s] creating /home/berko-vm/ros2_ws/src/install/launch_pkg/lib/python3.10/site-packages/launch_pkg
[3.003s] copying /home/berko-vm/ros2_ws/src/build/launch_pkg/build/lib/launch_pkg/__init__.py -> /home/berko-vm/ros2_ws/src/install/launch_pkg/lib/python3.10/site-packages/launch_pkg
[3.003s] byte-compiling /home/berko-vm/ros2_ws/src/install/launch_pkg/lib/python3.10/site-packages/launch_pkg/__init__.py to __init__.cpython-310.pyc
[3.003s] running install_data
[3.004s] creating /home/berko-vm/ros2_ws/src/install/launch_pkg/share/ament_index
[3.008s] creating /home/berko-vm/ros2_ws/src/install/launch_pkg/share/ament_index/resource_index
[3.008s] creating /home/berko-vm/ros2_ws/src/install/launch_pkg/share/ament_index/resource_index/packages
[3.009s] copying resource/launch_pkg -> /home/berko-vm/ros2_ws/src/install/launch_pkg/share/ament_index/resource_index/packages
[3.009s] copying package.xml -> /home/berko-vm/ros2_ws/src/install/launch_pkg/share/launch_pkg
[3.009s] creating /home/berko-vm/ros2_ws/src/install/launch_pkg/share/launch_pkg/launch
[3.009s] copying launch/start_all.py -> /home/berko-vm/ros2_ws/src/install/launch_pkg/share/launch_pkg/launch
[3.009s] running install_egg_info
[3.009s] Copying ../build/launch_pkg/launch_pkg.egg-info to /home/berko-vm/ros2_ws/src/install/launch_pkg/lib/python3.10/site-packages/launch_pkg-0.0.0-py3.10.egg-info
[3.011s] running install_scripts
[3.053s] writing list of installed files to '/home/berko-vm/ros2_ws/src/build/launch_pkg/install.log'
[3.123s] Invoked command in '/home/berko-vm/ros2_ws/src/launch_pkg' returned '0': PYTHONPATH=/home/berko-vm/ros2_ws/src/build/launch_pkg/prefix_override:/usr/lib/python3/dist-packages/colcon_core/task/python/colcon_distutils_commands:/home/berko-vm/ros2_ws/src/install/launch_pkg/lib/python3.10/site-packages:${PYTHONPATH} /usr/bin/python3 -W ignore:setup.py install is deprecated -W ignore:easy_install command is deprecated setup.py egg_info --egg-base ../build/launch_pkg build --build-base /home/berko-vm/ros2_ws/src/build/launch_pkg/build install --record /home/berko-vm/ros2_ws/src/build/launch_pkg/install.log --single-version-externally-managed install_data
