[1.575s] Invoking command in '/home/berko-vm/ros2_ws/src/pkg_img': PYTHONPATH=/home/berko-vm/ros2_ws/build/pkg_img/prefix_override:/usr/lib/python3/dist-packages/colcon_core/task/python/colcon_distutils_commands:/home/berko-vm/ros2_ws/install/pkg_img/lib/python3.10/site-packages:${PYTHONPATH} /usr/bin/python3 -W ignore:setup.py install is deprecated -W ignore:easy_install command is deprecated setup.py egg_info --egg-base ../../build/pkg_img build --build-base /home/berko-vm/ros2_ws/build/pkg_img/build install --record /home/berko-vm/ros2_ws/build/pkg_img/install.log --single-version-externally-managed install_data
[2.175s] running egg_info
[2.176s] writing ../../build/pkg_img/pkg_img.egg-info/PKG-INFO
[2.178s] writing dependency_links to ../../build/pkg_img/pkg_img.egg-info/dependency_links.txt
[2.179s] writing entry points to ../../build/pkg_img/pkg_img.egg-info/entry_points.txt
[2.181s] writing requirements to ../../build/pkg_img/pkg_img.egg-info/requires.txt
[2.181s] writing top-level names to ../../build/pkg_img/pkg_img.egg-info/top_level.txt
[2.185s] reading manifest file '../../build/pkg_img/pkg_img.egg-info/SOURCES.txt'
[2.188s] writing manifest file '../../build/pkg_img/pkg_img.egg-info/SOURCES.txt'
[2.188s] running build
[2.188s] running build_py
[2.189s] copying pkg_img/camera_node.py -> /home/berko-vm/ros2_ws/build/pkg_img/build/lib/pkg_img
[2.190s] running install
[2.191s] running install_lib
[2.194s] copying /home/berko-vm/ros2_ws/build/pkg_img/build/lib/pkg_img/camera_node.py -> /home/berko-vm/ros2_ws/install/pkg_img/lib/python3.10/site-packages/pkg_img
[2.196s] byte-compiling /home/berko-vm/ros2_ws/install/pkg_img/lib/python3.10/site-packages/pkg_img/camera_node.py to camera_node.cpython-310.pyc
[2.197s] running install_data
[2.198s] running install_egg_info
[2.204s] removing '/home/berko-vm/ros2_ws/install/pkg_img/lib/python3.10/site-packages/pkg_img-0.0.0-py3.10.egg-info' (and everything under it)
[2.205s] Copying ../../build/pkg_img/pkg_img.egg-info to /home/berko-vm/ros2_ws/install/pkg_img/lib/python3.10/site-packages/pkg_img-0.0.0-py3.10.egg-info
[2.210s] running install_scripts
[2.262s] Installing cam_publisher script to /home/berko-vm/ros2_ws/install/pkg_img/lib/pkg_img
[2.266s] writing list of installed files to '/home/berko-vm/ros2_ws/build/pkg_img/install.log'
[2.326s] Invoked command in '/home/berko-vm/ros2_ws/src/pkg_img' returned '0': PYTHONPATH=/home/berko-vm/ros2_ws/build/pkg_img/prefix_override:/usr/lib/python3/dist-packages/colcon_core/task/python/colcon_distutils_commands:/home/berko-vm/ros2_ws/install/pkg_img/lib/python3.10/site-packages:${PYTHONPATH} /usr/bin/python3 -W ignore:setup.py install is deprecated -W ignore:easy_install command is deprecated setup.py egg_info --egg-base ../../build/pkg_img build --build-base /home/berko-vm/ros2_ws/build/pkg_img/build install --record /home/berko-vm/ros2_ws/build/pkg_img/install.log --single-version-externally-managed install_data
