[0.420s] DEBUG:colcon:Command line arguments: ['/usr/bin/colcon', 'build']
[0.420s] DEBUG:colcon:Parsed command line arguments: Namespace(log_base=None, log_level=None, verb_name='build', build_base='build', install_base='install', merge_install=False, symlink_install=False, test_result_base=None, continue_on_error=False, executor='parallel', parallel_workers=4, event_handlers=None, ignore_user_meta=False, metas=['./colcon.meta'], base_paths=['.'], packages_ignore=None, packages_ignore_regex=None, paths=None, packages_up_to=None, packages_up_to_regex=None, packages_above=None, packages_above_and_dependencies=None, packages_above_depth=None, packages_select_by_dep=None, packages_skip_by_dep=None, packages_skip_up_to=None, packages_select_build_failed=False, packages_skip_build_finished=False, packages_select_test_failures=False, packages_skip_test_passed=False, packages_select=None, packages_skip=None, packages_select_regex=None, packages_skip_regex=None, packages_start=None, packages_end=None, allow_overriding=[], cmake_args=None, cmake_target=None, cmake_target_skip_unavailable=False, cmake_clean_cache=False, cmake_clean_first=False, cmake_force_configure=False, ament_cmake_args=None, catkin_cmake_args=None, catkin_skip_building_tests=False, verb_parser=<colcon_defaults.argument_parser.defaults.DefaultArgumentsDecorator object at 0x78cb2eeb3df0>, verb_extension=<colcon_core.verb.build.BuildVerb object at 0x78cb2f06d150>, main=<bound method BuildVerb.main of <colcon_core.verb.build.BuildVerb object at 0x78cb2f06d150>>)
[1.076s] Level 1:colcon.colcon_core.package_discovery:discover_packages(colcon_meta) check parameters
[1.077s] Level 1:colcon.colcon_core.package_discovery:discover_packages(recursive) check parameters
[1.077s] Level 1:colcon.colcon_core.package_discovery:discover_packages(ignore) check parameters
[1.077s] Level 1:colcon.colcon_core.package_discovery:discover_packages(path) check parameters
[1.077s] Level 1:colcon.colcon_core.package_discovery:discover_packages(colcon_meta) discover
[1.077s] Level 1:colcon.colcon_core.package_discovery:discover_packages(recursive) discover
[1.077s] INFO:colcon.colcon_core.package_discovery:Crawling recursively for packages in '/home/berko-vm/ros2_ws'
[1.078s] Level 1:colcon.colcon_core.package_identification:_identify(.) by extensions ['ignore', 'ignore_ament_install']
[1.078s] Level 1:colcon.colcon_core.package_identification:_identify(.) by extension 'ignore'
[1.078s] Level 1:colcon.colcon_core.package_identification:_identify(.) by extension 'ignore_ament_install'
[1.078s] Level 1:colcon.colcon_core.package_identification:_identify(.) by extensions ['colcon_pkg']
[1.078s] Level 1:colcon.colcon_core.package_identification:_identify(.) by extension 'colcon_pkg'
[1.078s] Level 1:colcon.colcon_core.package_identification:_identify(.) by extensions ['colcon_meta']
[1.078s] Level 1:colcon.colcon_core.package_identification:_identify(.) by extension 'colcon_meta'
[1.078s] Level 1:colcon.colcon_core.package_identification:_identify(.) by extensions ['ros']
[1.078s] Level 1:colcon.colcon_core.package_identification:_identify(.) by extension 'ros'
[1.104s] Level 1:colcon.colcon_core.package_identification:_identify(.) by extensions ['cmake', 'python']
[1.104s] Level 1:colcon.colcon_core.package_identification:_identify(.) by extension 'cmake'
[1.104s] Level 1:colcon.colcon_core.package_identification:_identify(.) by extension 'python'
[1.104s] Level 1:colcon.colcon_core.package_identification:_identify(.) by extensions ['python_setup_py']
[1.104s] Level 1:colcon.colcon_core.package_identification:_identify(.) by extension 'python_setup_py'
[1.105s] Level 1:colcon.colcon_core.package_identification:_identify(build) by extensions ['ignore', 'ignore_ament_install']
[1.105s] Level 1:colcon.colcon_core.package_identification:_identify(build) by extension 'ignore'
[1.105s] Level 1:colcon.colcon_core.package_identification:_identify(build) ignored
[1.106s] Level 1:colcon.colcon_core.package_identification:_identify(install) by extensions ['ignore', 'ignore_ament_install']
[1.106s] Level 1:colcon.colcon_core.package_identification:_identify(install) by extension 'ignore'
[1.106s] Level 1:colcon.colcon_core.package_identification:_identify(install) ignored
[1.106s] Level 1:colcon.colcon_core.package_identification:_identify(log) by extensions ['ignore', 'ignore_ament_install']
[1.107s] Level 1:colcon.colcon_core.package_identification:_identify(log) by extension 'ignore'
[1.107s] Level 1:colcon.colcon_core.package_identification:_identify(log) ignored
[1.107s] Level 1:colcon.colcon_core.package_identification:_identify(src) by extensions ['ignore', 'ignore_ament_install']
[1.107s] Level 1:colcon.colcon_core.package_identification:_identify(src) by extension 'ignore'
[1.107s] Level 1:colcon.colcon_core.package_identification:_identify(src) by extension 'ignore_ament_install'
[1.107s] Level 1:colcon.colcon_core.package_identification:_identify(src) by extensions ['colcon_pkg']
[1.107s] Level 1:colcon.colcon_core.package_identification:_identify(src) by extension 'colcon_pkg'
[1.107s] Level 1:colcon.colcon_core.package_identification:_identify(src) by extensions ['colcon_meta']
[1.107s] Level 1:colcon.colcon_core.package_identification:_identify(src) by extension 'colcon_meta'
[1.107s] Level 1:colcon.colcon_core.package_identification:_identify(src) by extensions ['ros']
[1.107s] Level 1:colcon.colcon_core.package_identification:_identify(src) by extension 'ros'
[1.108s] Level 1:colcon.colcon_core.package_identification:_identify(src) by extensions ['cmake', 'python']
[1.108s] Level 1:colcon.colcon_core.package_identification:_identify(src) by extension 'cmake'
[1.108s] Level 1:colcon.colcon_core.package_identification:_identify(src) by extension 'python'
[1.108s] Level 1:colcon.colcon_core.package_identification:_identify(src) by extensions ['python_setup_py']
[1.108s] Level 1:colcon.colcon_core.package_identification:_identify(src) by extension 'python_setup_py'
[1.109s] Level 1:colcon.colcon_core.package_identification:_identify(src/build) by extensions ['ignore', 'ignore_ament_install']
[1.109s] Level 1:colcon.colcon_core.package_identification:_identify(src/build) by extension 'ignore'
[1.109s] Level 1:colcon.colcon_core.package_identification:_identify(src/build) ignored
[1.110s] Level 1:colcon.colcon_core.package_identification:_identify(src/install) by extensions ['ignore', 'ignore_ament_install']
[1.110s] Level 1:colcon.colcon_core.package_identification:_identify(src/install) by extension 'ignore'
[1.111s] Level 1:colcon.colcon_core.package_identification:_identify(src/install) ignored
[1.111s] Level 1:colcon.colcon_core.package_identification:_identify(src/launch_pkg) by extensions ['ignore', 'ignore_ament_install']
[1.111s] Level 1:colcon.colcon_core.package_identification:_identify(src/launch_pkg) by extension 'ignore'
[1.111s] Level 1:colcon.colcon_core.package_identification:_identify(src/launch_pkg) by extension 'ignore_ament_install'
[1.111s] Level 1:colcon.colcon_core.package_identification:_identify(src/launch_pkg) by extensions ['colcon_pkg']
[1.111s] Level 1:colcon.colcon_core.package_identification:_identify(src/launch_pkg) by extension 'colcon_pkg'
[1.111s] Level 1:colcon.colcon_core.package_identification:_identify(src/launch_pkg) by extensions ['colcon_meta']
[1.111s] Level 1:colcon.colcon_core.package_identification:_identify(src/launch_pkg) by extension 'colcon_meta'
[1.112s] Level 1:colcon.colcon_core.package_identification:_identify(src/launch_pkg) by extensions ['ros']
[1.112s] Level 1:colcon.colcon_core.package_identification:_identify(src/launch_pkg) by extension 'ros'
[1.120s] DEBUG:colcon.colcon_core.package_identification:Package 'src/launch_pkg' with type 'ros.ament_python' and name 'launch_pkg'
[1.120s] Level 1:colcon.colcon_core.package_identification:_identify(src/log) by extensions ['ignore', 'ignore_ament_install']
[1.120s] Level 1:colcon.colcon_core.package_identification:_identify(src/log) by extension 'ignore'
[1.120s] Level 1:colcon.colcon_core.package_identification:_identify(src/log) ignored
[1.121s] Level 1:colcon.colcon_core.package_identification:_identify(src/pkg_antenna_modus) by extensions ['ignore', 'ignore_ament_install']
[1.121s] Level 1:colcon.colcon_core.package_identification:_identify(src/pkg_antenna_modus) by extension 'ignore'
[1.121s] Level 1:colcon.colcon_core.package_identification:_identify(src/pkg_antenna_modus) by extension 'ignore_ament_install'
[1.121s] Level 1:colcon.colcon_core.package_identification:_identify(src/pkg_antenna_modus) by extensions ['colcon_pkg']
[1.121s] Level 1:colcon.colcon_core.package_identification:_identify(src/pkg_antenna_modus) by extension 'colcon_pkg'
[1.121s] Level 1:colcon.colcon_core.package_identification:_identify(src/pkg_antenna_modus) by extensions ['colcon_meta']
[1.121s] Level 1:colcon.colcon_core.package_identification:_identify(src/pkg_antenna_modus) by extension 'colcon_meta'
[1.121s] Level 1:colcon.colcon_core.package_identification:_identify(src/pkg_antenna_modus) by extensions ['ros']
[1.121s] Level 1:colcon.colcon_core.package_identification:_identify(src/pkg_antenna_modus) by extension 'ros'
[1.123s] DEBUG:colcon.colcon_core.package_identification:Package 'src/pkg_antenna_modus' with type 'ros.ament_python' and name 'pkg_antenna_modus'
[1.124s] Level 1:colcon.colcon_core.package_identification:_identify(src/pkg_img) by extensions ['ignore', 'ignore_ament_install']
[1.124s] Level 1:colcon.colcon_core.package_identification:_identify(src/pkg_img) by extension 'ignore'
[1.124s] Level 1:colcon.colcon_core.package_identification:_identify(src/pkg_img) by extension 'ignore_ament_install'
[1.124s] Level 1:colcon.colcon_core.package_identification:_identify(src/pkg_img) by extensions ['colcon_pkg']
[1.124s] Level 1:colcon.colcon_core.package_identification:_identify(src/pkg_img) by extension 'colcon_pkg'
[1.124s] Level 1:colcon.colcon_core.package_identification:_identify(src/pkg_img) by extensions ['colcon_meta']
[1.124s] Level 1:colcon.colcon_core.package_identification:_identify(src/pkg_img) by extension 'colcon_meta'
[1.124s] Level 1:colcon.colcon_core.package_identification:_identify(src/pkg_img) by extensions ['ros']
[1.124s] Level 1:colcon.colcon_core.package_identification:_identify(src/pkg_img) by extension 'ros'
[1.126s] DEBUG:colcon.colcon_core.package_identification:Package 'src/pkg_img' with type 'ros.ament_python' and name 'pkg_img'
[1.126s] Level 1:colcon.colcon_core.package_discovery:discover_packages(recursive) using defaults
[1.126s] Level 1:colcon.colcon_core.package_discovery:discover_packages(ignore) discover
[1.127s] Level 1:colcon.colcon_core.package_discovery:discover_packages(ignore) using defaults
[1.127s] Level 1:colcon.colcon_core.package_discovery:discover_packages(path) discover
[1.127s] Level 1:colcon.colcon_core.package_discovery:discover_packages(path) using defaults
[1.183s] Level 1:colcon.colcon_core.package_discovery:discover_packages(prefix_path) check parameters
[1.183s] Level 1:colcon.colcon_core.package_discovery:discover_packages(prefix_path) discover
[1.193s] DEBUG:colcon.colcon_installed_package_information.package_discovery:Found 2 installed packages in /home/berko-vm/ros2_ws/install
[1.198s] DEBUG:colcon.colcon_installed_package_information.package_discovery:Found 271 installed packages in /opt/ros/humble
[1.202s] Level 1:colcon.colcon_core.package_discovery:discover_packages(prefix_path) using defaults
[1.453s] Level 5:colcon.colcon_core.verb:set package 'launch_pkg' build argument 'cmake_args' from command line to 'None'
[1.453s] Level 5:colcon.colcon_core.verb:set package 'launch_pkg' build argument 'cmake_target' from command line to 'None'
[1.453s] Level 5:colcon.colcon_core.verb:set package 'launch_pkg' build argument 'cmake_target_skip_unavailable' from command line to 'False'
[1.453s] Level 5:colcon.colcon_core.verb:set package 'launch_pkg' build argument 'cmake_clean_cache' from command line to 'False'
[1.453s] Level 5:colcon.colcon_core.verb:set package 'launch_pkg' build argument 'cmake_clean_first' from command line to 'False'
[1.453s] Level 5:colcon.colcon_core.verb:set package 'launch_pkg' build argument 'cmake_force_configure' from command line to 'False'
[1.453s] Level 5:colcon.colcon_core.verb:set package 'launch_pkg' build argument 'ament_cmake_args' from command line to 'None'
[1.453s] Level 5:colcon.colcon_core.verb:set package 'launch_pkg' build argument 'catkin_cmake_args' from command line to 'None'
[1.453s] Level 5:colcon.colcon_core.verb:set package 'launch_pkg' build argument 'catkin_skip_building_tests' from command line to 'False'
[1.453s] DEBUG:colcon.colcon_core.verb:Building package 'launch_pkg' with the following arguments: {'ament_cmake_args': None, 'build_base': '/home/berko-vm/ros2_ws/build/launch_pkg', 'catkin_cmake_args': None, 'catkin_skip_building_tests': False, 'cmake_args': None, 'cmake_clean_cache': False, 'cmake_clean_first': False, 'cmake_force_configure': False, 'cmake_target': None, 'cmake_target_skip_unavailable': False, 'install_base': '/home/berko-vm/ros2_ws/install/launch_pkg', 'merge_install': False, 'path': '/home/berko-vm/ros2_ws/src/launch_pkg', 'symlink_install': False, 'test_result_base': None}
[1.454s] Level 5:colcon.colcon_core.verb:set package 'pkg_antenna_modus' build argument 'cmake_args' from command line to 'None'
[1.454s] Level 5:colcon.colcon_core.verb:set package 'pkg_antenna_modus' build argument 'cmake_target' from command line to 'None'
[1.454s] Level 5:colcon.colcon_core.verb:set package 'pkg_antenna_modus' build argument 'cmake_target_skip_unavailable' from command line to 'False'
[1.454s] Level 5:colcon.colcon_core.verb:set package 'pkg_antenna_modus' build argument 'cmake_clean_cache' from command line to 'False'
[1.455s] Level 5:colcon.colcon_core.verb:set package 'pkg_antenna_modus' build argument 'cmake_clean_first' from command line to 'False'
[1.455s] Level 5:colcon.colcon_core.verb:set package 'pkg_antenna_modus' build argument 'cmake_force_configure' from command line to 'False'
[1.455s] Level 5:colcon.colcon_core.verb:set package 'pkg_antenna_modus' build argument 'ament_cmake_args' from command line to 'None'
[1.455s] Level 5:colcon.colcon_core.verb:set package 'pkg_antenna_modus' build argument 'catkin_cmake_args' from command line to 'None'
[1.455s] Level 5:colcon.colcon_core.verb:set package 'pkg_antenna_modus' build argument 'catkin_skip_building_tests' from command line to 'False'
[1.455s] DEBUG:colcon.colcon_core.verb:Building package 'pkg_antenna_modus' with the following arguments: {'ament_cmake_args': None, 'build_base': '/home/berko-vm/ros2_ws/build/pkg_antenna_modus', 'catkin_cmake_args': None, 'catkin_skip_building_tests': False, 'cmake_args': None, 'cmake_clean_cache': False, 'cmake_clean_first': False, 'cmake_force_configure': False, 'cmake_target': None, 'cmake_target_skip_unavailable': False, 'install_base': '/home/berko-vm/ros2_ws/install/pkg_antenna_modus', 'merge_install': False, 'path': '/home/berko-vm/ros2_ws/src/pkg_antenna_modus', 'symlink_install': False, 'test_result_base': None}
[1.455s] Level 5:colcon.colcon_core.verb:set package 'pkg_img' build argument 'cmake_args' from command line to 'None'
[1.455s] Level 5:colcon.colcon_core.verb:set package 'pkg_img' build argument 'cmake_target' from command line to 'None'
[1.456s] Level 5:colcon.colcon_core.verb:set package 'pkg_img' build argument 'cmake_target_skip_unavailable' from command line to 'False'
[1.456s] Level 5:colcon.colcon_core.verb:set package 'pkg_img' build argument 'cmake_clean_cache' from command line to 'False'
[1.456s] Level 5:colcon.colcon_core.verb:set package 'pkg_img' build argument 'cmake_clean_first' from command line to 'False'
[1.456s] Level 5:colcon.colcon_core.verb:set package 'pkg_img' build argument 'cmake_force_configure' from command line to 'False'
[1.456s] Level 5:colcon.colcon_core.verb:set package 'pkg_img' build argument 'ament_cmake_args' from command line to 'None'
[1.456s] Level 5:colcon.colcon_core.verb:set package 'pkg_img' build argument 'catkin_cmake_args' from command line to 'None'
[1.456s] Level 5:colcon.colcon_core.verb:set package 'pkg_img' build argument 'catkin_skip_building_tests' from command line to 'False'
[1.456s] DEBUG:colcon.colcon_core.verb:Building package 'pkg_img' with the following arguments: {'ament_cmake_args': None, 'build_base': '/home/berko-vm/ros2_ws/build/pkg_img', 'catkin_cmake_args': None, 'catkin_skip_building_tests': False, 'cmake_args': None, 'cmake_clean_cache': False, 'cmake_clean_first': False, 'cmake_force_configure': False, 'cmake_target': None, 'cmake_target_skip_unavailable': False, 'install_base': '/home/berko-vm/ros2_ws/install/pkg_img', 'merge_install': False, 'path': '/home/berko-vm/ros2_ws/src/pkg_img', 'symlink_install': False, 'test_result_base': None}
[1.456s] INFO:colcon.colcon_core.executor:Executing jobs using 'parallel' executor
[1.458s] DEBUG:colcon.colcon_parallel_executor.executor.parallel:run_until_complete
[1.459s] INFO:colcon.colcon_ros.task.ament_python.build:Building ROS package in '/home/berko-vm/ros2_ws/src/launch_pkg' with build type 'ament_python'
[1.459s] Level 1:colcon.colcon_core.shell:create_environment_hook('launch_pkg', 'ament_prefix_path')
[1.470s] INFO:colcon.colcon_core.plugin_system:Skipping extension 'colcon_core.shell.bat': Not used on non-Windows systems
[1.470s] INFO:colcon.colcon_core.shell:Creating environment hook '/home/berko-vm/ros2_ws/install/launch_pkg/share/launch_pkg/hook/ament_prefix_path.ps1'
[1.473s] INFO:colcon.colcon_core.shell:Creating environment descriptor '/home/berko-vm/ros2_ws/install/launch_pkg/share/launch_pkg/hook/ament_prefix_path.dsv'
[1.476s] INFO:colcon.colcon_core.shell:Creating environment hook '/home/berko-vm/ros2_ws/install/launch_pkg/share/launch_pkg/hook/ament_prefix_path.sh'
[1.480s] INFO:colcon.colcon_core.shell:Skip shell extension 'powershell' for command environment: Not usable outside of PowerShell
[1.480s] DEBUG:colcon.colcon_core.shell:Skip shell extension 'dsv' for command environment
[1.490s] INFO:colcon.colcon_ros.task.ament_python.build:Building ROS package in '/home/berko-vm/ros2_ws/src/pkg_antenna_modus' with build type 'ament_python'
[1.491s] Level 1:colcon.colcon_core.shell:create_environment_hook('pkg_antenna_modus', 'ament_prefix_path')
[1.491s] INFO:colcon.colcon_core.shell:Creating environment hook '/home/berko-vm/ros2_ws/install/pkg_antenna_modus/share/pkg_antenna_modus/hook/ament_prefix_path.ps1'
[1.494s] INFO:colcon.colcon_core.shell:Creating environment descriptor '/home/berko-vm/ros2_ws/install/pkg_antenna_modus/share/pkg_antenna_modus/hook/ament_prefix_path.dsv'
[1.496s] INFO:colcon.colcon_core.shell:Creating environment hook '/home/berko-vm/ros2_ws/install/pkg_antenna_modus/share/pkg_antenna_modus/hook/ament_prefix_path.sh'
[1.499s] INFO:colcon.colcon_core.shell:Skip shell extension 'powershell' for command environment: Not usable outside of PowerShell
[1.499s] DEBUG:colcon.colcon_core.shell:Skip shell extension 'dsv' for command environment
[1.537s] INFO:colcon.colcon_ros.task.ament_python.build:Building ROS package in '/home/berko-vm/ros2_ws/src/pkg_img' with build type 'ament_python'
[1.537s] Level 1:colcon.colcon_core.shell:create_environment_hook('pkg_img', 'ament_prefix_path')
[1.538s] INFO:colcon.colcon_core.shell:Creating environment hook '/home/berko-vm/ros2_ws/install/pkg_img/share/pkg_img/hook/ament_prefix_path.ps1'
[1.542s] INFO:colcon.colcon_core.shell:Creating environment descriptor '/home/berko-vm/ros2_ws/install/pkg_img/share/pkg_img/hook/ament_prefix_path.dsv'
[1.544s] INFO:colcon.colcon_core.shell:Creating environment hook '/home/berko-vm/ros2_ws/install/pkg_img/share/pkg_img/hook/ament_prefix_path.sh'
[1.546s] INFO:colcon.colcon_core.shell:Skip shell extension 'powershell' for command environment: Not usable outside of PowerShell
[1.547s] DEBUG:colcon.colcon_core.shell:Skip shell extension 'dsv' for command environment
[2.413s] INFO:colcon.colcon_core.task.python.build:Building Python package in '/home/berko-vm/ros2_ws/src/launch_pkg'
[2.414s] INFO:colcon.colcon_core.shell:Skip shell extension 'powershell' for command environment: Not usable outside of PowerShell
[2.414s] DEBUG:colcon.colcon_core.shell:Skip shell extension 'dsv' for command environment
[3.049s] INFO:colcon.colcon_core.task.python.build:Building Python package in '/home/berko-vm/ros2_ws/src/pkg_antenna_modus'
[3.049s] INFO:colcon.colcon_core.shell:Skip shell extension 'powershell' for command environment: Not usable outside of PowerShell
[3.050s] DEBUG:colcon.colcon_core.shell:Skip shell extension 'dsv' for command environment
[3.708s] INFO:colcon.colcon_core.task.python.build:Building Python package in '/home/berko-vm/ros2_ws/src/pkg_img'
[3.709s] INFO:colcon.colcon_core.shell:Skip shell extension 'powershell' for command environment: Not usable outside of PowerShell
[3.709s] DEBUG:colcon.colcon_core.shell:Skip shell extension 'dsv' for command environment
[4.856s] DEBUG:colcon.colcon_core.event_handler.log_command:Invoking command in '/home/berko-vm/ros2_ws/src/pkg_img': PYTHONPATH=/home/berko-vm/ros2_ws/build/pkg_img/prefix_override:/usr/lib/python3/dist-packages/colcon_core/task/python/colcon_distutils_commands:/home/berko-vm/ros2_ws/install/pkg_img/lib/python3.10/site-packages:${PYTHONPATH} /usr/bin/python3 -W ignore:setup.py install is deprecated -W ignore:easy_install command is deprecated setup.py egg_info --egg-base ../../build/pkg_img build --build-base /home/berko-vm/ros2_ws/build/pkg_img/build install --record /home/berko-vm/ros2_ws/build/pkg_img/install.log --single-version-externally-managed install_data
[4.872s] DEBUG:colcon.colcon_core.event_handler.log_command:Invoking command in '/home/berko-vm/ros2_ws/src/pkg_antenna_modus': PYTHONPATH=/home/berko-vm/ros2_ws/build/pkg_antenna_modus/prefix_override:/usr/lib/python3/dist-packages/colcon_core/task/python/colcon_distutils_commands:/home/berko-vm/ros2_ws/install/pkg_antenna_modus/lib/python3.10/site-packages:${PYTHONPATH} /usr/bin/python3 -W ignore:setup.py install is deprecated -W ignore:easy_install command is deprecated setup.py egg_info --egg-base ../../build/pkg_antenna_modus build --build-base /home/berko-vm/ros2_ws/build/pkg_antenna_modus/build install --record /home/berko-vm/ros2_ws/build/pkg_antenna_modus/install.log --single-version-externally-managed install_data
[5.000s] DEBUG:colcon.colcon_core.event_handler.log_command:Invoking command in '/home/berko-vm/ros2_ws/src/launch_pkg': PYTHONPATH=/home/berko-vm/ros2_ws/build/launch_pkg/prefix_override:/usr/lib/python3/dist-packages/colcon_core/task/python/colcon_distutils_commands:/home/berko-vm/ros2_ws/install/launch_pkg/lib/python3.10/site-packages:${PYTHONPATH} /usr/bin/python3 -W ignore:setup.py install is deprecated -W ignore:easy_install command is deprecated setup.py egg_info --egg-base ../../build/launch_pkg build --build-base /home/berko-vm/ros2_ws/build/launch_pkg/build install --record /home/berko-vm/ros2_ws/build/launch_pkg/install.log --single-version-externally-managed install_data
[5.752s] DEBUG:colcon.colcon_core.event_handler.log_command:Invoked command in '/home/berko-vm/ros2_ws/src/pkg_img' returned '0': PYTHONPATH=/home/berko-vm/ros2_ws/build/pkg_img/prefix_override:/usr/lib/python3/dist-packages/colcon_core/task/python/colcon_distutils_commands:/home/berko-vm/ros2_ws/install/pkg_img/lib/python3.10/site-packages:${PYTHONPATH} /usr/bin/python3 -W ignore:setup.py install is deprecated -W ignore:easy_install command is deprecated setup.py egg_info --egg-base ../../build/pkg_img build --build-base /home/berko-vm/ros2_ws/build/pkg_img/build install --record /home/berko-vm/ros2_ws/build/pkg_img/install.log --single-version-externally-managed install_data
[5.771s] Level 1:colcon.colcon_core.environment:checking '/home/berko-vm/ros2_ws/install/pkg_img' for CMake module files
[5.775s] Level 1:colcon.colcon_core.environment:checking '/home/berko-vm/ros2_ws/install/pkg_img' for CMake config files
[5.780s] Level 1:colcon.colcon_core.environment:checking '/home/berko-vm/ros2_ws/install/pkg_img/lib'
[5.781s] Level 1:colcon.colcon_core.environment:checking '/home/berko-vm/ros2_ws/install/pkg_img/bin'
[5.781s] Level 1:colcon.colcon_core.environment:checking '/home/berko-vm/ros2_ws/install/pkg_img/lib/pkgconfig/pkg_img.pc'
[5.782s] Level 1:colcon.colcon_core.environment:checking '/home/berko-vm/ros2_ws/install/pkg_img/lib/python3.10/site-packages'
[5.782s] Level 1:colcon.colcon_core.shell:create_environment_hook('pkg_img', 'pythonpath')
[5.783s] INFO:colcon.colcon_core.shell:Creating environment hook '/home/berko-vm/ros2_ws/install/pkg_img/share/pkg_img/hook/pythonpath.ps1'
[5.785s] INFO:colcon.colcon_core.shell:Creating environment descriptor '/home/berko-vm/ros2_ws/install/pkg_img/share/pkg_img/hook/pythonpath.dsv'
[5.786s] INFO:colcon.colcon_core.shell:Creating environment hook '/home/berko-vm/ros2_ws/install/pkg_img/share/pkg_img/hook/pythonpath.sh'
[5.788s] Level 1:colcon.colcon_core.environment:checking '/home/berko-vm/ros2_ws/install/pkg_img/bin'
[5.788s] Level 1:colcon.colcon_core.environment:create_environment_scripts_only(pkg_img)
[5.789s] INFO:colcon.colcon_core.shell:Creating package script '/home/berko-vm/ros2_ws/install/pkg_img/share/pkg_img/package.ps1'
[5.792s] INFO:colcon.colcon_core.shell:Creating package descriptor '/home/berko-vm/ros2_ws/install/pkg_img/share/pkg_img/package.dsv'
[5.796s] INFO:colcon.colcon_core.shell:Creating package script '/home/berko-vm/ros2_ws/install/pkg_img/share/pkg_img/package.sh'
[5.798s] INFO:colcon.colcon_core.shell:Creating package script '/home/berko-vm/ros2_ws/install/pkg_img/share/pkg_img/package.bash'
[5.802s] INFO:colcon.colcon_core.shell:Creating package script '/home/berko-vm/ros2_ws/install/pkg_img/share/pkg_img/package.zsh'
[5.805s] Level 1:colcon.colcon_core.environment:create_file_with_runtime_dependencies(/home/berko-vm/ros2_ws/install/pkg_img/share/colcon-core/packages/pkg_img)
[5.857s] Level 1:colcon.colcon_core.environment:checking '/home/berko-vm/ros2_ws/install/pkg_antenna_modus' for CMake module files
[5.858s] Level 1:colcon.colcon_core.environment:checking '/home/berko-vm/ros2_ws/install/pkg_antenna_modus' for CMake config files
[5.863s] Level 1:colcon.colcon_core.environment:checking '/home/berko-vm/ros2_ws/install/pkg_antenna_modus/lib'
[5.863s] Level 1:colcon.colcon_core.environment:checking '/home/berko-vm/ros2_ws/install/pkg_antenna_modus/bin'
[5.864s] Level 1:colcon.colcon_core.environment:checking '/home/berko-vm/ros2_ws/install/pkg_antenna_modus/lib/pkgconfig/pkg_antenna_modus.pc'
[5.866s] Level 1:colcon.colcon_core.environment:checking '/home/berko-vm/ros2_ws/install/pkg_antenna_modus/lib/python3.10/site-packages'
[5.866s] Level 1:colcon.colcon_core.shell:create_environment_hook('pkg_antenna_modus', 'pythonpath')
[5.868s] INFO:colcon.colcon_core.shell:Creating environment hook '/home/berko-vm/ros2_ws/install/pkg_antenna_modus/share/pkg_antenna_modus/hook/pythonpath.ps1'
[5.870s] DEBUG:colcon.colcon_core.event_handler.log_command:Invoked command in '/home/berko-vm/ros2_ws/src/pkg_antenna_modus' returned '0': PYTHONPATH=/home/berko-vm/ros2_ws/build/pkg_antenna_modus/prefix_override:/usr/lib/python3/dist-packages/colcon_core/task/python/colcon_distutils_commands:/home/berko-vm/ros2_ws/install/pkg_antenna_modus/lib/python3.10/site-packages:${PYTHONPATH} /usr/bin/python3 -W ignore:setup.py install is deprecated -W ignore:easy_install command is deprecated setup.py egg_info --egg-base ../../build/pkg_antenna_modus build --build-base /home/berko-vm/ros2_ws/build/pkg_antenna_modus/build install --record /home/berko-vm/ros2_ws/build/pkg_antenna_modus/install.log --single-version-externally-managed install_data
[5.874s] INFO:colcon.colcon_core.shell:Creating environment descriptor '/home/berko-vm/ros2_ws/install/pkg_antenna_modus/share/pkg_antenna_modus/hook/pythonpath.dsv'
[5.877s] INFO:colcon.colcon_core.shell:Creating environment hook '/home/berko-vm/ros2_ws/install/pkg_antenna_modus/share/pkg_antenna_modus/hook/pythonpath.sh'
[5.879s] Level 1:colcon.colcon_core.environment:checking '/home/berko-vm/ros2_ws/install/pkg_antenna_modus/bin'
[5.879s] Level 1:colcon.colcon_core.environment:create_environment_scripts_only(pkg_antenna_modus)
[5.881s] INFO:colcon.colcon_core.shell:Creating package script '/home/berko-vm/ros2_ws/install/pkg_antenna_modus/share/pkg_antenna_modus/package.ps1'
[5.882s] INFO:colcon.colcon_core.shell:Creating package descriptor '/home/berko-vm/ros2_ws/install/pkg_antenna_modus/share/pkg_antenna_modus/package.dsv'
[5.884s] INFO:colcon.colcon_core.shell:Creating package script '/home/berko-vm/ros2_ws/install/pkg_antenna_modus/share/pkg_antenna_modus/package.sh'
[5.886s] INFO:colcon.colcon_core.shell:Creating package script '/home/berko-vm/ros2_ws/install/pkg_antenna_modus/share/pkg_antenna_modus/package.bash'
[5.887s] INFO:colcon.colcon_core.shell:Creating package script '/home/berko-vm/ros2_ws/install/pkg_antenna_modus/share/pkg_antenna_modus/package.zsh'
[5.889s] Level 1:colcon.colcon_core.environment:create_file_with_runtime_dependencies(/home/berko-vm/ros2_ws/install/pkg_antenna_modus/share/colcon-core/packages/pkg_antenna_modus)
[5.991s] Level 1:colcon.colcon_core.environment:checking '/home/berko-vm/ros2_ws/install/launch_pkg' for CMake module files
[5.993s] DEBUG:colcon.colcon_core.event_handler.log_command:Invoked command in '/home/berko-vm/ros2_ws/src/launch_pkg' returned '0': PYTHONPATH=/home/berko-vm/ros2_ws/build/launch_pkg/prefix_override:/usr/lib/python3/dist-packages/colcon_core/task/python/colcon_distutils_commands:/home/berko-vm/ros2_ws/install/launch_pkg/lib/python3.10/site-packages:${PYTHONPATH} /usr/bin/python3 -W ignore:setup.py install is deprecated -W ignore:easy_install command is deprecated setup.py egg_info --egg-base ../../build/launch_pkg build --build-base /home/berko-vm/ros2_ws/build/launch_pkg/build install --record /home/berko-vm/ros2_ws/build/launch_pkg/install.log --single-version-externally-managed install_data
[5.994s] Level 1:colcon.colcon_core.environment:checking '/home/berko-vm/ros2_ws/install/launch_pkg' for CMake config files
[5.996s] Level 1:colcon.colcon_core.environment:checking '/home/berko-vm/ros2_ws/install/launch_pkg/lib'
[5.996s] Level 1:colcon.colcon_core.environment:checking '/home/berko-vm/ros2_ws/install/launch_pkg/bin'
[5.996s] Level 1:colcon.colcon_core.environment:checking '/home/berko-vm/ros2_ws/install/launch_pkg/lib/pkgconfig/launch_pkg.pc'
[5.997s] Level 1:colcon.colcon_core.environment:checking '/home/berko-vm/ros2_ws/install/launch_pkg/lib/python3.10/site-packages'
[5.997s] Level 1:colcon.colcon_core.shell:create_environment_hook('launch_pkg', 'pythonpath')
[5.998s] INFO:colcon.colcon_core.shell:Creating environment hook '/home/berko-vm/ros2_ws/install/launch_pkg/share/launch_pkg/hook/pythonpath.ps1'
[5.999s] INFO:colcon.colcon_core.shell:Creating environment descriptor '/home/berko-vm/ros2_ws/install/launch_pkg/share/launch_pkg/hook/pythonpath.dsv'
[6.000s] INFO:colcon.colcon_core.shell:Creating environment hook '/home/berko-vm/ros2_ws/install/launch_pkg/share/launch_pkg/hook/pythonpath.sh'
[6.001s] Level 1:colcon.colcon_core.environment:checking '/home/berko-vm/ros2_ws/install/launch_pkg/bin'
[6.002s] Level 1:colcon.colcon_core.environment:create_environment_scripts_only(launch_pkg)
[6.002s] INFO:colcon.colcon_core.shell:Creating package script '/home/berko-vm/ros2_ws/install/launch_pkg/share/launch_pkg/package.ps1'
[6.003s] INFO:colcon.colcon_core.shell:Creating package descriptor '/home/berko-vm/ros2_ws/install/launch_pkg/share/launch_pkg/package.dsv'
[6.004s] INFO:colcon.colcon_core.shell:Creating package script '/home/berko-vm/ros2_ws/install/launch_pkg/share/launch_pkg/package.sh'
[6.006s] INFO:colcon.colcon_core.shell:Creating package script '/home/berko-vm/ros2_ws/install/launch_pkg/share/launch_pkg/package.bash'
[6.007s] INFO:colcon.colcon_core.shell:Creating package script '/home/berko-vm/ros2_ws/install/launch_pkg/share/launch_pkg/package.zsh'
[6.007s] Level 1:colcon.colcon_core.environment:create_file_with_runtime_dependencies(/home/berko-vm/ros2_ws/install/launch_pkg/share/colcon-core/packages/launch_pkg)
[6.008s] DEBUG:colcon.colcon_parallel_executor.executor.parallel:closing loop
[6.009s] DEBUG:colcon.colcon_parallel_executor.executor.parallel:loop closed
[6.009s] DEBUG:colcon.colcon_parallel_executor.executor.parallel:run_until_complete finished with '0'
[6.009s] DEBUG:colcon.colcon_core.event_reactor:joining thread
[6.059s] INFO:colcon.colcon_core.plugin_system:Skipping extension 'colcon_notification.desktop_notification.terminal_notifier': Not used on non-Darwin systems
[6.059s] INFO:colcon.colcon_core.plugin_system:Skipping extension 'colcon_notification.desktop_notification.win32': Not used on non-Windows systems
[6.059s] INFO:colcon.colcon_notification.desktop_notification:Sending desktop notification using 'notify2'
[6.451s] DEBUG:colcon.colcon_core.event_reactor:joined thread
[6.452s] INFO:colcon.colcon_core.shell:Creating prefix script '/home/berko-vm/ros2_ws/install/local_setup.ps1'
[6.455s] INFO:colcon.colcon_core.shell:Creating prefix util module '/home/berko-vm/ros2_ws/install/_local_setup_util_ps1.py'
[6.458s] INFO:colcon.colcon_core.shell:Creating prefix chain script '/home/berko-vm/ros2_ws/install/setup.ps1'
[6.463s] INFO:colcon.colcon_core.shell:Creating prefix script '/home/berko-vm/ros2_ws/install/local_setup.sh'
[6.466s] INFO:colcon.colcon_core.shell:Creating prefix util module '/home/berko-vm/ros2_ws/install/_local_setup_util_sh.py'
[6.467s] INFO:colcon.colcon_core.shell:Creating prefix chain script '/home/berko-vm/ros2_ws/install/setup.sh'
[6.471s] INFO:colcon.colcon_core.shell:Creating prefix script '/home/berko-vm/ros2_ws/install/local_setup.bash'
[6.473s] INFO:colcon.colcon_core.shell:Creating prefix chain script '/home/berko-vm/ros2_ws/install/setup.bash'
[6.476s] INFO:colcon.colcon_core.shell:Creating prefix script '/home/berko-vm/ros2_ws/install/local_setup.zsh'
[6.477s] INFO:colcon.colcon_core.shell:Creating prefix chain script '/home/berko-vm/ros2_ws/install/setup.zsh'
