[1.662s] Invoking command in '/home/berko-vm/ros2_ws/src/pkg_img': PYTHONPATH=/home/berko-vm/ros2_ws/build/pkg_img/prefix_override:/usr/lib/python3/dist-packages/colcon_core/task/python/colcon_distutils_commands:/home/berko-vm/ros2_ws/install/pkg_img/lib/python3.10/site-packages:${PYTHONPATH} /usr/bin/python3 -W ignore:setup.py install is deprecated -W ignore:easy_install command is deprecated setup.py egg_info --egg-base ../../build/pkg_img build --build-base /home/berko-vm/ros2_ws/build/pkg_img/build install --record /home/berko-vm/ros2_ws/build/pkg_img/install.log --single-version-externally-managed install_data
[2.222s] running egg_info
[2.224s] creating ../../build/pkg_img/pkg_img.egg-info
[2.225s] writing ../../build/pkg_img/pkg_img.egg-info/PKG-INFO
[2.225s] writing dependency_links to ../../build/pkg_img/pkg_img.egg-info/dependency_links.txt
[2.225s] writing entry points to ../../build/pkg_img/pkg_img.egg-info/entry_points.txt
[2.225s] writing requirements to ../../build/pkg_img/pkg_img.egg-info/requires.txt
[2.225s] writing top-level names to ../../build/pkg_img/pkg_img.egg-info/top_level.txt
[2.225s] writing manifest file '../../build/pkg_img/pkg_img.egg-info/SOURCES.txt'
[2.229s] reading manifest file '../../build/pkg_img/pkg_img.egg-info/SOURCES.txt'
[2.231s] writing manifest file '../../build/pkg_img/pkg_img.egg-info/SOURCES.txt'
[2.232s] running build
[2.232s] running build_py
[2.234s] creating /home/berko-vm/ros2_ws/build/pkg_img/build
[2.234s] creating /home/berko-vm/ros2_ws/build/pkg_img/build/lib
[2.234s] creating /home/berko-vm/ros2_ws/build/pkg_img/build/lib/pkg_img
[2.235s] copying pkg_img/__init__.py -> /home/berko-vm/ros2_ws/build/pkg_img/build/lib/pkg_img
[2.235s] running install
[2.235s] running install_lib
[2.237s] creating /home/berko-vm/ros2_ws/install/pkg_img/lib/python3.10/site-packages/pkg_img
[2.238s] copying /home/berko-vm/ros2_ws/build/pkg_img/build/lib/pkg_img/__init__.py -> /home/berko-vm/ros2_ws/install/pkg_img/lib/python3.10/site-packages/pkg_img
[2.240s] byte-compiling /home/berko-vm/ros2_ws/install/pkg_img/lib/python3.10/site-packages/pkg_img/__init__.py to __init__.cpython-310.pyc
[2.240s] running install_data
[2.241s] creating /home/berko-vm/ros2_ws/install/pkg_img/share/ament_index
[2.241s] creating /home/berko-vm/ros2_ws/install/pkg_img/share/ament_index/resource_index
[2.241s] creating /home/berko-vm/ros2_ws/install/pkg_img/share/ament_index/resource_index/packages
[2.241s] copying resource/pkg_img -> /home/berko-vm/ros2_ws/install/pkg_img/share/ament_index/resource_index/packages
[2.241s] copying package.xml -> /home/berko-vm/ros2_ws/install/pkg_img/share/pkg_img
[2.241s] running install_egg_info
[2.244s] Copying ../../build/pkg_img/pkg_img.egg-info to /home/berko-vm/ros2_ws/install/pkg_img/lib/python3.10/site-packages/pkg_img-0.0.0-py3.10.egg-info
[2.247s] running install_scripts
[2.298s] writing list of installed files to '/home/berko-vm/ros2_ws/build/pkg_img/install.log'
[2.345s] Invoked command in '/home/berko-vm/ros2_ws/src/pkg_img' returned '0': PYTHONPATH=/home/berko-vm/ros2_ws/build/pkg_img/prefix_override:/usr/lib/python3/dist-packages/colcon_core/task/python/colcon_distutils_commands:/home/berko-vm/ros2_ws/install/pkg_img/lib/python3.10/site-packages:${PYTHONPATH} /usr/bin/python3 -W ignore:setup.py install is deprecated -W ignore:easy_install command is deprecated setup.py egg_info --egg-base ../../build/pkg_img build --build-base /home/berko-vm/ros2_ws/build/pkg_img/build install --record /home/berko-vm/ros2_ws/build/pkg_img/install.log --single-version-externally-managed install_data
