running egg_info
writing ../../build/pkg_antenna_modus/pkg_antenna_modus.egg-info/PKG-INFO
writing dependency_links to ../../build/pkg_antenna_modus/pkg_antenna_modus.egg-info/dependency_links.txt
writing entry points to ../../build/pkg_antenna_modus/pkg_antenna_modus.egg-info/entry_points.txt
writing requirements to ../../build/pkg_antenna_modus/pkg_antenna_modus.egg-info/requires.txt
writing top-level names to ../../build/pkg_antenna_modus/pkg_antenna_modus.egg-info/top_level.txt
reading manifest file '../../build/pkg_antenna_modus/pkg_antenna_modus.egg-info/SOURCES.txt'
writing manifest file '../../build/pkg_antenna_modus/pkg_antenna_modus.egg-info/SOURCES.txt'
running build
running build_py
copying pkg_antenna_modus/antenna_modus_node.py -> /home/berko-vm/ros2_ws/build/pkg_antenna_modus/build/lib/pkg_antenna_modus
running install
running install_lib
copying /home/berko-vm/ros2_ws/build/pkg_antenna_modus/build/lib/pkg_antenna_modus/antenna_modus_node.py -> /home/berko-vm/ros2_ws/install/pkg_antenna_modus/lib/python3.10/site-packages/pkg_antenna_modus
byte-compiling /home/berko-vm/ros2_ws/install/pkg_antenna_modus/lib/python3.10/site-packages/pkg_antenna_modus/antenna_modus_node.py to antenna_modus_node.cpython-310.pyc
running install_data
running install_egg_info
removing '/home/berko-vm/ros2_ws/install/pkg_antenna_modus/lib/python3.10/site-packages/pkg_antenna_modus-0.0.0-py3.10.egg-info' (and everything under it)
Copying ../../build/pkg_antenna_modus/pkg_antenna_modus.egg-info to /home/berko-vm/ros2_ws/install/pkg_antenna_modus/lib/python3.10/site-packages/pkg_antenna_modus-0.0.0-py3.10.egg-info
running install_scripts
Installing antenna_modus_node script to /home/berko-vm/ros2_ws/install/pkg_antenna_modus/lib/pkg_antenna_modus
writing list of installed files to '/home/berko-vm/ros2_ws/build/pkg_antenna_modus/install.log'
