[0.437s] DEBUG:colcon:Command line arguments: ['/usr/bin/colcon', 'build', '--packages-select', 'pkg_antenna_modus']
[0.437s] DEBUG:colcon:Parsed command line arguments: Namespace(log_base=None, log_level=None, verb_name='build', build_base='build', install_base='install', merge_install=False, symlink_install=False, test_result_base=None, continue_on_error=False, executor='parallel', parallel_workers=4, event_handlers=None, ignore_user_meta=False, metas=['./colcon.meta'], base_paths=['.'], packages_ignore=None, packages_ignore_regex=None, paths=None, packages_up_to=None, packages_up_to_regex=None, packages_above=None, packages_above_and_dependencies=None, packages_above_depth=None, packages_select_by_dep=None, packages_skip_by_dep=None, packages_skip_up_to=None, packages_select_build_failed=False, packages_skip_build_finished=False, packages_select_test_failures=False, packages_skip_test_passed=False, packages_select=['pkg_antenna_modus'], packages_skip=None, packages_select_regex=None, packages_skip_regex=None, packages_start=None, packages_end=None, allow_overriding=[], cmake_args=None, cmake_target=None, cmake_target_skip_unavailable=False, cmake_clean_cache=False, cmake_clean_first=False, cmake_force_configure=False, ament_cmake_args=None, catkin_cmake_args=None, catkin_skip_building_tests=False, verb_parser=<colcon_defaults.argument_parser.defaults.DefaultArgumentsDecorator object at 0x74a8db21c640>, verb_extension=<colcon_core.verb.build.BuildVerb object at 0x74a8db36d960>, main=<bound method BuildVerb.main of <colcon_core.verb.build.BuildVerb object at 0x74a8db36d960>>)
[0.938s] Level 1:colcon.colcon_core.package_discovery:discover_packages(colcon_meta) check parameters
[0.939s] Level 1:colcon.colcon_core.package_discovery:discover_packages(recursive) check parameters
[0.939s] Level 1:colcon.colcon_core.package_discovery:discover_packages(ignore) check parameters
[0.939s] Level 1:colcon.colcon_core.package_discovery:discover_packages(path) check parameters
[0.939s] Level 1:colcon.colcon_core.package_discovery:discover_packages(colcon_meta) discover
[0.939s] Level 1:colcon.colcon_core.package_discovery:discover_packages(recursive) discover
[0.939s] INFO:colcon.colcon_core.package_discovery:Crawling recursively for packages in '/home/berko-vm/ros2_ws'
[0.940s] Level 1:colcon.colcon_core.package_identification:_identify(.) by extensions ['ignore', 'ignore_ament_install']
[0.940s] Level 1:colcon.colcon_core.package_identification:_identify(.) by extension 'ignore'
[0.940s] Level 1:colcon.colcon_core.package_identification:_identify(.) by extension 'ignore_ament_install'
[0.940s] Level 1:colcon.colcon_core.package_identification:_identify(.) by extensions ['colcon_pkg']
[0.940s] Level 1:colcon.colcon_core.package_identification:_identify(.) by extension 'colcon_pkg'
[0.940s] Level 1:colcon.colcon_core.package_identification:_identify(.) by extensions ['colcon_meta']
[0.941s] Level 1:colcon.colcon_core.package_identification:_identify(.) by extension 'colcon_meta'
[0.941s] Level 1:colcon.colcon_core.package_identification:_identify(.) by extensions ['ros']
[0.941s] Level 1:colcon.colcon_core.package_identification:_identify(.) by extension 'ros'
[0.975s] Level 1:colcon.colcon_core.package_identification:_identify(.) by extensions ['cmake', 'python']
[0.975s] Level 1:colcon.colcon_core.package_identification:_identify(.) by extension 'cmake'
[0.976s] Level 1:colcon.colcon_core.package_identification:_identify(.) by extension 'python'
[0.976s] Level 1:colcon.colcon_core.package_identification:_identify(.) by extensions ['python_setup_py']
[0.976s] Level 1:colcon.colcon_core.package_identification:_identify(.) by extension 'python_setup_py'
[0.976s] Level 1:colcon.colcon_core.package_identification:_identify(build) by extensions ['ignore', 'ignore_ament_install']
[0.976s] Level 1:colcon.colcon_core.package_identification:_identify(build) by extension 'ignore'
[0.977s] Level 1:colcon.colcon_core.package_identification:_identify(build) ignored
[0.977s] Level 1:colcon.colcon_core.package_identification:_identify(install) by extensions ['ignore', 'ignore_ament_install']
[0.978s] Level 1:colcon.colcon_core.package_identification:_identify(install) by extension 'ignore'
[0.978s] Level 1:colcon.colcon_core.package_identification:_identify(install) ignored
[0.978s] Level 1:colcon.colcon_core.package_identification:_identify(log) by extensions ['ignore', 'ignore_ament_install']
[0.978s] Level 1:colcon.colcon_core.package_identification:_identify(log) by extension 'ignore'
[0.979s] Level 1:colcon.colcon_core.package_identification:_identify(log) ignored
[0.979s] Level 1:colcon.colcon_core.package_identification:_identify(src) by extensions ['ignore', 'ignore_ament_install']
[0.979s] Level 1:colcon.colcon_core.package_identification:_identify(src) by extension 'ignore'
[0.979s] Level 1:colcon.colcon_core.package_identification:_identify(src) by extension 'ignore_ament_install'
[0.979s] Level 1:colcon.colcon_core.package_identification:_identify(src) by extensions ['colcon_pkg']
[0.979s] Level 1:colcon.colcon_core.package_identification:_identify(src) by extension 'colcon_pkg'
[0.980s] Level 1:colcon.colcon_core.package_identification:_identify(src) by extensions ['colcon_meta']
[0.980s] Level 1:colcon.colcon_core.package_identification:_identify(src) by extension 'colcon_meta'
[0.980s] Level 1:colcon.colcon_core.package_identification:_identify(src) by extensions ['ros']
[0.980s] Level 1:colcon.colcon_core.package_identification:_identify(src) by extension 'ros'
[0.980s] Level 1:colcon.colcon_core.package_identification:_identify(src) by extensions ['cmake', 'python']
[0.980s] Level 1:colcon.colcon_core.package_identification:_identify(src) by extension 'cmake'
[0.980s] Level 1:colcon.colcon_core.package_identification:_identify(src) by extension 'python'
[0.980s] Level 1:colcon.colcon_core.package_identification:_identify(src) by extensions ['python_setup_py']
[0.980s] Level 1:colcon.colcon_core.package_identification:_identify(src) by extension 'python_setup_py'
[0.981s] Level 1:colcon.colcon_core.package_identification:_identify(src/build) by extensions ['ignore', 'ignore_ament_install']
[0.981s] Level 1:colcon.colcon_core.package_identification:_identify(src/build) by extension 'ignore'
[0.981s] Level 1:colcon.colcon_core.package_identification:_identify(src/build) ignored
[0.981s] Level 1:colcon.colcon_core.package_identification:_identify(src/install) by extensions ['ignore', 'ignore_ament_install']
[0.982s] Level 1:colcon.colcon_core.package_identification:_identify(src/install) by extension 'ignore'
[0.982s] Level 1:colcon.colcon_core.package_identification:_identify(src/install) ignored
[0.982s] Level 1:colcon.colcon_core.package_identification:_identify(src/launch_pkg) by extensions ['ignore', 'ignore_ament_install']
[0.982s] Level 1:colcon.colcon_core.package_identification:_identify(src/launch_pkg) by extension 'ignore'
[0.982s] Level 1:colcon.colcon_core.package_identification:_identify(src/launch_pkg) by extension 'ignore_ament_install'
[0.983s] Level 1:colcon.colcon_core.package_identification:_identify(src/launch_pkg) by extensions ['colcon_pkg']
[0.983s] Level 1:colcon.colcon_core.package_identification:_identify(src/launch_pkg) by extension 'colcon_pkg'
[0.983s] Level 1:colcon.colcon_core.package_identification:_identify(src/launch_pkg) by extensions ['colcon_meta']
[0.983s] Level 1:colcon.colcon_core.package_identification:_identify(src/launch_pkg) by extension 'colcon_meta'
[0.983s] Level 1:colcon.colcon_core.package_identification:_identify(src/launch_pkg) by extensions ['ros']
[0.983s] Level 1:colcon.colcon_core.package_identification:_identify(src/launch_pkg) by extension 'ros'
[0.991s] DEBUG:colcon.colcon_core.package_identification:Package 'src/launch_pkg' with type 'ros.ament_python' and name 'launch_pkg'
[0.991s] Level 1:colcon.colcon_core.package_identification:_identify(src/log) by extensions ['ignore', 'ignore_ament_install']
[0.991s] Level 1:colcon.colcon_core.package_identification:_identify(src/log) by extension 'ignore'
[0.991s] Level 1:colcon.colcon_core.package_identification:_identify(src/log) ignored
[0.992s] Level 1:colcon.colcon_core.package_identification:_identify(src/pkg_antenna_modus) by extensions ['ignore', 'ignore_ament_install']
[0.992s] Level 1:colcon.colcon_core.package_identification:_identify(src/pkg_antenna_modus) by extension 'ignore'
[0.992s] Level 1:colcon.colcon_core.package_identification:_identify(src/pkg_antenna_modus) by extension 'ignore_ament_install'
[0.992s] Level 1:colcon.colcon_core.package_identification:_identify(src/pkg_antenna_modus) by extensions ['colcon_pkg']
[0.992s] Level 1:colcon.colcon_core.package_identification:_identify(src/pkg_antenna_modus) by extension 'colcon_pkg'
[0.992s] Level 1:colcon.colcon_core.package_identification:_identify(src/pkg_antenna_modus) by extensions ['colcon_meta']
[0.992s] Level 1:colcon.colcon_core.package_identification:_identify(src/pkg_antenna_modus) by extension 'colcon_meta'
[0.993s] Level 1:colcon.colcon_core.package_identification:_identify(src/pkg_antenna_modus) by extensions ['ros']
[0.993s] Level 1:colcon.colcon_core.package_identification:_identify(src/pkg_antenna_modus) by extension 'ros'
[0.995s] DEBUG:colcon.colcon_core.package_identification:Package 'src/pkg_antenna_modus' with type 'ros.ament_python' and name 'pkg_antenna_modus'
[0.995s] Level 1:colcon.colcon_core.package_identification:_identify(src/pkg_img) by extensions ['ignore', 'ignore_ament_install']
[0.995s] Level 1:colcon.colcon_core.package_identification:_identify(src/pkg_img) by extension 'ignore'
[0.995s] Level 1:colcon.colcon_core.package_identification:_identify(src/pkg_img) by extension 'ignore_ament_install'
[0.996s] Level 1:colcon.colcon_core.package_identification:_identify(src/pkg_img) by extensions ['colcon_pkg']
[0.996s] Level 1:colcon.colcon_core.package_identification:_identify(src/pkg_img) by extension 'colcon_pkg'
[0.996s] Level 1:colcon.colcon_core.package_identification:_identify(src/pkg_img) by extensions ['colcon_meta']
[0.996s] Level 1:colcon.colcon_core.package_identification:_identify(src/pkg_img) by extension 'colcon_meta'
[0.996s] Level 1:colcon.colcon_core.package_identification:_identify(src/pkg_img) by extensions ['ros']
[0.996s] Level 1:colcon.colcon_core.package_identification:_identify(src/pkg_img) by extension 'ros'
[0.998s] DEBUG:colcon.colcon_core.package_identification:Package 'src/pkg_img' with type 'ros.ament_python' and name 'pkg_img'
[0.999s] Level 1:colcon.colcon_core.package_identification:_identify(src/pkg_system_checker) by extensions ['ignore', 'ignore_ament_install']
[0.999s] Level 1:colcon.colcon_core.package_identification:_identify(src/pkg_system_checker) by extension 'ignore'
[0.999s] Level 1:colcon.colcon_core.package_identification:_identify(src/pkg_system_checker) by extension 'ignore_ament_install'
[0.999s] Level 1:colcon.colcon_core.package_identification:_identify(src/pkg_system_checker) by extensions ['colcon_pkg']
[1.000s] Level 1:colcon.colcon_core.package_identification:_identify(src/pkg_system_checker) by extension 'colcon_pkg'
[1.000s] Level 1:colcon.colcon_core.package_identification:_identify(src/pkg_system_checker) by extensions ['colcon_meta']
[1.000s] Level 1:colcon.colcon_core.package_identification:_identify(src/pkg_system_checker) by extension 'colcon_meta'
[1.000s] Level 1:colcon.colcon_core.package_identification:_identify(src/pkg_system_checker) by extensions ['ros']
[1.000s] Level 1:colcon.colcon_core.package_identification:_identify(src/pkg_system_checker) by extension 'ros'
[1.002s] DEBUG:colcon.colcon_core.package_identification:Package 'src/pkg_system_checker' with type 'ros.ament_python' and name 'pkg_system_checker'
[1.002s] Level 1:colcon.colcon_core.package_discovery:discover_packages(recursive) using defaults
[1.002s] Level 1:colcon.colcon_core.package_discovery:discover_packages(ignore) discover
[1.002s] Level 1:colcon.colcon_core.package_discovery:discover_packages(ignore) using defaults
[1.002s] Level 1:colcon.colcon_core.package_discovery:discover_packages(path) discover
[1.002s] Level 1:colcon.colcon_core.package_discovery:discover_packages(path) using defaults
[1.062s] INFO:colcon.colcon_core.package_selection:Skipping not selected package 'launch_pkg' in 'src/launch_pkg'
[1.062s] INFO:colcon.colcon_core.package_selection:Skipping not selected package 'pkg_img' in 'src/pkg_img'
[1.062s] INFO:colcon.colcon_core.package_selection:Skipping not selected package 'pkg_system_checker' in 'src/pkg_system_checker'
[1.094s] Level 1:colcon.colcon_core.package_discovery:discover_packages(prefix_path) check parameters
[1.095s] Level 1:colcon.colcon_core.package_discovery:discover_packages(prefix_path) discover
[1.106s] DEBUG:colcon.colcon_installed_package_information.package_discovery:Found 4 installed packages in /home/berko-vm/ros2_ws/install
[1.112s] DEBUG:colcon.colcon_installed_package_information.package_discovery:Found 271 installed packages in /opt/ros/humble
[1.116s] Level 1:colcon.colcon_core.package_discovery:discover_packages(prefix_path) using defaults
[1.370s] Level 5:colcon.colcon_core.verb:set package 'pkg_antenna_modus' build argument 'cmake_args' from command line to 'None'
[1.371s] Level 5:colcon.colcon_core.verb:set package 'pkg_antenna_modus' build argument 'cmake_target' from command line to 'None'
[1.371s] Level 5:colcon.colcon_core.verb:set package 'pkg_antenna_modus' build argument 'cmake_target_skip_unavailable' from command line to 'False'
[1.371s] Level 5:colcon.colcon_core.verb:set package 'pkg_antenna_modus' build argument 'cmake_clean_cache' from command line to 'False'
[1.371s] Level 5:colcon.colcon_core.verb:set package 'pkg_antenna_modus' build argument 'cmake_clean_first' from command line to 'False'
[1.371s] Level 5:colcon.colcon_core.verb:set package 'pkg_antenna_modus' build argument 'cmake_force_configure' from command line to 'False'
[1.371s] Level 5:colcon.colcon_core.verb:set package 'pkg_antenna_modus' build argument 'ament_cmake_args' from command line to 'None'
[1.371s] Level 5:colcon.colcon_core.verb:set package 'pkg_antenna_modus' build argument 'catkin_cmake_args' from command line to 'None'
[1.371s] Level 5:colcon.colcon_core.verb:set package 'pkg_antenna_modus' build argument 'catkin_skip_building_tests' from command line to 'False'
[1.371s] DEBUG:colcon.colcon_core.verb:Building package 'pkg_antenna_modus' with the following arguments: {'ament_cmake_args': None, 'build_base': '/home/berko-vm/ros2_ws/build/pkg_antenna_modus', 'catkin_cmake_args': None, 'catkin_skip_building_tests': False, 'cmake_args': None, 'cmake_clean_cache': False, 'cmake_clean_first': False, 'cmake_force_configure': False, 'cmake_target': None, 'cmake_target_skip_unavailable': False, 'install_base': '/home/berko-vm/ros2_ws/install/pkg_antenna_modus', 'merge_install': False, 'path': '/home/berko-vm/ros2_ws/src/pkg_antenna_modus', 'symlink_install': False, 'test_result_base': None}
[1.371s] INFO:colcon.colcon_core.executor:Executing jobs using 'parallel' executor
[1.374s] DEBUG:colcon.colcon_parallel_executor.executor.parallel:run_until_complete
[1.375s] INFO:colcon.colcon_ros.task.ament_python.build:Building ROS package in '/home/berko-vm/ros2_ws/src/pkg_antenna_modus' with build type 'ament_python'
[1.375s] Level 1:colcon.colcon_core.shell:create_environment_hook('pkg_antenna_modus', 'ament_prefix_path')
[1.389s] INFO:colcon.colcon_core.plugin_system:Skipping extension 'colcon_core.shell.bat': Not used on non-Windows systems
[1.389s] INFO:colcon.colcon_core.shell:Creating environment hook '/home/berko-vm/ros2_ws/install/pkg_antenna_modus/share/pkg_antenna_modus/hook/ament_prefix_path.ps1'
[1.395s] INFO:colcon.colcon_core.shell:Creating environment descriptor '/home/berko-vm/ros2_ws/install/pkg_antenna_modus/share/pkg_antenna_modus/hook/ament_prefix_path.dsv'
[1.398s] INFO:colcon.colcon_core.shell:Creating environment hook '/home/berko-vm/ros2_ws/install/pkg_antenna_modus/share/pkg_antenna_modus/hook/ament_prefix_path.sh'
[1.401s] INFO:colcon.colcon_core.shell:Skip shell extension 'powershell' for command environment: Not usable outside of PowerShell
[1.401s] DEBUG:colcon.colcon_core.shell:Skip shell extension 'dsv' for command environment
[2.096s] INFO:colcon.colcon_core.task.python.build:Building Python package in '/home/berko-vm/ros2_ws/src/pkg_antenna_modus'
[2.097s] INFO:colcon.colcon_core.shell:Skip shell extension 'powershell' for command environment: Not usable outside of PowerShell
[2.097s] DEBUG:colcon.colcon_core.shell:Skip shell extension 'dsv' for command environment
[3.046s] DEBUG:colcon.colcon_core.event_handler.log_command:Invoking command in '/home/berko-vm/ros2_ws/src/pkg_antenna_modus': PYTHONPATH=/home/berko-vm/ros2_ws/build/pkg_antenna_modus/prefix_override:/usr/lib/python3/dist-packages/colcon_core/task/python/colcon_distutils_commands:/home/berko-vm/ros2_ws/install/pkg_antenna_modus/lib/python3.10/site-packages:${PYTHONPATH} /usr/bin/python3 -W ignore:setup.py install is deprecated -W ignore:easy_install command is deprecated setup.py egg_info --egg-base ../../build/pkg_antenna_modus build --build-base /home/berko-vm/ros2_ws/build/pkg_antenna_modus/build install --record /home/berko-vm/ros2_ws/build/pkg_antenna_modus/install.log --single-version-externally-managed install_data
[3.829s] DEBUG:colcon.colcon_core.event_handler.log_command:Invoked command in '/home/berko-vm/ros2_ws/src/pkg_antenna_modus' returned '0': PYTHONPATH=/home/berko-vm/ros2_ws/build/pkg_antenna_modus/prefix_override:/usr/lib/python3/dist-packages/colcon_core/task/python/colcon_distutils_commands:/home/berko-vm/ros2_ws/install/pkg_antenna_modus/lib/python3.10/site-packages:${PYTHONPATH} /usr/bin/python3 -W ignore:setup.py install is deprecated -W ignore:easy_install command is deprecated setup.py egg_info --egg-base ../../build/pkg_antenna_modus build --build-base /home/berko-vm/ros2_ws/build/pkg_antenna_modus/build install --record /home/berko-vm/ros2_ws/build/pkg_antenna_modus/install.log --single-version-externally-managed install_data
[3.874s] Level 1:colcon.colcon_core.environment:checking '/home/berko-vm/ros2_ws/install/pkg_antenna_modus' for CMake module files
[3.875s] Level 1:colcon.colcon_core.environment:checking '/home/berko-vm/ros2_ws/install/pkg_antenna_modus' for CMake config files
[3.878s] Level 1:colcon.colcon_core.environment:checking '/home/berko-vm/ros2_ws/install/pkg_antenna_modus/lib'
[3.879s] Level 1:colcon.colcon_core.environment:checking '/home/berko-vm/ros2_ws/install/pkg_antenna_modus/bin'
[3.879s] Level 1:colcon.colcon_core.environment:checking '/home/berko-vm/ros2_ws/install/pkg_antenna_modus/lib/pkgconfig/pkg_antenna_modus.pc'
[3.879s] Level 1:colcon.colcon_core.environment:checking '/home/berko-vm/ros2_ws/install/pkg_antenna_modus/lib/python3.10/site-packages'
[3.879s] Level 1:colcon.colcon_core.shell:create_environment_hook('pkg_antenna_modus', 'pythonpath')
[3.881s] INFO:colcon.colcon_core.shell:Creating environment hook '/home/berko-vm/ros2_ws/install/pkg_antenna_modus/share/pkg_antenna_modus/hook/pythonpath.ps1'
[3.882s] INFO:colcon.colcon_core.shell:Creating environment descriptor '/home/berko-vm/ros2_ws/install/pkg_antenna_modus/share/pkg_antenna_modus/hook/pythonpath.dsv'
[3.883s] INFO:colcon.colcon_core.shell:Creating environment hook '/home/berko-vm/ros2_ws/install/pkg_antenna_modus/share/pkg_antenna_modus/hook/pythonpath.sh'
[3.885s] Level 1:colcon.colcon_core.environment:checking '/home/berko-vm/ros2_ws/install/pkg_antenna_modus/bin'
[3.885s] Level 1:colcon.colcon_core.environment:create_environment_scripts_only(pkg_antenna_modus)
[3.886s] INFO:colcon.colcon_core.shell:Creating package script '/home/berko-vm/ros2_ws/install/pkg_antenna_modus/share/pkg_antenna_modus/package.ps1'
[3.889s] INFO:colcon.colcon_core.shell:Creating package descriptor '/home/berko-vm/ros2_ws/install/pkg_antenna_modus/share/pkg_antenna_modus/package.dsv'
[3.892s] INFO:colcon.colcon_core.shell:Creating package script '/home/berko-vm/ros2_ws/install/pkg_antenna_modus/share/pkg_antenna_modus/package.sh'
[3.895s] INFO:colcon.colcon_core.shell:Creating package script '/home/berko-vm/ros2_ws/install/pkg_antenna_modus/share/pkg_antenna_modus/package.bash'
[3.898s] INFO:colcon.colcon_core.shell:Creating package script '/home/berko-vm/ros2_ws/install/pkg_antenna_modus/share/pkg_antenna_modus/package.zsh'
[3.902s] Level 1:colcon.colcon_core.environment:create_file_with_runtime_dependencies(/home/berko-vm/ros2_ws/install/pkg_antenna_modus/share/colcon-core/packages/pkg_antenna_modus)
[3.903s] DEBUG:colcon.colcon_parallel_executor.executor.parallel:closing loop
[3.903s] DEBUG:colcon.colcon_parallel_executor.executor.parallel:loop closed
[3.903s] DEBUG:colcon.colcon_parallel_executor.executor.parallel:run_until_complete finished with '0'
[3.904s] DEBUG:colcon.colcon_core.event_reactor:joining thread
[3.936s] INFO:colcon.colcon_core.plugin_system:Skipping extension 'colcon_notification.desktop_notification.terminal_notifier': Not used on non-Darwin systems
[3.937s] INFO:colcon.colcon_core.plugin_system:Skipping extension 'colcon_notification.desktop_notification.win32': Not used on non-Windows systems
[3.937s] INFO:colcon.colcon_notification.desktop_notification:Sending desktop notification using 'notify2'
[4.294s] DEBUG:colcon.colcon_core.event_reactor:joined thread
[4.295s] INFO:colcon.colcon_core.shell:Creating prefix script '/home/berko-vm/ros2_ws/install/local_setup.ps1'
[4.298s] INFO:colcon.colcon_core.shell:Creating prefix util module '/home/berko-vm/ros2_ws/install/_local_setup_util_ps1.py'
[4.305s] INFO:colcon.colcon_core.shell:Creating prefix chain script '/home/berko-vm/ros2_ws/install/setup.ps1'
[4.310s] INFO:colcon.colcon_core.shell:Creating prefix script '/home/berko-vm/ros2_ws/install/local_setup.sh'
[4.312s] INFO:colcon.colcon_core.shell:Creating prefix util module '/home/berko-vm/ros2_ws/install/_local_setup_util_sh.py'
[4.314s] INFO:colcon.colcon_core.shell:Creating prefix chain script '/home/berko-vm/ros2_ws/install/setup.sh'
[4.319s] INFO:colcon.colcon_core.shell:Creating prefix script '/home/berko-vm/ros2_ws/install/local_setup.bash'
[4.322s] INFO:colcon.colcon_core.shell:Creating prefix chain script '/home/berko-vm/ros2_ws/install/setup.bash'
[4.326s] INFO:colcon.colcon_core.shell:Creating prefix script '/home/berko-vm/ros2_ws/install/local_setup.zsh'
[4.329s] INFO:colcon.colcon_core.shell:Creating prefix chain script '/home/berko-vm/ros2_ws/install/setup.zsh'
