running egg_info
creating ../build/pkg_img/pkg_img.egg-info
writing ../build/pkg_img/pkg_img.egg-info/PKG-INFO
writing dependency_links to ../build/pkg_img/pkg_img.egg-info/dependency_links.txt
writing entry points to ../build/pkg_img/pkg_img.egg-info/entry_points.txt
writing requirements to ../build/pkg_img/pkg_img.egg-info/requires.txt
writing top-level names to ../build/pkg_img/pkg_img.egg-info/top_level.txt
writing manifest file '../build/pkg_img/pkg_img.egg-info/SOURCES.txt'
reading manifest file '../build/pkg_img/pkg_img.egg-info/SOURCES.txt'
writing manifest file '../build/pkg_img/pkg_img.egg-info/SOURCES.txt'
running build
running build_py
creating /home/berko-vm/ros2_ws/src/build/pkg_img/build
creating /home/berko-vm/ros2_ws/src/build/pkg_img/build/lib
creating /home/berko-vm/ros2_ws/src/build/pkg_img/build/lib/pkg_img
copying pkg_img/image_view.py -> /home/berko-vm/ros2_ws/src/build/pkg_img/build/lib/pkg_img
copying pkg_img/__init__.py -> /home/berko-vm/ros2_ws/src/build/pkg_img/build/lib/pkg_img
copying pkg_img/camera_node.py -> /home/berko-vm/ros2_ws/src/build/pkg_img/build/lib/pkg_img
running install
running install_lib
creating /home/berko-vm/ros2_ws/src/install/pkg_img/lib/python3.10/site-packages/pkg_img
copying /home/berko-vm/ros2_ws/src/build/pkg_img/build/lib/pkg_img/image_view.py -> /home/berko-vm/ros2_ws/src/install/pkg_img/lib/python3.10/site-packages/pkg_img
copying /home/berko-vm/ros2_ws/src/build/pkg_img/build/lib/pkg_img/__init__.py -> /home/berko-vm/ros2_ws/src/install/pkg_img/lib/python3.10/site-packages/pkg_img
copying /home/berko-vm/ros2_ws/src/build/pkg_img/build/lib/pkg_img/camera_node.py -> /home/berko-vm/ros2_ws/src/install/pkg_img/lib/python3.10/site-packages/pkg_img
byte-compiling /home/berko-vm/ros2_ws/src/install/pkg_img/lib/python3.10/site-packages/pkg_img/image_view.py to image_view.cpython-310.pyc
byte-compiling /home/berko-vm/ros2_ws/src/install/pkg_img/lib/python3.10/site-packages/pkg_img/__init__.py to __init__.cpython-310.pyc
byte-compiling /home/berko-vm/ros2_ws/src/install/pkg_img/lib/python3.10/site-packages/pkg_img/camera_node.py to camera_node.cpython-310.pyc
running install_data
creating /home/berko-vm/ros2_ws/src/install/pkg_img/share/ament_index
creating /home/berko-vm/ros2_ws/src/install/pkg_img/share/ament_index/resource_index
creating /home/berko-vm/ros2_ws/src/install/pkg_img/share/ament_index/resource_index/packages
copying resource/pkg_img -> /home/berko-vm/ros2_ws/src/install/pkg_img/share/ament_index/resource_index/packages
copying package.xml -> /home/berko-vm/ros2_ws/src/install/pkg_img/share/pkg_img
running install_egg_info
Copying ../build/pkg_img/pkg_img.egg-info to /home/berko-vm/ros2_ws/src/install/pkg_img/lib/python3.10/site-packages/pkg_img-0.0.0-py3.10.egg-info
running install_scripts
Installing cam_publisher script to /home/berko-vm/ros2_ws/src/install/pkg_img/lib/pkg_img
Installing image_view script to /home/berko-vm/ros2_ws/src/install/pkg_img/lib/pkg_img
writing list of installed files to '/home/berko-vm/ros2_ws/src/build/pkg_img/install.log'
