[0.587s] DEBUG:colcon:Command line arguments: ['/usr/bin/colcon', 'build', '--packages-select', 'pkg_antenna_modus']
[0.587s] DEBUG:colcon:Parsed command line arguments: Namespace(log_base=None, log_level=None, verb_name='build', build_base='build', install_base='install', merge_install=False, symlink_install=False, test_result_base=None, continue_on_error=False, executor='parallel', parallel_workers=4, event_handlers=None, ignore_user_meta=False, metas=['./colcon.meta'], base_paths=['.'], packages_ignore=None, packages_ignore_regex=None, paths=None, packages_up_to=None, packages_up_to_regex=None, packages_above=None, packages_above_and_dependencies=None, packages_above_depth=None, packages_select_by_dep=None, packages_skip_by_dep=None, packages_skip_up_to=None, packages_select_build_failed=False, packages_skip_build_finished=False, packages_select_test_failures=False, packages_skip_test_passed=False, packages_select=['pkg_antenna_modus'], packages_skip=None, packages_select_regex=None, packages_skip_regex=None, packages_start=None, packages_end=None, allow_overriding=[], cmake_args=None, cmake_target=None, cmake_target_skip_unavailable=False, cmake_clean_cache=False, cmake_clean_first=False, cmake_force_configure=False, ament_cmake_args=None, catkin_cmake_args=None, catkin_skip_building_tests=False, verb_parser=<colcon_defaults.argument_parser.defaults.DefaultArgumentsDecorator object at 0x7bdbade2f640>, verb_extension=<colcon_core.verb.build.BuildVerb object at 0x7bdbadf70ac0>, main=<bound method BuildVerb.main of <colcon_core.verb.build.BuildVerb object at 0x7bdbadf70ac0>>)
[1.443s] Level 1:colcon.colcon_core.package_discovery:discover_packages(colcon_meta) check parameters
[1.444s] Level 1:colcon.colcon_core.package_discovery:discover_packages(recursive) check parameters
[1.444s] Level 1:colcon.colcon_core.package_discovery:discover_packages(ignore) check parameters
[1.444s] Level 1:colcon.colcon_core.package_discovery:discover_packages(path) check parameters
[1.444s] Level 1:colcon.colcon_core.package_discovery:discover_packages(colcon_meta) discover
[1.445s] Level 1:colcon.colcon_core.package_discovery:discover_packages(recursive) discover
[1.446s] INFO:colcon.colcon_core.package_discovery:Crawling recursively for packages in '/home/berko-vm/ros2_ws'
[1.446s] Level 1:colcon.colcon_core.package_identification:_identify(.) by extensions ['ignore', 'ignore_ament_install']
[1.448s] Level 1:colcon.colcon_core.package_identification:_identify(.) by extension 'ignore'
[1.449s] Level 1:colcon.colcon_core.package_identification:_identify(.) by extension 'ignore_ament_install'
[1.449s] Level 1:colcon.colcon_core.package_identification:_identify(.) by extensions ['colcon_pkg']
[1.450s] Level 1:colcon.colcon_core.package_identification:_identify(.) by extension 'colcon_pkg'
[1.450s] Level 1:colcon.colcon_core.package_identification:_identify(.) by extensions ['colcon_meta']
[1.450s] Level 1:colcon.colcon_core.package_identification:_identify(.) by extension 'colcon_meta'
[1.450s] Level 1:colcon.colcon_core.package_identification:_identify(.) by extensions ['ros']
[1.450s] Level 1:colcon.colcon_core.package_identification:_identify(.) by extension 'ros'
[1.493s] Level 1:colcon.colcon_core.package_identification:_identify(.) by extensions ['cmake', 'python']
[1.493s] Level 1:colcon.colcon_core.package_identification:_identify(.) by extension 'cmake'
[1.494s] Level 1:colcon.colcon_core.package_identification:_identify(.) by extension 'python'
[1.494s] Level 1:colcon.colcon_core.package_identification:_identify(.) by extensions ['python_setup_py']
[1.494s] Level 1:colcon.colcon_core.package_identification:_identify(.) by extension 'python_setup_py'
[1.494s] Level 1:colcon.colcon_core.package_identification:_identify(build) by extensions ['ignore', 'ignore_ament_install']
[1.495s] Level 1:colcon.colcon_core.package_identification:_identify(build) by extension 'ignore'
[1.495s] Level 1:colcon.colcon_core.package_identification:_identify(build) ignored
[1.495s] Level 1:colcon.colcon_core.package_identification:_identify(install) by extensions ['ignore', 'ignore_ament_install']
[1.496s] Level 1:colcon.colcon_core.package_identification:_identify(install) by extension 'ignore'
[1.496s] Level 1:colcon.colcon_core.package_identification:_identify(install) ignored
[1.497s] Level 1:colcon.colcon_core.package_identification:_identify(log) by extensions ['ignore', 'ignore_ament_install']
[1.497s] Level 1:colcon.colcon_core.package_identification:_identify(log) by extension 'ignore'
[1.497s] Level 1:colcon.colcon_core.package_identification:_identify(log) ignored
[1.498s] Level 1:colcon.colcon_core.package_identification:_identify(src) by extensions ['ignore', 'ignore_ament_install']
[1.498s] Level 1:colcon.colcon_core.package_identification:_identify(src) by extension 'ignore'
[1.498s] Level 1:colcon.colcon_core.package_identification:_identify(src) by extension 'ignore_ament_install'
[1.498s] Level 1:colcon.colcon_core.package_identification:_identify(src) by extensions ['colcon_pkg']
[1.498s] Level 1:colcon.colcon_core.package_identification:_identify(src) by extension 'colcon_pkg'
[1.498s] Level 1:colcon.colcon_core.package_identification:_identify(src) by extensions ['colcon_meta']
[1.499s] Level 1:colcon.colcon_core.package_identification:_identify(src) by extension 'colcon_meta'
[1.499s] Level 1:colcon.colcon_core.package_identification:_identify(src) by extensions ['ros']
[1.499s] Level 1:colcon.colcon_core.package_identification:_identify(src) by extension 'ros'
[1.499s] Level 1:colcon.colcon_core.package_identification:_identify(src) by extensions ['cmake', 'python']
[1.499s] Level 1:colcon.colcon_core.package_identification:_identify(src) by extension 'cmake'
[1.500s] Level 1:colcon.colcon_core.package_identification:_identify(src) by extension 'python'
[1.500s] Level 1:colcon.colcon_core.package_identification:_identify(src) by extensions ['python_setup_py']
[1.500s] Level 1:colcon.colcon_core.package_identification:_identify(src) by extension 'python_setup_py'
[1.500s] Level 1:colcon.colcon_core.package_identification:_identify(src/build) by extensions ['ignore', 'ignore_ament_install']
[1.501s] Level 1:colcon.colcon_core.package_identification:_identify(src/build) by extension 'ignore'
[1.501s] Level 1:colcon.colcon_core.package_identification:_identify(src/build) ignored
[1.501s] Level 1:colcon.colcon_core.package_identification:_identify(src/install) by extensions ['ignore', 'ignore_ament_install']
[1.501s] Level 1:colcon.colcon_core.package_identification:_identify(src/install) by extension 'ignore'
[1.501s] Level 1:colcon.colcon_core.package_identification:_identify(src/install) ignored
[1.501s] Level 1:colcon.colcon_core.package_identification:_identify(src/launch_pkg) by extensions ['ignore', 'ignore_ament_install']
[1.502s] Level 1:colcon.colcon_core.package_identification:_identify(src/launch_pkg) by extension 'ignore'
[1.502s] Level 1:colcon.colcon_core.package_identification:_identify(src/launch_pkg) by extension 'ignore_ament_install'
[1.502s] Level 1:colcon.colcon_core.package_identification:_identify(src/launch_pkg) by extensions ['colcon_pkg']
[1.502s] Level 1:colcon.colcon_core.package_identification:_identify(src/launch_pkg) by extension 'colcon_pkg'
[1.502s] Level 1:colcon.colcon_core.package_identification:_identify(src/launch_pkg) by extensions ['colcon_meta']
[1.502s] Level 1:colcon.colcon_core.package_identification:_identify(src/launch_pkg) by extension 'colcon_meta'
[1.502s] Level 1:colcon.colcon_core.package_identification:_identify(src/launch_pkg) by extensions ['ros']
[1.502s] Level 1:colcon.colcon_core.package_identification:_identify(src/launch_pkg) by extension 'ros'
[1.508s] DEBUG:colcon.colcon_core.package_identification:Package 'src/launch_pkg' with type 'ros.ament_python' and name 'launch_pkg'
[1.508s] Level 1:colcon.colcon_core.package_identification:_identify(src/log) by extensions ['ignore', 'ignore_ament_install']
[1.508s] Level 1:colcon.colcon_core.package_identification:_identify(src/log) by extension 'ignore'
[1.508s] Level 1:colcon.colcon_core.package_identification:_identify(src/log) ignored
[1.509s] Level 1:colcon.colcon_core.package_identification:_identify(src/pkg_antenna_modus) by extensions ['ignore', 'ignore_ament_install']
[1.509s] Level 1:colcon.colcon_core.package_identification:_identify(src/pkg_antenna_modus) by extension 'ignore'
[1.509s] Level 1:colcon.colcon_core.package_identification:_identify(src/pkg_antenna_modus) by extension 'ignore_ament_install'
[1.509s] Level 1:colcon.colcon_core.package_identification:_identify(src/pkg_antenna_modus) by extensions ['colcon_pkg']
[1.509s] Level 1:colcon.colcon_core.package_identification:_identify(src/pkg_antenna_modus) by extension 'colcon_pkg'
[1.510s] Level 1:colcon.colcon_core.package_identification:_identify(src/pkg_antenna_modus) by extensions ['colcon_meta']
[1.510s] Level 1:colcon.colcon_core.package_identification:_identify(src/pkg_antenna_modus) by extension 'colcon_meta'
[1.510s] Level 1:colcon.colcon_core.package_identification:_identify(src/pkg_antenna_modus) by extensions ['ros']
[1.510s] Level 1:colcon.colcon_core.package_identification:_identify(src/pkg_antenna_modus) by extension 'ros'
[1.513s] DEBUG:colcon.colcon_core.package_identification:Package 'src/pkg_antenna_modus' with type 'ros.ament_python' and name 'pkg_antenna_modus'
[1.513s] Level 1:colcon.colcon_core.package_identification:_identify(src/pkg_img) by extensions ['ignore', 'ignore_ament_install']
[1.513s] Level 1:colcon.colcon_core.package_identification:_identify(src/pkg_img) by extension 'ignore'
[1.514s] Level 1:colcon.colcon_core.package_identification:_identify(src/pkg_img) by extension 'ignore_ament_install'
[1.514s] Level 1:colcon.colcon_core.package_identification:_identify(src/pkg_img) by extensions ['colcon_pkg']
[1.514s] Level 1:colcon.colcon_core.package_identification:_identify(src/pkg_img) by extension 'colcon_pkg'
[1.514s] Level 1:colcon.colcon_core.package_identification:_identify(src/pkg_img) by extensions ['colcon_meta']
[1.514s] Level 1:colcon.colcon_core.package_identification:_identify(src/pkg_img) by extension 'colcon_meta'
[1.515s] Level 1:colcon.colcon_core.package_identification:_identify(src/pkg_img) by extensions ['ros']
[1.515s] Level 1:colcon.colcon_core.package_identification:_identify(src/pkg_img) by extension 'ros'
[1.517s] DEBUG:colcon.colcon_core.package_identification:Package 'src/pkg_img' with type 'ros.ament_python' and name 'pkg_img'
[1.517s] Level 1:colcon.colcon_core.package_discovery:discover_packages(recursive) using defaults
[1.517s] Level 1:colcon.colcon_core.package_discovery:discover_packages(ignore) discover
[1.517s] Level 1:colcon.colcon_core.package_discovery:discover_packages(ignore) using defaults
[1.517s] Level 1:colcon.colcon_core.package_discovery:discover_packages(path) discover
[1.518s] Level 1:colcon.colcon_core.package_discovery:discover_packages(path) using defaults
[1.588s] INFO:colcon.colcon_core.package_selection:Skipping not selected package 'launch_pkg' in 'src/launch_pkg'
[1.588s] INFO:colcon.colcon_core.package_selection:Skipping not selected package 'pkg_img' in 'src/pkg_img'
[1.589s] Level 1:colcon.colcon_core.package_discovery:discover_packages(prefix_path) check parameters
[1.589s] Level 1:colcon.colcon_core.package_discovery:discover_packages(prefix_path) discover
[1.593s] DEBUG:colcon.colcon_installed_package_information.package_discovery:Found 3 installed packages in /home/berko-vm/ros2_ws/install
[1.597s] DEBUG:colcon.colcon_installed_package_information.package_discovery:Found 271 installed packages in /opt/ros/humble
[1.602s] Level 1:colcon.colcon_core.package_discovery:discover_packages(prefix_path) using defaults
[1.744s] Level 5:colcon.colcon_core.verb:set package 'pkg_antenna_modus' build argument 'cmake_args' from command line to 'None'
[1.745s] Level 5:colcon.colcon_core.verb:set package 'pkg_antenna_modus' build argument 'cmake_target' from command line to 'None'
[1.745s] Level 5:colcon.colcon_core.verb:set package 'pkg_antenna_modus' build argument 'cmake_target_skip_unavailable' from command line to 'False'
[1.745s] Level 5:colcon.colcon_core.verb:set package 'pkg_antenna_modus' build argument 'cmake_clean_cache' from command line to 'False'
[1.745s] Level 5:colcon.colcon_core.verb:set package 'pkg_antenna_modus' build argument 'cmake_clean_first' from command line to 'False'
[1.745s] Level 5:colcon.colcon_core.verb:set package 'pkg_antenna_modus' build argument 'cmake_force_configure' from command line to 'False'
[1.745s] Level 5:colcon.colcon_core.verb:set package 'pkg_antenna_modus' build argument 'ament_cmake_args' from command line to 'None'
[1.745s] Level 5:colcon.colcon_core.verb:set package 'pkg_antenna_modus' build argument 'catkin_cmake_args' from command line to 'None'
[1.745s] Level 5:colcon.colcon_core.verb:set package 'pkg_antenna_modus' build argument 'catkin_skip_building_tests' from command line to 'False'
[1.746s] DEBUG:colcon.colcon_core.verb:Building package 'pkg_antenna_modus' with the following arguments: {'ament_cmake_args': None, 'build_base': '/home/berko-vm/ros2_ws/build/pkg_antenna_modus', 'catkin_cmake_args': None, 'catkin_skip_building_tests': False, 'cmake_args': None, 'cmake_clean_cache': False, 'cmake_clean_first': False, 'cmake_force_configure': False, 'cmake_target': None, 'cmake_target_skip_unavailable': False, 'install_base': '/home/berko-vm/ros2_ws/install/pkg_antenna_modus', 'merge_install': False, 'path': '/home/berko-vm/ros2_ws/src/pkg_antenna_modus', 'symlink_install': False, 'test_result_base': None}
[1.746s] INFO:colcon.colcon_core.executor:Executing jobs using 'parallel' executor
[1.749s] DEBUG:colcon.colcon_parallel_executor.executor.parallel:run_until_complete
[1.749s] INFO:colcon.colcon_ros.task.ament_python.build:Building ROS package in '/home/berko-vm/ros2_ws/src/pkg_antenna_modus' with build type 'ament_python'
[1.750s] Level 1:colcon.colcon_core.shell:create_environment_hook('pkg_antenna_modus', 'ament_prefix_path')
[1.755s] INFO:colcon.colcon_core.plugin_system:Skipping extension 'colcon_core.shell.bat': Not used on non-Windows systems
[1.756s] INFO:colcon.colcon_core.shell:Creating environment hook '/home/berko-vm/ros2_ws/install/pkg_antenna_modus/share/pkg_antenna_modus/hook/ament_prefix_path.ps1'
[1.758s] INFO:colcon.colcon_core.shell:Creating environment descriptor '/home/berko-vm/ros2_ws/install/pkg_antenna_modus/share/pkg_antenna_modus/hook/ament_prefix_path.dsv'
[1.760s] INFO:colcon.colcon_core.shell:Creating environment hook '/home/berko-vm/ros2_ws/install/pkg_antenna_modus/share/pkg_antenna_modus/hook/ament_prefix_path.sh'
[1.763s] INFO:colcon.colcon_core.shell:Skip shell extension 'powershell' for command environment: Not usable outside of PowerShell
[1.764s] DEBUG:colcon.colcon_core.shell:Skip shell extension 'dsv' for command environment
[2.617s] INFO:colcon.colcon_core.task.python.build:Building Python package in '/home/berko-vm/ros2_ws/src/pkg_antenna_modus'
[2.618s] INFO:colcon.colcon_core.shell:Skip shell extension 'powershell' for command environment: Not usable outside of PowerShell
[2.619s] DEBUG:colcon.colcon_core.shell:Skip shell extension 'dsv' for command environment
[3.708s] DEBUG:colcon.colcon_core.event_handler.log_command:Invoking command in '/home/berko-vm/ros2_ws/src/pkg_antenna_modus': PYTHONPATH=/home/berko-vm/ros2_ws/build/pkg_antenna_modus/prefix_override:/usr/lib/python3/dist-packages/colcon_core/task/python/colcon_distutils_commands:/home/berko-vm/ros2_ws/install/pkg_antenna_modus/lib/python3.10/site-packages:${PYTHONPATH} /usr/bin/python3 -W ignore:setup.py install is deprecated -W ignore:easy_install command is deprecated setup.py egg_info --egg-base ../../build/pkg_antenna_modus build --build-base /home/berko-vm/ros2_ws/build/pkg_antenna_modus/build install --record /home/berko-vm/ros2_ws/build/pkg_antenna_modus/install.log --single-version-externally-managed install_data
[4.584s] DEBUG:colcon.colcon_core.event_handler.log_command:Invoked command in '/home/berko-vm/ros2_ws/src/pkg_antenna_modus' returned '0': PYTHONPATH=/home/berko-vm/ros2_ws/build/pkg_antenna_modus/prefix_override:/usr/lib/python3/dist-packages/colcon_core/task/python/colcon_distutils_commands:/home/berko-vm/ros2_ws/install/pkg_antenna_modus/lib/python3.10/site-packages:${PYTHONPATH} /usr/bin/python3 -W ignore:setup.py install is deprecated -W ignore:easy_install command is deprecated setup.py egg_info --egg-base ../../build/pkg_antenna_modus build --build-base /home/berko-vm/ros2_ws/build/pkg_antenna_modus/build install --record /home/berko-vm/ros2_ws/build/pkg_antenna_modus/install.log --single-version-externally-managed install_data
[4.587s] Level 1:colcon.colcon_core.environment:checking '/home/berko-vm/ros2_ws/install/pkg_antenna_modus' for CMake module files
[4.588s] Level 1:colcon.colcon_core.environment:checking '/home/berko-vm/ros2_ws/install/pkg_antenna_modus' for CMake config files
[4.593s] Level 1:colcon.colcon_core.environment:checking '/home/berko-vm/ros2_ws/install/pkg_antenna_modus/lib'
[4.594s] Level 1:colcon.colcon_core.environment:checking '/home/berko-vm/ros2_ws/install/pkg_antenna_modus/bin'
[4.594s] Level 1:colcon.colcon_core.environment:checking '/home/berko-vm/ros2_ws/install/pkg_antenna_modus/lib/pkgconfig/pkg_antenna_modus.pc'
[4.595s] Level 1:colcon.colcon_core.environment:checking '/home/berko-vm/ros2_ws/install/pkg_antenna_modus/lib/python3.10/site-packages'
[4.595s] Level 1:colcon.colcon_core.shell:create_environment_hook('pkg_antenna_modus', 'pythonpath')
[4.595s] INFO:colcon.colcon_core.shell:Creating environment hook '/home/berko-vm/ros2_ws/install/pkg_antenna_modus/share/pkg_antenna_modus/hook/pythonpath.ps1'
[4.597s] INFO:colcon.colcon_core.shell:Creating environment descriptor '/home/berko-vm/ros2_ws/install/pkg_antenna_modus/share/pkg_antenna_modus/hook/pythonpath.dsv'
[4.598s] INFO:colcon.colcon_core.shell:Creating environment hook '/home/berko-vm/ros2_ws/install/pkg_antenna_modus/share/pkg_antenna_modus/hook/pythonpath.sh'
[4.600s] Level 1:colcon.colcon_core.environment:checking '/home/berko-vm/ros2_ws/install/pkg_antenna_modus/bin'
[4.600s] Level 1:colcon.colcon_core.environment:create_environment_scripts_only(pkg_antenna_modus)
[4.601s] INFO:colcon.colcon_core.shell:Creating package script '/home/berko-vm/ros2_ws/install/pkg_antenna_modus/share/pkg_antenna_modus/package.ps1'
[4.604s] INFO:colcon.colcon_core.shell:Creating package descriptor '/home/berko-vm/ros2_ws/install/pkg_antenna_modus/share/pkg_antenna_modus/package.dsv'
[4.606s] INFO:colcon.colcon_core.shell:Creating package script '/home/berko-vm/ros2_ws/install/pkg_antenna_modus/share/pkg_antenna_modus/package.sh'
[4.609s] INFO:colcon.colcon_core.shell:Creating package script '/home/berko-vm/ros2_ws/install/pkg_antenna_modus/share/pkg_antenna_modus/package.bash'
[4.611s] INFO:colcon.colcon_core.shell:Creating package script '/home/berko-vm/ros2_ws/install/pkg_antenna_modus/share/pkg_antenna_modus/package.zsh'
[4.613s] Level 1:colcon.colcon_core.environment:create_file_with_runtime_dependencies(/home/berko-vm/ros2_ws/install/pkg_antenna_modus/share/colcon-core/packages/pkg_antenna_modus)
[4.616s] DEBUG:colcon.colcon_parallel_executor.executor.parallel:closing loop
[4.617s] DEBUG:colcon.colcon_parallel_executor.executor.parallel:loop closed
[4.617s] DEBUG:colcon.colcon_parallel_executor.executor.parallel:run_until_complete finished with '0'
[4.617s] DEBUG:colcon.colcon_core.event_reactor:joining thread
[4.652s] INFO:colcon.colcon_core.plugin_system:Skipping extension 'colcon_notification.desktop_notification.terminal_notifier': Not used on non-Darwin systems
[4.653s] INFO:colcon.colcon_core.plugin_system:Skipping extension 'colcon_notification.desktop_notification.win32': Not used on non-Windows systems
[4.653s] INFO:colcon.colcon_notification.desktop_notification:Sending desktop notification using 'notify2'
[4.737s] DEBUG:colcon.colcon_core.event_reactor:joined thread
[4.738s] INFO:colcon.colcon_core.shell:Creating prefix script '/home/berko-vm/ros2_ws/install/local_setup.ps1'
[4.744s] INFO:colcon.colcon_core.shell:Creating prefix util module '/home/berko-vm/ros2_ws/install/_local_setup_util_ps1.py'
[4.757s] INFO:colcon.colcon_core.shell:Creating prefix chain script '/home/berko-vm/ros2_ws/install/setup.ps1'
[4.761s] INFO:colcon.colcon_core.shell:Creating prefix script '/home/berko-vm/ros2_ws/install/local_setup.sh'
[4.764s] INFO:colcon.colcon_core.shell:Creating prefix util module '/home/berko-vm/ros2_ws/install/_local_setup_util_sh.py'
[4.766s] INFO:colcon.colcon_core.shell:Creating prefix chain script '/home/berko-vm/ros2_ws/install/setup.sh'
[4.769s] INFO:colcon.colcon_core.shell:Creating prefix script '/home/berko-vm/ros2_ws/install/local_setup.bash'
[4.771s] INFO:colcon.colcon_core.shell:Creating prefix chain script '/home/berko-vm/ros2_ws/install/setup.bash'
[4.774s] INFO:colcon.colcon_core.shell:Creating prefix script '/home/berko-vm/ros2_ws/install/local_setup.zsh'
[4.775s] INFO:colcon.colcon_core.shell:Creating prefix chain script '/home/berko-vm/ros2_ws/install/setup.zsh'
