[1.123s] DEBUG:colcon:Command line arguments: ['/usr/bin/colcon', 'list', '-p', '--base-paths', '/home/berko-vm/ros2_ws']
[1.129s] DEBUG:colcon:Parsed command line arguments: Namespace(log_base=None, log_level=None, verb_name='list', build_base='build', ignore_user_meta=False, metas=['./colcon.meta'], base_paths=['/home/berko-vm/ros2_ws'], packages_ignore=None, packages_ignore_regex=None, paths=None, packages_up_to=None, packages_up_to_regex=None, packages_above=None, packages_above_and_dependencies=None, packages_above_depth=None, packages_select_by_dep=None, packages_skip_by_dep=None, packages_skip_up_to=None, packages_select_build_failed=False, packages_skip_build_finished=False, packages_select_test_failures=False, packages_skip_test_passed=False, packages_select=None, packages_skip=None, packages_select_regex=None, packages_skip_regex=None, packages_start=None, packages_end=None, allow_overriding=[], topological_order=False, names_only=False, paths_only=True, topological_graph=False, topological_graph_dot=False, topological_graph_density=False, topological_graph_legend=False, topological_graph_dot_cluster=False, topological_graph_dot_include_skipped=False, verb_parser=<colcon_defaults.argument_parser.defaults.DefaultArgumentsDecorator object at 0x72ec21f64d90>, verb_extension=<colcon_package_information.verb.list.ListVerb object at 0x72ec21f64190>, main=<bound method ListVerb.main of <colcon_package_information.verb.list.ListVerb object at 0x72ec21f64190>>)
[2.006s] Level 1:colcon.colcon_core.package_discovery:discover_packages(colcon_meta) check parameters
[2.007s] Level 1:colcon.colcon_core.package_discovery:discover_packages(recursive) check parameters
[2.007s] Level 1:colcon.colcon_core.package_discovery:discover_packages(ignore) check parameters
[2.007s] Level 1:colcon.colcon_core.package_discovery:discover_packages(path) check parameters
[2.007s] Level 1:colcon.colcon_core.package_discovery:discover_packages(recursive) discover
[2.007s] INFO:colcon.colcon_core.package_discovery:Crawling recursively for packages in '/home/berko-vm/ros2_ws'
[2.007s] Level 1:colcon.colcon_core.package_identification:_identify(/home/berko-vm/ros2_ws) by extensions ['ignore', 'ignore_ament_install']
[2.007s] Level 1:colcon.colcon_core.package_identification:_identify(/home/berko-vm/ros2_ws) by extension 'ignore'
[2.008s] Level 1:colcon.colcon_core.package_identification:_identify(/home/berko-vm/ros2_ws) by extension 'ignore_ament_install'
[2.008s] Level 1:colcon.colcon_core.package_identification:_identify(/home/berko-vm/ros2_ws) by extensions ['colcon_pkg']
[2.008s] Level 1:colcon.colcon_core.package_identification:_identify(/home/berko-vm/ros2_ws) by extension 'colcon_pkg'
[2.009s] Level 1:colcon.colcon_core.package_identification:_identify(/home/berko-vm/ros2_ws) by extensions ['colcon_meta']
[2.009s] Level 1:colcon.colcon_core.package_identification:_identify(/home/berko-vm/ros2_ws) by extension 'colcon_meta'
[2.009s] Level 1:colcon.colcon_core.package_identification:_identify(/home/berko-vm/ros2_ws) by extensions ['ros']
[2.009s] Level 1:colcon.colcon_core.package_identification:_identify(/home/berko-vm/ros2_ws) by extension 'ros'
[2.186s] Level 1:colcon.colcon_core.package_identification:_identify(/home/berko-vm/ros2_ws) by extensions ['cmake', 'python']
[2.187s] Level 1:colcon.colcon_core.package_identification:_identify(/home/berko-vm/ros2_ws) by extension 'cmake'
[2.187s] Level 1:colcon.colcon_core.package_identification:_identify(/home/berko-vm/ros2_ws) by extension 'python'
[2.187s] Level 1:colcon.colcon_core.package_identification:_identify(/home/berko-vm/ros2_ws) by extensions ['python_setup_py']
[2.187s] Level 1:colcon.colcon_core.package_identification:_identify(/home/berko-vm/ros2_ws) by extension 'python_setup_py'
[2.188s] Level 1:colcon.colcon_core.package_identification:_identify(/home/berko-vm/ros2_ws/build) by extensions ['ignore', 'ignore_ament_install']
[2.188s] Level 1:colcon.colcon_core.package_identification:_identify(/home/berko-vm/ros2_ws/build) by extension 'ignore'
[2.188s] Level 1:colcon.colcon_core.package_identification:_identify(/home/berko-vm/ros2_ws/build) ignored
[2.189s] Level 1:colcon.colcon_core.package_identification:_identify(/home/berko-vm/ros2_ws/install) by extensions ['ignore', 'ignore_ament_install']
[2.190s] Level 1:colcon.colcon_core.package_identification:_identify(/home/berko-vm/ros2_ws/install) by extension 'ignore'
[2.190s] Level 1:colcon.colcon_core.package_identification:_identify(/home/berko-vm/ros2_ws/install) ignored
[2.190s] Level 1:colcon.colcon_core.package_identification:_identify(/home/berko-vm/ros2_ws/log) by extensions ['ignore', 'ignore_ament_install']
[2.190s] Level 1:colcon.colcon_core.package_identification:_identify(/home/berko-vm/ros2_ws/log) by extension 'ignore'
[2.191s] Level 1:colcon.colcon_core.package_identification:_identify(/home/berko-vm/ros2_ws/log) ignored
[2.194s] Level 1:colcon.colcon_core.package_identification:_identify(/home/berko-vm/ros2_ws/src) by extensions ['ignore', 'ignore_ament_install']
[2.195s] Level 1:colcon.colcon_core.package_identification:_identify(/home/berko-vm/ros2_ws/src) by extension 'ignore'
[2.195s] Level 1:colcon.colcon_core.package_identification:_identify(/home/berko-vm/ros2_ws/src) by extension 'ignore_ament_install'
[2.195s] Level 1:colcon.colcon_core.package_identification:_identify(/home/berko-vm/ros2_ws/src) by extensions ['colcon_pkg']
[2.198s] Level 1:colcon.colcon_core.package_identification:_identify(/home/berko-vm/ros2_ws/src) by extension 'colcon_pkg'
[2.198s] Level 1:colcon.colcon_core.package_identification:_identify(/home/berko-vm/ros2_ws/src) by extensions ['colcon_meta']
[2.198s] Level 1:colcon.colcon_core.package_identification:_identify(/home/berko-vm/ros2_ws/src) by extension 'colcon_meta'
[2.198s] Level 1:colcon.colcon_core.package_identification:_identify(/home/berko-vm/ros2_ws/src) by extensions ['ros']
[2.198s] Level 1:colcon.colcon_core.package_identification:_identify(/home/berko-vm/ros2_ws/src) by extension 'ros'
[2.199s] Level 1:colcon.colcon_core.package_identification:_identify(/home/berko-vm/ros2_ws/src) by extensions ['cmake', 'python']
[2.199s] Level 1:colcon.colcon_core.package_identification:_identify(/home/berko-vm/ros2_ws/src) by extension 'cmake'
[2.199s] Level 1:colcon.colcon_core.package_identification:_identify(/home/berko-vm/ros2_ws/src) by extension 'python'
[2.199s] Level 1:colcon.colcon_core.package_identification:_identify(/home/berko-vm/ros2_ws/src) by extensions ['python_setup_py']
[2.199s] Level 1:colcon.colcon_core.package_identification:_identify(/home/berko-vm/ros2_ws/src) by extension 'python_setup_py'
[2.200s] Level 1:colcon.colcon_core.package_identification:_identify(/home/berko-vm/ros2_ws/src/build) by extensions ['ignore', 'ignore_ament_install']
[2.200s] Level 1:colcon.colcon_core.package_identification:_identify(/home/berko-vm/ros2_ws/src/build) by extension 'ignore'
[2.200s] Level 1:colcon.colcon_core.package_identification:_identify(/home/berko-vm/ros2_ws/src/build) ignored
[2.200s] Level 1:colcon.colcon_core.package_identification:_identify(/home/berko-vm/ros2_ws/src/install) by extensions ['ignore', 'ignore_ament_install']
[2.200s] Level 1:colcon.colcon_core.package_identification:_identify(/home/berko-vm/ros2_ws/src/install) by extension 'ignore'
[2.200s] Level 1:colcon.colcon_core.package_identification:_identify(/home/berko-vm/ros2_ws/src/install) ignored
[2.201s] Level 1:colcon.colcon_core.package_identification:_identify(/home/berko-vm/ros2_ws/src/log) by extensions ['ignore', 'ignore_ament_install']
[2.201s] Level 1:colcon.colcon_core.package_identification:_identify(/home/berko-vm/ros2_ws/src/log) by extension 'ignore'
[2.204s] Level 1:colcon.colcon_core.package_identification:_identify(/home/berko-vm/ros2_ws/src/log) ignored
[2.204s] Level 1:colcon.colcon_core.package_identification:_identify(/home/berko-vm/ros2_ws/src/pkg_antenna_modus) by extensions ['ignore', 'ignore_ament_install']
[2.204s] Level 1:colcon.colcon_core.package_identification:_identify(/home/berko-vm/ros2_ws/src/pkg_antenna_modus) by extension 'ignore'
[2.205s] Level 1:colcon.colcon_core.package_identification:_identify(/home/berko-vm/ros2_ws/src/pkg_antenna_modus) by extension 'ignore_ament_install'
[2.205s] Level 1:colcon.colcon_core.package_identification:_identify(/home/berko-vm/ros2_ws/src/pkg_antenna_modus) by extensions ['colcon_pkg']
[2.205s] Level 1:colcon.colcon_core.package_identification:_identify(/home/berko-vm/ros2_ws/src/pkg_antenna_modus) by extension 'colcon_pkg'
[2.205s] Level 1:colcon.colcon_core.package_identification:_identify(/home/berko-vm/ros2_ws/src/pkg_antenna_modus) by extensions ['colcon_meta']
[2.205s] Level 1:colcon.colcon_core.package_identification:_identify(/home/berko-vm/ros2_ws/src/pkg_antenna_modus) by extension 'colcon_meta'
[2.205s] Level 1:colcon.colcon_core.package_identification:_identify(/home/berko-vm/ros2_ws/src/pkg_antenna_modus) by extensions ['ros']
[2.205s] Level 1:colcon.colcon_core.package_identification:_identify(/home/berko-vm/ros2_ws/src/pkg_antenna_modus) by extension 'ros'
[2.214s] DEBUG:colcon.colcon_core.package_identification:Package '/home/berko-vm/ros2_ws/src/pkg_antenna_modus' with type 'ros.ament_python' and name 'pkg_antenna_modus'
[2.214s] Level 1:colcon.colcon_core.package_identification:_identify(/home/berko-vm/ros2_ws/src/pkg_img) by extensions ['ignore', 'ignore_ament_install']
[2.214s] Level 1:colcon.colcon_core.package_identification:_identify(/home/berko-vm/ros2_ws/src/pkg_img) by extension 'ignore'
[2.215s] Level 1:colcon.colcon_core.package_identification:_identify(/home/berko-vm/ros2_ws/src/pkg_img) by extension 'ignore_ament_install'
[2.215s] Level 1:colcon.colcon_core.package_identification:_identify(/home/berko-vm/ros2_ws/src/pkg_img) by extensions ['colcon_pkg']
[2.215s] Level 1:colcon.colcon_core.package_identification:_identify(/home/berko-vm/ros2_ws/src/pkg_img) by extension 'colcon_pkg'
[2.215s] Level 1:colcon.colcon_core.package_identification:_identify(/home/berko-vm/ros2_ws/src/pkg_img) by extensions ['colcon_meta']
[2.215s] Level 1:colcon.colcon_core.package_identification:_identify(/home/berko-vm/ros2_ws/src/pkg_img) by extension 'colcon_meta'
[2.215s] Level 1:colcon.colcon_core.package_identification:_identify(/home/berko-vm/ros2_ws/src/pkg_img) by extensions ['ros']
[2.215s] Level 1:colcon.colcon_core.package_identification:_identify(/home/berko-vm/ros2_ws/src/pkg_img) by extension 'ros'
[2.217s] DEBUG:colcon.colcon_core.package_identification:Package '/home/berko-vm/ros2_ws/src/pkg_img' with type 'ros.ament_python' and name 'pkg_img'
[2.218s] Level 1:colcon.colcon_core.package_discovery:discover_packages(recursive) using defaults
