running egg_info
writing ../../build/pkg_img/pkg_img.egg-info/PKG-INFO
writing dependency_links to ../../build/pkg_img/pkg_img.egg-info/dependency_links.txt
writing entry points to ../../build/pkg_img/pkg_img.egg-info/entry_points.txt
writing requirements to ../../build/pkg_img/pkg_img.egg-info/requires.txt
writing top-level names to ../../build/pkg_img/pkg_img.egg-info/top_level.txt
reading manifest file '../../build/pkg_img/pkg_img.egg-info/SOURCES.txt'
writing manifest file '../../build/pkg_img/pkg_img.egg-info/SOURCES.txt'
running build
running build_py
copying pkg_img/image_view.py -> /home/berko-vm/ros2_ws/build/pkg_img/build/lib/pkg_img
running install
running install_lib
copying /home/berko-vm/ros2_ws/build/pkg_img/build/lib/pkg_img/image_view.py -> /home/berko-vm/ros2_ws/install/pkg_img/lib/python3.10/site-packages/pkg_img
byte-compiling /home/berko-vm/ros2_ws/install/pkg_img/lib/python3.10/site-packages/pkg_img/image_view.py to image_view.cpython-310.pyc
running install_data
running install_egg_info
removing '/home/berko-vm/ros2_ws/install/pkg_img/lib/python3.10/site-packages/pkg_img-0.0.0-py3.10.egg-info' (and everything under it)
Copying ../../build/pkg_img/pkg_img.egg-info to /home/berko-vm/ros2_ws/install/pkg_img/lib/python3.10/site-packages/pkg_img-0.0.0-py3.10.egg-info
running install_scripts
Installing cam_publisher script to /home/berko-vm/ros2_ws/install/pkg_img/lib/pkg_img
Installing image_view script to /home/berko-vm/ros2_ws/install/pkg_img/lib/pkg_img
writing list of installed files to '/home/berko-vm/ros2_ws/build/pkg_img/install.log'
