[1.682s] Invoking command in '/home/berko-vm/ros2_ws/src/pkg_img': PYTHONPATH=/home/berko-vm/ros2_ws/build/pkg_img/prefix_override:/usr/lib/python3/dist-packages/colcon_core/task/python/colcon_distutils_commands:/home/berko-vm/ros2_ws/install/pkg_img/lib/python3.10/site-packages:${PYTHONPATH} /usr/bin/python3 -W ignore:setup.py install is deprecated -W ignore:easy_install command is deprecated setup.py egg_info --egg-base ../../build/pkg_img build --build-base /home/berko-vm/ros2_ws/build/pkg_img/build install --record /home/berko-vm/ros2_ws/build/pkg_img/install.log --single-version-externally-managed install_data
[2.277s] running egg_info
[2.280s] writing ../../build/pkg_img/pkg_img.egg-info/PKG-INFO
[2.281s] writing dependency_links to ../../build/pkg_img/pkg_img.egg-info/dependency_links.txt
[2.281s] writing entry points to ../../build/pkg_img/pkg_img.egg-info/entry_points.txt
[2.283s] writing requirements to ../../build/pkg_img/pkg_img.egg-info/requires.txt
[2.283s] writing top-level names to ../../build/pkg_img/pkg_img.egg-info/top_level.txt
[2.289s] reading manifest file '../../build/pkg_img/pkg_img.egg-info/SOURCES.txt'
[2.323s] writing manifest file '../../build/pkg_img/pkg_img.egg-info/SOURCES.txt'
[2.323s] running build
[2.324s] running build_py
[2.325s] copying pkg_img/image_view.py -> /home/berko-vm/ros2_ws/build/pkg_img/build/lib/pkg_img
[2.326s] running install
[2.328s] running install_lib
[2.331s] copying /home/berko-vm/ros2_ws/build/pkg_img/build/lib/pkg_img/image_view.py -> /home/berko-vm/ros2_ws/install/pkg_img/lib/python3.10/site-packages/pkg_img
[2.335s] byte-compiling /home/berko-vm/ros2_ws/install/pkg_img/lib/python3.10/site-packages/pkg_img/image_view.py to image_view.cpython-310.pyc
[2.336s] running install_data
[2.336s] running install_egg_info
[2.340s] removing '/home/berko-vm/ros2_ws/install/pkg_img/lib/python3.10/site-packages/pkg_img-0.0.0-py3.10.egg-info' (and everything under it)
[2.343s] Copying ../../build/pkg_img/pkg_img.egg-info to /home/berko-vm/ros2_ws/install/pkg_img/lib/python3.10/site-packages/pkg_img-0.0.0-py3.10.egg-info
[2.348s] running install_scripts
[2.404s] Installing cam_publisher script to /home/berko-vm/ros2_ws/install/pkg_img/lib/pkg_img
[2.406s] Installing image_view script to /home/berko-vm/ros2_ws/install/pkg_img/lib/pkg_img
[2.407s] writing list of installed files to '/home/berko-vm/ros2_ws/build/pkg_img/install.log'
[2.460s] Invoked command in '/home/berko-vm/ros2_ws/src/pkg_img' returned '0': PYTHONPATH=/home/berko-vm/ros2_ws/build/pkg_img/prefix_override:/usr/lib/python3/dist-packages/colcon_core/task/python/colcon_distutils_commands:/home/berko-vm/ros2_ws/install/pkg_img/lib/python3.10/site-packages:${PYTHONPATH} /usr/bin/python3 -W ignore:setup.py install is deprecated -W ignore:easy_install command is deprecated setup.py egg_info --egg-base ../../build/pkg_img build --build-base /home/berko-vm/ros2_ws/build/pkg_img/build install --record /home/berko-vm/ros2_ws/build/pkg_img/install.log --single-version-externally-managed install_data
