[0.573s] DEBUG:colcon:Command line arguments: ['/usr/bin/colcon', 'build']
[0.573s] DEBUG:colcon:Parsed command line arguments: Namespace(log_base=None, log_level=None, verb_name='build', build_base='build', install_base='install', merge_install=False, symlink_install=False, test_result_base=None, continue_on_error=False, executor='parallel', parallel_workers=4, event_handlers=None, ignore_user_meta=False, metas=['./colcon.meta'], base_paths=['.'], packages_ignore=None, packages_ignore_regex=None, paths=None, packages_up_to=None, packages_up_to_regex=None, packages_above=None, packages_above_and_dependencies=None, packages_above_depth=None, packages_select_by_dep=None, packages_skip_by_dep=None, packages_skip_up_to=None, packages_select_build_failed=False, packages_skip_build_finished=False, packages_select_test_failures=False, packages_skip_test_passed=False, packages_select=None, packages_skip=None, packages_select_regex=None, packages_skip_regex=None, packages_start=None, packages_end=None, allow_overriding=[], cmake_args=None, cmake_target=None, cmake_target_skip_unavailable=False, cmake_clean_cache=False, cmake_clean_first=False, cmake_force_configure=False, ament_cmake_args=None, catkin_cmake_args=None, catkin_skip_building_tests=False, verb_parser=<colcon_defaults.argument_parser.defaults.DefaultArgumentsDecorator object at 0x73d075236fe0>, verb_extension=<colcon_core.verb.build.BuildVerb object at 0x73d075378460>, main=<bound method BuildVerb.main of <colcon_core.verb.build.BuildVerb object at 0x73d075378460>>)
[1.287s] Level 1:colcon.colcon_core.package_discovery:discover_packages(colcon_meta) check parameters
[1.288s] Level 1:colcon.colcon_core.package_discovery:discover_packages(recursive) check parameters
[1.288s] Level 1:colcon.colcon_core.package_discovery:discover_packages(ignore) check parameters
[1.288s] Level 1:colcon.colcon_core.package_discovery:discover_packages(path) check parameters
[1.288s] Level 1:colcon.colcon_core.package_discovery:discover_packages(colcon_meta) discover
[1.288s] Level 1:colcon.colcon_core.package_discovery:discover_packages(recursive) discover
[1.289s] INFO:colcon.colcon_core.package_discovery:Crawling recursively for packages in '/home/berko-vm/ros2_ws'
[1.289s] Level 1:colcon.colcon_core.package_identification:_identify(.) by extensions ['ignore', 'ignore_ament_install']
[1.289s] Level 1:colcon.colcon_core.package_identification:_identify(.) by extension 'ignore'
[1.289s] Level 1:colcon.colcon_core.package_identification:_identify(.) by extension 'ignore_ament_install'
[1.290s] Level 1:colcon.colcon_core.package_identification:_identify(.) by extensions ['colcon_pkg']
[1.290s] Level 1:colcon.colcon_core.package_identification:_identify(.) by extension 'colcon_pkg'
[1.290s] Level 1:colcon.colcon_core.package_identification:_identify(.) by extensions ['colcon_meta']
[1.290s] Level 1:colcon.colcon_core.package_identification:_identify(.) by extension 'colcon_meta'
[1.290s] Level 1:colcon.colcon_core.package_identification:_identify(.) by extensions ['ros']
[1.290s] Level 1:colcon.colcon_core.package_identification:_identify(.) by extension 'ros'
[1.326s] Level 1:colcon.colcon_core.package_identification:_identify(.) by extensions ['cmake', 'python']
[1.326s] Level 1:colcon.colcon_core.package_identification:_identify(.) by extension 'cmake'
[1.326s] Level 1:colcon.colcon_core.package_identification:_identify(.) by extension 'python'
[1.327s] Level 1:colcon.colcon_core.package_identification:_identify(.) by extensions ['python_setup_py']
[1.327s] Level 1:colcon.colcon_core.package_identification:_identify(.) by extension 'python_setup_py'
[1.328s] Level 1:colcon.colcon_core.package_identification:_identify(build) by extensions ['ignore', 'ignore_ament_install']
[1.328s] Level 1:colcon.colcon_core.package_identification:_identify(build) by extension 'ignore'
[1.329s] Level 1:colcon.colcon_core.package_identification:_identify(build) ignored
[1.330s] Level 1:colcon.colcon_core.package_identification:_identify(install) by extensions ['ignore', 'ignore_ament_install']
[1.330s] Level 1:colcon.colcon_core.package_identification:_identify(install) by extension 'ignore'
[1.330s] Level 1:colcon.colcon_core.package_identification:_identify(install) ignored
[1.331s] Level 1:colcon.colcon_core.package_identification:_identify(log) by extensions ['ignore', 'ignore_ament_install']
[1.331s] Level 1:colcon.colcon_core.package_identification:_identify(log) by extension 'ignore'
[1.331s] Level 1:colcon.colcon_core.package_identification:_identify(log) ignored
[1.331s] Level 1:colcon.colcon_core.package_identification:_identify(src) by extensions ['ignore', 'ignore_ament_install']
[1.332s] Level 1:colcon.colcon_core.package_identification:_identify(src) by extension 'ignore'
[1.332s] Level 1:colcon.colcon_core.package_identification:_identify(src) by extension 'ignore_ament_install'
[1.332s] Level 1:colcon.colcon_core.package_identification:_identify(src) by extensions ['colcon_pkg']
[1.332s] Level 1:colcon.colcon_core.package_identification:_identify(src) by extension 'colcon_pkg'
[1.332s] Level 1:colcon.colcon_core.package_identification:_identify(src) by extensions ['colcon_meta']
[1.332s] Level 1:colcon.colcon_core.package_identification:_identify(src) by extension 'colcon_meta'
[1.332s] Level 1:colcon.colcon_core.package_identification:_identify(src) by extensions ['ros']
[1.333s] Level 1:colcon.colcon_core.package_identification:_identify(src) by extension 'ros'
[1.333s] Level 1:colcon.colcon_core.package_identification:_identify(src) by extensions ['cmake', 'python']
[1.333s] Level 1:colcon.colcon_core.package_identification:_identify(src) by extension 'cmake'
[1.333s] Level 1:colcon.colcon_core.package_identification:_identify(src) by extension 'python'
[1.333s] Level 1:colcon.colcon_core.package_identification:_identify(src) by extensions ['python_setup_py']
[1.333s] Level 1:colcon.colcon_core.package_identification:_identify(src) by extension 'python_setup_py'
[1.334s] Level 1:colcon.colcon_core.package_identification:_identify(src/pkg_img) by extensions ['ignore', 'ignore_ament_install']
[1.334s] Level 1:colcon.colcon_core.package_identification:_identify(src/pkg_img) by extension 'ignore'
[1.334s] Level 1:colcon.colcon_core.package_identification:_identify(src/pkg_img) by extension 'ignore_ament_install'
[1.334s] Level 1:colcon.colcon_core.package_identification:_identify(src/pkg_img) by extensions ['colcon_pkg']
[1.334s] Level 1:colcon.colcon_core.package_identification:_identify(src/pkg_img) by extension 'colcon_pkg'
[1.334s] Level 1:colcon.colcon_core.package_identification:_identify(src/pkg_img) by extensions ['colcon_meta']
[1.335s] Level 1:colcon.colcon_core.package_identification:_identify(src/pkg_img) by extension 'colcon_meta'
[1.335s] Level 1:colcon.colcon_core.package_identification:_identify(src/pkg_img) by extensions ['ros']
[1.335s] Level 1:colcon.colcon_core.package_identification:_identify(src/pkg_img) by extension 'ros'
[1.345s] DEBUG:colcon.colcon_core.package_identification:Package 'src/pkg_img' with type 'ros.ament_python' and name 'pkg_img'
[1.346s] Level 1:colcon.colcon_core.package_discovery:discover_packages(recursive) using defaults
[1.346s] Level 1:colcon.colcon_core.package_discovery:discover_packages(ignore) discover
[1.346s] Level 1:colcon.colcon_core.package_discovery:discover_packages(ignore) using defaults
[1.346s] Level 1:colcon.colcon_core.package_discovery:discover_packages(path) discover
[1.346s] Level 1:colcon.colcon_core.package_discovery:discover_packages(path) using defaults
[1.416s] Level 1:colcon.colcon_core.package_discovery:discover_packages(prefix_path) check parameters
[1.416s] Level 1:colcon.colcon_core.package_discovery:discover_packages(prefix_path) discover
[1.426s] DEBUG:colcon.colcon_installed_package_information.package_discovery:Found 1 installed packages in /home/berko-vm/ros2_ws/install
[1.431s] DEBUG:colcon.colcon_installed_package_information.package_discovery:Found 271 installed packages in /opt/ros/humble
[1.434s] Level 1:colcon.colcon_core.package_discovery:discover_packages(prefix_path) using defaults
[1.712s] Level 5:colcon.colcon_core.verb:set package 'pkg_img' build argument 'cmake_args' from command line to 'None'
[1.712s] Level 5:colcon.colcon_core.verb:set package 'pkg_img' build argument 'cmake_target' from command line to 'None'
[1.712s] Level 5:colcon.colcon_core.verb:set package 'pkg_img' build argument 'cmake_target_skip_unavailable' from command line to 'False'
[1.712s] Level 5:colcon.colcon_core.verb:set package 'pkg_img' build argument 'cmake_clean_cache' from command line to 'False'
[1.712s] Level 5:colcon.colcon_core.verb:set package 'pkg_img' build argument 'cmake_clean_first' from command line to 'False'
[1.712s] Level 5:colcon.colcon_core.verb:set package 'pkg_img' build argument 'cmake_force_configure' from command line to 'False'
[1.712s] Level 5:colcon.colcon_core.verb:set package 'pkg_img' build argument 'ament_cmake_args' from command line to 'None'
[1.712s] Level 5:colcon.colcon_core.verb:set package 'pkg_img' build argument 'catkin_cmake_args' from command line to 'None'
[1.712s] Level 5:colcon.colcon_core.verb:set package 'pkg_img' build argument 'catkin_skip_building_tests' from command line to 'False'
[1.712s] DEBUG:colcon.colcon_core.verb:Building package 'pkg_img' with the following arguments: {'ament_cmake_args': None, 'build_base': '/home/berko-vm/ros2_ws/build/pkg_img', 'catkin_cmake_args': None, 'catkin_skip_building_tests': False, 'cmake_args': None, 'cmake_clean_cache': False, 'cmake_clean_first': False, 'cmake_force_configure': False, 'cmake_target': None, 'cmake_target_skip_unavailable': False, 'install_base': '/home/berko-vm/ros2_ws/install/pkg_img', 'merge_install': False, 'path': '/home/berko-vm/ros2_ws/src/pkg_img', 'symlink_install': False, 'test_result_base': None}
[1.713s] INFO:colcon.colcon_core.executor:Executing jobs using 'parallel' executor
[1.715s] DEBUG:colcon.colcon_parallel_executor.executor.parallel:run_until_complete
[1.716s] INFO:colcon.colcon_ros.task.ament_python.build:Building ROS package in '/home/berko-vm/ros2_ws/src/pkg_img' with build type 'ament_python'
[1.716s] Level 1:colcon.colcon_core.shell:create_environment_hook('pkg_img', 'ament_prefix_path')
[1.732s] INFO:colcon.colcon_core.plugin_system:Skipping extension 'colcon_core.shell.bat': Not used on non-Windows systems
[1.733s] INFO:colcon.colcon_core.shell:Creating environment hook '/home/berko-vm/ros2_ws/install/pkg_img/share/pkg_img/hook/ament_prefix_path.ps1'
[1.736s] INFO:colcon.colcon_core.shell:Creating environment descriptor '/home/berko-vm/ros2_ws/install/pkg_img/share/pkg_img/hook/ament_prefix_path.dsv'
[1.738s] INFO:colcon.colcon_core.shell:Creating environment hook '/home/berko-vm/ros2_ws/install/pkg_img/share/pkg_img/hook/ament_prefix_path.sh'
[1.741s] INFO:colcon.colcon_core.shell:Skip shell extension 'powershell' for command environment: Not usable outside of PowerShell
[1.741s] DEBUG:colcon.colcon_core.shell:Skip shell extension 'dsv' for command environment
[2.413s] INFO:colcon.colcon_core.task.python.build:Building Python package in '/home/berko-vm/ros2_ws/src/pkg_img'
[2.414s] INFO:colcon.colcon_core.shell:Skip shell extension 'powershell' for command environment: Not usable outside of PowerShell
[2.414s] DEBUG:colcon.colcon_core.shell:Skip shell extension 'dsv' for command environment
[3.292s] DEBUG:colcon.colcon_core.event_handler.log_command:Invoking command in '/home/berko-vm/ros2_ws/src/pkg_img': PYTHONPATH=/home/berko-vm/ros2_ws/build/pkg_img/prefix_override:/usr/lib/python3/dist-packages/colcon_core/task/python/colcon_distutils_commands:/home/berko-vm/ros2_ws/install/pkg_img/lib/python3.10/site-packages:${PYTHONPATH} /usr/bin/python3 -W ignore:setup.py install is deprecated -W ignore:easy_install command is deprecated setup.py egg_info --egg-base ../../build/pkg_img build --build-base /home/berko-vm/ros2_ws/build/pkg_img/build install --record /home/berko-vm/ros2_ws/build/pkg_img/install.log --single-version-externally-managed install_data
[4.043s] DEBUG:colcon.colcon_core.event_handler.log_command:Invoked command in '/home/berko-vm/ros2_ws/src/pkg_img' returned '0': PYTHONPATH=/home/berko-vm/ros2_ws/build/pkg_img/prefix_override:/usr/lib/python3/dist-packages/colcon_core/task/python/colcon_distutils_commands:/home/berko-vm/ros2_ws/install/pkg_img/lib/python3.10/site-packages:${PYTHONPATH} /usr/bin/python3 -W ignore:setup.py install is deprecated -W ignore:easy_install command is deprecated setup.py egg_info --egg-base ../../build/pkg_img build --build-base /home/berko-vm/ros2_ws/build/pkg_img/build install --record /home/berko-vm/ros2_ws/build/pkg_img/install.log --single-version-externally-managed install_data
[4.055s] Level 1:colcon.colcon_core.environment:checking '/home/berko-vm/ros2_ws/install/pkg_img' for CMake module files
[4.057s] Level 1:colcon.colcon_core.environment:checking '/home/berko-vm/ros2_ws/install/pkg_img' for CMake config files
[4.060s] Level 1:colcon.colcon_core.environment:checking '/home/berko-vm/ros2_ws/install/pkg_img/lib'
[4.060s] Level 1:colcon.colcon_core.environment:checking '/home/berko-vm/ros2_ws/install/pkg_img/bin'
[4.061s] Level 1:colcon.colcon_core.environment:checking '/home/berko-vm/ros2_ws/install/pkg_img/lib/pkgconfig/pkg_img.pc'
[4.061s] Level 1:colcon.colcon_core.environment:checking '/home/berko-vm/ros2_ws/install/pkg_img/lib/python3.10/site-packages'
[4.061s] Level 1:colcon.colcon_core.shell:create_environment_hook('pkg_img', 'pythonpath')
[4.062s] INFO:colcon.colcon_core.shell:Creating environment hook '/home/berko-vm/ros2_ws/install/pkg_img/share/pkg_img/hook/pythonpath.ps1'
[4.063s] INFO:colcon.colcon_core.shell:Creating environment descriptor '/home/berko-vm/ros2_ws/install/pkg_img/share/pkg_img/hook/pythonpath.dsv'
[4.065s] INFO:colcon.colcon_core.shell:Creating environment hook '/home/berko-vm/ros2_ws/install/pkg_img/share/pkg_img/hook/pythonpath.sh'
[4.067s] Level 1:colcon.colcon_core.environment:checking '/home/berko-vm/ros2_ws/install/pkg_img/bin'
[4.068s] Level 1:colcon.colcon_core.environment:create_environment_scripts_only(pkg_img)
[4.069s] INFO:colcon.colcon_core.shell:Creating package script '/home/berko-vm/ros2_ws/install/pkg_img/share/pkg_img/package.ps1'
[4.074s] INFO:colcon.colcon_core.shell:Creating package descriptor '/home/berko-vm/ros2_ws/install/pkg_img/share/pkg_img/package.dsv'
[4.077s] INFO:colcon.colcon_core.shell:Creating package script '/home/berko-vm/ros2_ws/install/pkg_img/share/pkg_img/package.sh'
[4.079s] INFO:colcon.colcon_core.shell:Creating package script '/home/berko-vm/ros2_ws/install/pkg_img/share/pkg_img/package.bash'
[4.081s] INFO:colcon.colcon_core.shell:Creating package script '/home/berko-vm/ros2_ws/install/pkg_img/share/pkg_img/package.zsh'
[4.084s] Level 1:colcon.colcon_core.environment:create_file_with_runtime_dependencies(/home/berko-vm/ros2_ws/install/pkg_img/share/colcon-core/packages/pkg_img)
[4.087s] DEBUG:colcon.colcon_parallel_executor.executor.parallel:closing loop
[4.089s] DEBUG:colcon.colcon_parallel_executor.executor.parallel:loop closed
[4.089s] DEBUG:colcon.colcon_parallel_executor.executor.parallel:run_until_complete finished with '0'
[4.089s] DEBUG:colcon.colcon_core.event_reactor:joining thread
[4.164s] INFO:colcon.colcon_core.plugin_system:Skipping extension 'colcon_notification.desktop_notification.terminal_notifier': Not used on non-Darwin systems
[4.164s] INFO:colcon.colcon_core.plugin_system:Skipping extension 'colcon_notification.desktop_notification.win32': Not used on non-Windows systems
[4.164s] INFO:colcon.colcon_notification.desktop_notification:Sending desktop notification using 'notify2'
[4.401s] DEBUG:colcon.colcon_core.event_reactor:joined thread
[4.402s] INFO:colcon.colcon_core.shell:Creating prefix script '/home/berko-vm/ros2_ws/install/local_setup.ps1'
[4.406s] INFO:colcon.colcon_core.shell:Creating prefix util module '/home/berko-vm/ros2_ws/install/_local_setup_util_ps1.py'
[4.412s] INFO:colcon.colcon_core.shell:Creating prefix chain script '/home/berko-vm/ros2_ws/install/setup.ps1'
[4.416s] INFO:colcon.colcon_core.shell:Creating prefix script '/home/berko-vm/ros2_ws/install/local_setup.sh'
[4.419s] INFO:colcon.colcon_core.shell:Creating prefix util module '/home/berko-vm/ros2_ws/install/_local_setup_util_sh.py'
[4.421s] INFO:colcon.colcon_core.shell:Creating prefix chain script '/home/berko-vm/ros2_ws/install/setup.sh'
[4.425s] INFO:colcon.colcon_core.shell:Creating prefix script '/home/berko-vm/ros2_ws/install/local_setup.bash'
[4.427s] INFO:colcon.colcon_core.shell:Creating prefix chain script '/home/berko-vm/ros2_ws/install/setup.bash'
[4.431s] INFO:colcon.colcon_core.shell:Creating prefix script '/home/berko-vm/ros2_ws/install/local_setup.zsh'
[4.434s] INFO:colcon.colcon_core.shell:Creating prefix chain script '/home/berko-vm/ros2_ws/install/setup.zsh'
