[0.548s] DEBUG:colcon:Command line arguments: ['/usr/bin/colcon', 'list', '-p', '--base-paths', '/home/berko-vm/ros2_ws']
[0.548s] DEBUG:colcon:Parsed command line arguments: Namespace(log_base=None, log_level=None, verb_name='list', build_base='build', ignore_user_meta=False, metas=['./colcon.meta'], base_paths=['/home/berko-vm/ros2_ws'], packages_ignore=None, packages_ignore_regex=None, paths=None, packages_up_to=None, packages_up_to_regex=None, packages_above=None, packages_above_and_dependencies=None, packages_above_depth=None, packages_select_by_dep=None, packages_skip_by_dep=None, packages_skip_up_to=None, packages_select_build_failed=False, packages_skip_build_finished=False, packages_select_test_failures=False, packages_skip_test_passed=False, packages_select=None, packages_skip=None, packages_select_regex=None, packages_skip_regex=None, packages_start=None, packages_end=None, allow_overriding=[], topological_order=False, names_only=False, paths_only=True, topological_graph=False, topological_graph_dot=False, topological_graph_density=False, topological_graph_legend=False, topological_graph_dot_cluster=False, topological_graph_dot_include_skipped=False, verb_parser=<colcon_defaults.argument_parser.defaults.DefaultArgumentsDecorator object at 0x7f32b0fe4df0>, verb_extension=<colcon_package_information.verb.list.ListVerb object at 0x7f32b0fe41f0>, main=<bound method ListVerb.main of <colcon_package_information.verb.list.ListVerb object at 0x7f32b0fe41f0>>)
[2.313s] Level 1:colcon.colcon_core.package_discovery:discover_packages(colcon_meta) check parameters
[2.313s] Level 1:colcon.colcon_core.package_discovery:discover_packages(recursive) check parameters
[2.313s] Level 1:colcon.colcon_core.package_discovery:discover_packages(ignore) check parameters
[2.313s] Level 1:colcon.colcon_core.package_discovery:discover_packages(path) check parameters
[2.313s] Level 1:colcon.colcon_core.package_discovery:discover_packages(recursive) discover
[2.314s] INFO:colcon.colcon_core.package_discovery:Crawling recursively for packages in '/home/berko-vm/ros2_ws'
[2.314s] Level 1:colcon.colcon_core.package_identification:_identify(/home/berko-vm/ros2_ws) by extensions ['ignore', 'ignore_ament_install']
[2.314s] Level 1:colcon.colcon_core.package_identification:_identify(/home/berko-vm/ros2_ws) by extension 'ignore'
[2.318s] Level 1:colcon.colcon_core.package_identification:_identify(/home/berko-vm/ros2_ws) by extension 'ignore_ament_install'
[2.319s] Level 1:colcon.colcon_core.package_identification:_identify(/home/berko-vm/ros2_ws) by extensions ['colcon_pkg']
[2.319s] Level 1:colcon.colcon_core.package_identification:_identify(/home/berko-vm/ros2_ws) by extension 'colcon_pkg'
[2.319s] Level 1:colcon.colcon_core.package_identification:_identify(/home/berko-vm/ros2_ws) by extensions ['colcon_meta']
[2.319s] Level 1:colcon.colcon_core.package_identification:_identify(/home/berko-vm/ros2_ws) by extension 'colcon_meta'
[2.320s] Level 1:colcon.colcon_core.package_identification:_identify(/home/berko-vm/ros2_ws) by extensions ['ros']
[2.320s] Level 1:colcon.colcon_core.package_identification:_identify(/home/berko-vm/ros2_ws) by extension 'ros'
[2.363s] Level 1:colcon.colcon_core.package_identification:_identify(/home/berko-vm/ros2_ws) by extensions ['cmake', 'python']
[2.363s] Level 1:colcon.colcon_core.package_identification:_identify(/home/berko-vm/ros2_ws) by extension 'cmake'
[2.364s] Level 1:colcon.colcon_core.package_identification:_identify(/home/berko-vm/ros2_ws) by extension 'python'
[2.364s] Level 1:colcon.colcon_core.package_identification:_identify(/home/berko-vm/ros2_ws) by extensions ['python_setup_py']
[2.364s] Level 1:colcon.colcon_core.package_identification:_identify(/home/berko-vm/ros2_ws) by extension 'python_setup_py'
[2.364s] Level 1:colcon.colcon_core.package_identification:_identify(/home/berko-vm/ros2_ws/build) by extensions ['ignore', 'ignore_ament_install']
[2.364s] Level 1:colcon.colcon_core.package_identification:_identify(/home/berko-vm/ros2_ws/build) by extension 'ignore'
[2.364s] Level 1:colcon.colcon_core.package_identification:_identify(/home/berko-vm/ros2_ws/build) ignored
[2.365s] Level 1:colcon.colcon_core.package_identification:_identify(/home/berko-vm/ros2_ws/install) by extensions ['ignore', 'ignore_ament_install']
[2.365s] Level 1:colcon.colcon_core.package_identification:_identify(/home/berko-vm/ros2_ws/install) by extension 'ignore'
[2.365s] Level 1:colcon.colcon_core.package_identification:_identify(/home/berko-vm/ros2_ws/install) ignored
[2.365s] Level 1:colcon.colcon_core.package_identification:_identify(/home/berko-vm/ros2_ws/log) by extensions ['ignore', 'ignore_ament_install']
[2.366s] Level 1:colcon.colcon_core.package_identification:_identify(/home/berko-vm/ros2_ws/log) by extension 'ignore'
[2.366s] Level 1:colcon.colcon_core.package_identification:_identify(/home/berko-vm/ros2_ws/log) ignored
[2.366s] Level 1:colcon.colcon_core.package_identification:_identify(/home/berko-vm/ros2_ws/src) by extensions ['ignore', 'ignore_ament_install']
[2.366s] Level 1:colcon.colcon_core.package_identification:_identify(/home/berko-vm/ros2_ws/src) by extension 'ignore'
[2.366s] Level 1:colcon.colcon_core.package_identification:_identify(/home/berko-vm/ros2_ws/src) by extension 'ignore_ament_install'
[2.367s] Level 1:colcon.colcon_core.package_identification:_identify(/home/berko-vm/ros2_ws/src) by extensions ['colcon_pkg']
[2.371s] Level 1:colcon.colcon_core.package_identification:_identify(/home/berko-vm/ros2_ws/src) by extension 'colcon_pkg'
[2.371s] Level 1:colcon.colcon_core.package_identification:_identify(/home/berko-vm/ros2_ws/src) by extensions ['colcon_meta']
[2.371s] Level 1:colcon.colcon_core.package_identification:_identify(/home/berko-vm/ros2_ws/src) by extension 'colcon_meta'
[2.372s] Level 1:colcon.colcon_core.package_identification:_identify(/home/berko-vm/ros2_ws/src) by extensions ['ros']
[2.372s] Level 1:colcon.colcon_core.package_identification:_identify(/home/berko-vm/ros2_ws/src) by extension 'ros'
[2.372s] Level 1:colcon.colcon_core.package_identification:_identify(/home/berko-vm/ros2_ws/src) by extensions ['cmake', 'python']
[2.372s] Level 1:colcon.colcon_core.package_identification:_identify(/home/berko-vm/ros2_ws/src) by extension 'cmake'
[2.372s] Level 1:colcon.colcon_core.package_identification:_identify(/home/berko-vm/ros2_ws/src) by extension 'python'
[2.372s] Level 1:colcon.colcon_core.package_identification:_identify(/home/berko-vm/ros2_ws/src) by extensions ['python_setup_py']
[2.372s] Level 1:colcon.colcon_core.package_identification:_identify(/home/berko-vm/ros2_ws/src) by extension 'python_setup_py'
[2.374s] Level 1:colcon.colcon_core.package_identification:_identify(/home/berko-vm/ros2_ws/src/build) by extensions ['ignore', 'ignore_ament_install']
[2.375s] Level 1:colcon.colcon_core.package_identification:_identify(/home/berko-vm/ros2_ws/src/build) by extension 'ignore'
[2.375s] Level 1:colcon.colcon_core.package_identification:_identify(/home/berko-vm/ros2_ws/src/build) ignored
[2.376s] Level 1:colcon.colcon_core.package_identification:_identify(/home/berko-vm/ros2_ws/src/install) by extensions ['ignore', 'ignore_ament_install']
[2.376s] Level 1:colcon.colcon_core.package_identification:_identify(/home/berko-vm/ros2_ws/src/install) by extension 'ignore'
[2.376s] Level 1:colcon.colcon_core.package_identification:_identify(/home/berko-vm/ros2_ws/src/install) ignored
[2.376s] Level 1:colcon.colcon_core.package_identification:_identify(/home/berko-vm/ros2_ws/src/launch_pkg) by extensions ['ignore', 'ignore_ament_install']
[2.376s] Level 1:colcon.colcon_core.package_identification:_identify(/home/berko-vm/ros2_ws/src/launch_pkg) by extension 'ignore'
[2.376s] Level 1:colcon.colcon_core.package_identification:_identify(/home/berko-vm/ros2_ws/src/launch_pkg) by extension 'ignore_ament_install'
[2.376s] Level 1:colcon.colcon_core.package_identification:_identify(/home/berko-vm/ros2_ws/src/launch_pkg) by extensions ['colcon_pkg']
[2.377s] Level 1:colcon.colcon_core.package_identification:_identify(/home/berko-vm/ros2_ws/src/launch_pkg) by extension 'colcon_pkg'
[2.377s] Level 1:colcon.colcon_core.package_identification:_identify(/home/berko-vm/ros2_ws/src/launch_pkg) by extensions ['colcon_meta']
[2.377s] Level 1:colcon.colcon_core.package_identification:_identify(/home/berko-vm/ros2_ws/src/launch_pkg) by extension 'colcon_meta'
[2.377s] Level 1:colcon.colcon_core.package_identification:_identify(/home/berko-vm/ros2_ws/src/launch_pkg) by extensions ['ros']
[2.378s] Level 1:colcon.colcon_core.package_identification:_identify(/home/berko-vm/ros2_ws/src/launch_pkg) by extension 'ros'
[2.386s] DEBUG:colcon.colcon_core.package_identification:Package '/home/berko-vm/ros2_ws/src/launch_pkg' with type 'ros.ament_python' and name 'launch_pkg'
[2.387s] Level 1:colcon.colcon_core.package_identification:_identify(/home/berko-vm/ros2_ws/src/log) by extensions ['ignore', 'ignore_ament_install']
[2.388s] Level 1:colcon.colcon_core.package_identification:_identify(/home/berko-vm/ros2_ws/src/log) by extension 'ignore'
[2.388s] Level 1:colcon.colcon_core.package_identification:_identify(/home/berko-vm/ros2_ws/src/log) ignored
[2.388s] Level 1:colcon.colcon_core.package_identification:_identify(/home/berko-vm/ros2_ws/src/pkg_antenna_modus) by extensions ['ignore', 'ignore_ament_install']
[2.389s] Level 1:colcon.colcon_core.package_identification:_identify(/home/berko-vm/ros2_ws/src/pkg_antenna_modus) by extension 'ignore'
[2.389s] Level 1:colcon.colcon_core.package_identification:_identify(/home/berko-vm/ros2_ws/src/pkg_antenna_modus) by extension 'ignore_ament_install'
[2.389s] Level 1:colcon.colcon_core.package_identification:_identify(/home/berko-vm/ros2_ws/src/pkg_antenna_modus) by extensions ['colcon_pkg']
[2.389s] Level 1:colcon.colcon_core.package_identification:_identify(/home/berko-vm/ros2_ws/src/pkg_antenna_modus) by extension 'colcon_pkg'
[2.389s] Level 1:colcon.colcon_core.package_identification:_identify(/home/berko-vm/ros2_ws/src/pkg_antenna_modus) by extensions ['colcon_meta']
[2.389s] Level 1:colcon.colcon_core.package_identification:_identify(/home/berko-vm/ros2_ws/src/pkg_antenna_modus) by extension 'colcon_meta'
[2.389s] Level 1:colcon.colcon_core.package_identification:_identify(/home/berko-vm/ros2_ws/src/pkg_antenna_modus) by extensions ['ros']
[2.389s] Level 1:colcon.colcon_core.package_identification:_identify(/home/berko-vm/ros2_ws/src/pkg_antenna_modus) by extension 'ros'
[2.391s] DEBUG:colcon.colcon_core.package_identification:Package '/home/berko-vm/ros2_ws/src/pkg_antenna_modus' with type 'ros.ament_python' and name 'pkg_antenna_modus'
[2.392s] Level 1:colcon.colcon_core.package_identification:_identify(/home/berko-vm/ros2_ws/src/pkg_img) by extensions ['ignore', 'ignore_ament_install']
[2.392s] Level 1:colcon.colcon_core.package_identification:_identify(/home/berko-vm/ros2_ws/src/pkg_img) by extension 'ignore'
[2.392s] Level 1:colcon.colcon_core.package_identification:_identify(/home/berko-vm/ros2_ws/src/pkg_img) by extension 'ignore_ament_install'
[2.392s] Level 1:colcon.colcon_core.package_identification:_identify(/home/berko-vm/ros2_ws/src/pkg_img) by extensions ['colcon_pkg']
[2.392s] Level 1:colcon.colcon_core.package_identification:_identify(/home/berko-vm/ros2_ws/src/pkg_img) by extension 'colcon_pkg'
[2.392s] Level 1:colcon.colcon_core.package_identification:_identify(/home/berko-vm/ros2_ws/src/pkg_img) by extensions ['colcon_meta']
[2.392s] Level 1:colcon.colcon_core.package_identification:_identify(/home/berko-vm/ros2_ws/src/pkg_img) by extension 'colcon_meta'
[2.392s] Level 1:colcon.colcon_core.package_identification:_identify(/home/berko-vm/ros2_ws/src/pkg_img) by extensions ['ros']
[2.392s] Level 1:colcon.colcon_core.package_identification:_identify(/home/berko-vm/ros2_ws/src/pkg_img) by extension 'ros'
[2.394s] DEBUG:colcon.colcon_core.package_identification:Package '/home/berko-vm/ros2_ws/src/pkg_img' with type 'ros.ament_python' and name 'pkg_img'
[2.395s] Level 1:colcon.colcon_core.package_discovery:discover_packages(recursive) using defaults
