[2.461s] Invoking command in '/home/berko-vm/ros2_ws/src/pkg_antenna_modus': PYTHONPATH=/home/berko-vm/ros2_ws/src/build/pkg_antenna_modus/prefix_override:/usr/lib/python3/dist-packages/colcon_core/task/python/colcon_distutils_commands:/home/berko-vm/ros2_ws/src/install/pkg_antenna_modus/lib/python3.10/site-packages:${PYTHONPATH} /usr/bin/python3 -W ignore:setup.py install is deprecated -W ignore:easy_install command is deprecated setup.py egg_info --egg-base ../build/pkg_antenna_modus build --build-base /home/berko-vm/ros2_ws/src/build/pkg_antenna_modus/build install --record /home/berko-vm/ros2_ws/src/build/pkg_antenna_modus/install.log --single-version-externally-managed install_data
[2.983s] running egg_info
[2.985s] creating ../build/pkg_antenna_modus/pkg_antenna_modus.egg-info
[2.985s] writing ../build/pkg_antenna_modus/pkg_antenna_modus.egg-info/PKG-INFO
[2.986s] writing dependency_links to ../build/pkg_antenna_modus/pkg_antenna_modus.egg-info/dependency_links.txt
[2.986s] writing entry points to ../build/pkg_antenna_modus/pkg_antenna_modus.egg-info/entry_points.txt
[2.986s] writing requirements to ../build/pkg_antenna_modus/pkg_antenna_modus.egg-info/requires.txt
[2.987s] writing top-level names to ../build/pkg_antenna_modus/pkg_antenna_modus.egg-info/top_level.txt
[2.987s] writing manifest file '../build/pkg_antenna_modus/pkg_antenna_modus.egg-info/SOURCES.txt'
[2.991s] reading manifest file '../build/pkg_antenna_modus/pkg_antenna_modus.egg-info/SOURCES.txt'
[2.992s] writing manifest file '../build/pkg_antenna_modus/pkg_antenna_modus.egg-info/SOURCES.txt'
[2.992s] running build
[2.992s] running build_py
[2.993s] creating /home/berko-vm/ros2_ws/src/build/pkg_antenna_modus/build
[2.993s] creating /home/berko-vm/ros2_ws/src/build/pkg_antenna_modus/build/lib
[2.994s] creating /home/berko-vm/ros2_ws/src/build/pkg_antenna_modus/build/lib/pkg_antenna_modus
[2.994s] copying pkg_antenna_modus/__init__.py -> /home/berko-vm/ros2_ws/src/build/pkg_antenna_modus/build/lib/pkg_antenna_modus
[2.994s] copying pkg_antenna_modus/antenna_modus_node.py -> /home/berko-vm/ros2_ws/src/build/pkg_antenna_modus/build/lib/pkg_antenna_modus
[2.995s] running install
[2.996s] running install_lib
[2.997s] creating /home/berko-vm/ros2_ws/src/install/pkg_antenna_modus/lib/python3.10/site-packages/pkg_antenna_modus
[2.997s] copying /home/berko-vm/ros2_ws/src/build/pkg_antenna_modus/build/lib/pkg_antenna_modus/__init__.py -> /home/berko-vm/ros2_ws/src/install/pkg_antenna_modus/lib/python3.10/site-packages/pkg_antenna_modus
[2.997s] copying /home/berko-vm/ros2_ws/src/build/pkg_antenna_modus/build/lib/pkg_antenna_modus/antenna_modus_node.py -> /home/berko-vm/ros2_ws/src/install/pkg_antenna_modus/lib/python3.10/site-packages/pkg_antenna_modus
[2.998s] byte-compiling /home/berko-vm/ros2_ws/src/install/pkg_antenna_modus/lib/python3.10/site-packages/pkg_antenna_modus/__init__.py to __init__.cpython-310.pyc
[3.000s] byte-compiling /home/berko-vm/ros2_ws/src/install/pkg_antenna_modus/lib/python3.10/site-packages/pkg_antenna_modus/antenna_modus_node.py to antenna_modus_node.cpython-310.pyc
[3.001s] running install_data
[3.001s] creating /home/berko-vm/ros2_ws/src/install/pkg_antenna_modus/share/ament_index
[3.001s] creating /home/berko-vm/ros2_ws/src/install/pkg_antenna_modus/share/ament_index/resource_index
[3.004s] creating /home/berko-vm/ros2_ws/src/install/pkg_antenna_modus/share/ament_index/resource_index/packages
[3.004s] copying resource/pkg_antenna_modus -> /home/berko-vm/ros2_ws/src/install/pkg_antenna_modus/share/ament_index/resource_index/packages
[3.004s] copying package.xml -> /home/berko-vm/ros2_ws/src/install/pkg_antenna_modus/share/pkg_antenna_modus
[3.004s] running install_egg_info
[3.006s] Copying ../build/pkg_antenna_modus/pkg_antenna_modus.egg-info to /home/berko-vm/ros2_ws/src/install/pkg_antenna_modus/lib/python3.10/site-packages/pkg_antenna_modus-0.0.0-py3.10.egg-info
[3.008s] running install_scripts
[3.057s] Installing antenna_modus_node script to /home/berko-vm/ros2_ws/src/install/pkg_antenna_modus/lib/pkg_antenna_modus
[3.057s] writing list of installed files to '/home/berko-vm/ros2_ws/src/build/pkg_antenna_modus/install.log'
[3.152s] Invoked command in '/home/berko-vm/ros2_ws/src/pkg_antenna_modus' returned '0': PYTHONPATH=/home/berko-vm/ros2_ws/src/build/pkg_antenna_modus/prefix_override:/usr/lib/python3/dist-packages/colcon_core/task/python/colcon_distutils_commands:/home/berko-vm/ros2_ws/src/install/pkg_antenna_modus/lib/python3.10/site-packages:${PYTHONPATH} /usr/bin/python3 -W ignore:setup.py install is deprecated -W ignore:easy_install command is deprecated setup.py egg_info --egg-base ../build/pkg_antenna_modus build --build-base /home/berko-vm/ros2_ws/src/build/pkg_antenna_modus/build install --record /home/berko-vm/ros2_ws/src/build/pkg_antenna_modus/install.log --single-version-externally-managed install_data
