[2.895s] Invoking command in '/home/berko-vm/ros2_ws/src/launch_pkg': PYTHONPATH=/home/berko-vm/ros2_ws/build/launch_pkg/prefix_override:/usr/lib/python3/dist-packages/colcon_core/task/python/colcon_distutils_commands:/home/berko-vm/ros2_ws/install/launch_pkg/lib/python3.10/site-packages:${PYTHONPATH} /usr/bin/python3 -W ignore:setup.py install is deprecated -W ignore:easy_install command is deprecated setup.py egg_info --egg-base ../../build/launch_pkg build --build-base /home/berko-vm/ros2_ws/build/launch_pkg/build install --record /home/berko-vm/ros2_ws/build/launch_pkg/install.log --single-version-externally-managed install_data
[3.639s] running egg_info
[3.639s] writing ../../build/launch_pkg/launch_pkg.egg-info/PKG-INFO
[3.641s] writing dependency_links to ../../build/launch_pkg/launch_pkg.egg-info/dependency_links.txt
[3.643s] writing entry points to ../../build/launch_pkg/launch_pkg.egg-info/entry_points.txt
[3.643s] writing requirements to ../../build/launch_pkg/launch_pkg.egg-info/requires.txt
[3.643s] writing top-level names to ../../build/launch_pkg/launch_pkg.egg-info/top_level.txt
[3.648s] reading manifest file '../../build/launch_pkg/launch_pkg.egg-info/SOURCES.txt'
[3.652s] writing manifest file '../../build/launch_pkg/launch_pkg.egg-info/SOURCES.txt'
[3.652s] running build
[3.660s] running build_py
[3.660s] running install
[3.660s] running install_lib
[3.663s] running install_data
[3.663s] running install_egg_info
[3.668s] removing '/home/berko-vm/ros2_ws/install/launch_pkg/lib/python3.10/site-packages/launch_pkg-0.0.0-py3.10.egg-info' (and everything under it)
[3.669s] Copying ../../build/launch_pkg/launch_pkg.egg-info to /home/berko-vm/ros2_ws/install/launch_pkg/lib/python3.10/site-packages/launch_pkg-0.0.0-py3.10.egg-info
[3.671s] running install_scripts
[3.721s] writing list of installed files to '/home/berko-vm/ros2_ws/build/launch_pkg/install.log'
[3.831s] Invoked command in '/home/berko-vm/ros2_ws/src/launch_pkg' returned '0': PYTHONPATH=/home/berko-vm/ros2_ws/build/launch_pkg/prefix_override:/usr/lib/python3/dist-packages/colcon_core/task/python/colcon_distutils_commands:/home/berko-vm/ros2_ws/install/launch_pkg/lib/python3.10/site-packages:${PYTHONPATH} /usr/bin/python3 -W ignore:setup.py install is deprecated -W ignore:easy_install command is deprecated setup.py egg_info --egg-base ../../build/launch_pkg build --build-base /home/berko-vm/ros2_ws/build/launch_pkg/build install --record /home/berko-vm/ros2_ws/build/launch_pkg/install.log --single-version-externally-managed install_data
