[0.332s] DEBUG:colcon:Command line arguments: ['/usr/bin/colcon', 'build']
[0.332s] DEBUG:colcon:Parsed command line arguments: Namespace(log_base=None, log_level=None, verb_name='build', build_base='build', install_base='install', merge_install=False, symlink_install=False, test_result_base=None, continue_on_error=False, executor='parallel', parallel_workers=4, event_handlers=None, ignore_user_meta=False, metas=['./colcon.meta'], base_paths=['.'], packages_ignore=None, packages_ignore_regex=None, paths=None, packages_up_to=None, packages_up_to_regex=None, packages_above=None, packages_above_and_dependencies=None, packages_above_depth=None, packages_select_by_dep=None, packages_skip_by_dep=None, packages_skip_up_to=None, packages_select_build_failed=False, packages_skip_build_finished=False, packages_select_test_failures=False, packages_skip_test_passed=False, packages_select=None, packages_skip=None, packages_select_regex=None, packages_skip_regex=None, packages_start=None, packages_end=None, allow_overriding=[], cmake_args=None, cmake_target=None, cmake_target_skip_unavailable=False, cmake_clean_cache=False, cmake_clean_first=False, cmake_force_configure=False, ament_cmake_args=None, catkin_cmake_args=None, catkin_skip_building_tests=False, verb_parser=<colcon_defaults.argument_parser.defaults.DefaultArgumentsDecorator object at 0x7dc774637df0>, verb_extension=<colcon_core.verb.build.BuildVerb object at 0x7dc774775150>, main=<bound method BuildVerb.main of <colcon_core.verb.build.BuildVerb object at 0x7dc774775150>>)
[0.846s] Level 1:colcon.colcon_core.package_discovery:discover_packages(colcon_meta) check parameters
[0.846s] Level 1:colcon.colcon_core.package_discovery:discover_packages(recursive) check parameters
[0.847s] Level 1:colcon.colcon_core.package_discovery:discover_packages(ignore) check parameters
[0.847s] Level 1:colcon.colcon_core.package_discovery:discover_packages(path) check parameters
[0.847s] Level 1:colcon.colcon_core.package_discovery:discover_packages(colcon_meta) discover
[0.847s] Level 1:colcon.colcon_core.package_discovery:discover_packages(recursive) discover
[0.847s] INFO:colcon.colcon_core.package_discovery:Crawling recursively for packages in '/home/berko-vm/ros2_ws'
[0.847s] Level 1:colcon.colcon_core.package_identification:_identify(.) by extensions ['ignore', 'ignore_ament_install']
[0.848s] Level 1:colcon.colcon_core.package_identification:_identify(.) by extension 'ignore'
[0.848s] Level 1:colcon.colcon_core.package_identification:_identify(.) by extension 'ignore_ament_install'
[0.848s] Level 1:colcon.colcon_core.package_identification:_identify(.) by extensions ['colcon_pkg']
[0.848s] Level 1:colcon.colcon_core.package_identification:_identify(.) by extension 'colcon_pkg'
[0.848s] Level 1:colcon.colcon_core.package_identification:_identify(.) by extensions ['colcon_meta']
[0.848s] Level 1:colcon.colcon_core.package_identification:_identify(.) by extension 'colcon_meta'
[0.848s] Level 1:colcon.colcon_core.package_identification:_identify(.) by extensions ['ros']
[0.848s] Level 1:colcon.colcon_core.package_identification:_identify(.) by extension 'ros'
[0.879s] Level 1:colcon.colcon_core.package_identification:_identify(.) by extensions ['cmake', 'python']
[0.879s] Level 1:colcon.colcon_core.package_identification:_identify(.) by extension 'cmake'
[0.879s] Level 1:colcon.colcon_core.package_identification:_identify(.) by extension 'python'
[0.879s] Level 1:colcon.colcon_core.package_identification:_identify(.) by extensions ['python_setup_py']
[0.879s] Level 1:colcon.colcon_core.package_identification:_identify(.) by extension 'python_setup_py'
[0.879s] Level 1:colcon.colcon_core.package_identification:_identify(build) by extensions ['ignore', 'ignore_ament_install']
[0.880s] Level 1:colcon.colcon_core.package_identification:_identify(build) by extension 'ignore'
[0.880s] Level 1:colcon.colcon_core.package_identification:_identify(build) ignored
[0.880s] Level 1:colcon.colcon_core.package_identification:_identify(install) by extensions ['ignore', 'ignore_ament_install']
[0.880s] Level 1:colcon.colcon_core.package_identification:_identify(install) by extension 'ignore'
[0.881s] Level 1:colcon.colcon_core.package_identification:_identify(install) ignored
[0.881s] Level 1:colcon.colcon_core.package_identification:_identify(log) by extensions ['ignore', 'ignore_ament_install']
[0.881s] Level 1:colcon.colcon_core.package_identification:_identify(log) by extension 'ignore'
[0.881s] Level 1:colcon.colcon_core.package_identification:_identify(log) ignored
[0.881s] Level 1:colcon.colcon_core.package_identification:_identify(src) by extensions ['ignore', 'ignore_ament_install']
[0.882s] Level 1:colcon.colcon_core.package_identification:_identify(src) by extension 'ignore'
[0.882s] Level 1:colcon.colcon_core.package_identification:_identify(src) by extension 'ignore_ament_install'
[0.882s] Level 1:colcon.colcon_core.package_identification:_identify(src) by extensions ['colcon_pkg']
[0.882s] Level 1:colcon.colcon_core.package_identification:_identify(src) by extension 'colcon_pkg'
[0.882s] Level 1:colcon.colcon_core.package_identification:_identify(src) by extensions ['colcon_meta']
[0.882s] Level 1:colcon.colcon_core.package_identification:_identify(src) by extension 'colcon_meta'
[0.882s] Level 1:colcon.colcon_core.package_identification:_identify(src) by extensions ['ros']
[0.882s] Level 1:colcon.colcon_core.package_identification:_identify(src) by extension 'ros'
[0.883s] Level 1:colcon.colcon_core.package_identification:_identify(src) by extensions ['cmake', 'python']
[0.883s] Level 1:colcon.colcon_core.package_identification:_identify(src) by extension 'cmake'
[0.883s] Level 1:colcon.colcon_core.package_identification:_identify(src) by extension 'python'
[0.883s] Level 1:colcon.colcon_core.package_identification:_identify(src) by extensions ['python_setup_py']
[0.883s] Level 1:colcon.colcon_core.package_identification:_identify(src) by extension 'python_setup_py'
[0.883s] Level 1:colcon.colcon_core.package_identification:_identify(src/launch_pkg) by extensions ['ignore', 'ignore_ament_install']
[0.883s] Level 1:colcon.colcon_core.package_identification:_identify(src/launch_pkg) by extension 'ignore'
[0.883s] Level 1:colcon.colcon_core.package_identification:_identify(src/launch_pkg) by extension 'ignore_ament_install'
[0.883s] Level 1:colcon.colcon_core.package_identification:_identify(src/launch_pkg) by extensions ['colcon_pkg']
[0.884s] Level 1:colcon.colcon_core.package_identification:_identify(src/launch_pkg) by extension 'colcon_pkg'
[0.884s] Level 1:colcon.colcon_core.package_identification:_identify(src/launch_pkg) by extensions ['colcon_meta']
[0.884s] Level 1:colcon.colcon_core.package_identification:_identify(src/launch_pkg) by extension 'colcon_meta'
[0.884s] Level 1:colcon.colcon_core.package_identification:_identify(src/launch_pkg) by extensions ['ros']
[0.884s] Level 1:colcon.colcon_core.package_identification:_identify(src/launch_pkg) by extension 'ros'
[0.890s] DEBUG:colcon.colcon_core.package_identification:Package 'src/launch_pkg' with type 'ros.ament_python' and name 'launch_pkg'
[0.891s] Level 1:colcon.colcon_core.package_identification:_identify(src/pkg_antenna_modus) by extensions ['ignore', 'ignore_ament_install']
[0.891s] Level 1:colcon.colcon_core.package_identification:_identify(src/pkg_antenna_modus) by extension 'ignore'
[0.891s] Level 1:colcon.colcon_core.package_identification:_identify(src/pkg_antenna_modus) by extension 'ignore_ament_install'
[0.891s] Level 1:colcon.colcon_core.package_identification:_identify(src/pkg_antenna_modus) by extensions ['colcon_pkg']
[0.891s] Level 1:colcon.colcon_core.package_identification:_identify(src/pkg_antenna_modus) by extension 'colcon_pkg'
[0.892s] Level 1:colcon.colcon_core.package_identification:_identify(src/pkg_antenna_modus) by extensions ['colcon_meta']
[0.892s] Level 1:colcon.colcon_core.package_identification:_identify(src/pkg_antenna_modus) by extension 'colcon_meta'
[0.892s] Level 1:colcon.colcon_core.package_identification:_identify(src/pkg_antenna_modus) by extensions ['ros']
[0.892s] Level 1:colcon.colcon_core.package_identification:_identify(src/pkg_antenna_modus) by extension 'ros'
[0.894s] DEBUG:colcon.colcon_core.package_identification:Package 'src/pkg_antenna_modus' with type 'ros.ament_python' and name 'pkg_antenna_modus'
[0.894s] Level 1:colcon.colcon_core.package_identification:_identify(src/pkg_img) by extensions ['ignore', 'ignore_ament_install']
[0.894s] Level 1:colcon.colcon_core.package_identification:_identify(src/pkg_img) by extension 'ignore'
[0.894s] Level 1:colcon.colcon_core.package_identification:_identify(src/pkg_img) by extension 'ignore_ament_install'
[0.894s] Level 1:colcon.colcon_core.package_identification:_identify(src/pkg_img) by extensions ['colcon_pkg']
[0.895s] Level 1:colcon.colcon_core.package_identification:_identify(src/pkg_img) by extension 'colcon_pkg'
[0.895s] Level 1:colcon.colcon_core.package_identification:_identify(src/pkg_img) by extensions ['colcon_meta']
[0.895s] Level 1:colcon.colcon_core.package_identification:_identify(src/pkg_img) by extension 'colcon_meta'
[0.895s] Level 1:colcon.colcon_core.package_identification:_identify(src/pkg_img) by extensions ['ros']
[0.895s] Level 1:colcon.colcon_core.package_identification:_identify(src/pkg_img) by extension 'ros'
[0.896s] DEBUG:colcon.colcon_core.package_identification:Package 'src/pkg_img' with type 'ros.ament_python' and name 'pkg_img'
[0.897s] Level 1:colcon.colcon_core.package_discovery:discover_packages(recursive) using defaults
[0.897s] Level 1:colcon.colcon_core.package_discovery:discover_packages(ignore) discover
[0.897s] Level 1:colcon.colcon_core.package_discovery:discover_packages(ignore) using defaults
[0.897s] Level 1:colcon.colcon_core.package_discovery:discover_packages(path) discover
[0.897s] Level 1:colcon.colcon_core.package_discovery:discover_packages(path) using defaults
[0.952s] Level 1:colcon.colcon_core.package_discovery:discover_packages(prefix_path) check parameters
[0.952s] Level 1:colcon.colcon_core.package_discovery:discover_packages(prefix_path) discover
[0.957s] DEBUG:colcon.colcon_installed_package_information.package_discovery:Found 3 installed packages in /home/berko-vm/ros2_ws/install
[0.962s] DEBUG:colcon.colcon_installed_package_information.package_discovery:Found 271 installed packages in /opt/ros/humble
[0.967s] Level 1:colcon.colcon_core.package_discovery:discover_packages(prefix_path) using defaults
[1.097s] Level 5:colcon.colcon_core.verb:set package 'launch_pkg' build argument 'cmake_args' from command line to 'None'
[1.097s] Level 5:colcon.colcon_core.verb:set package 'launch_pkg' build argument 'cmake_target' from command line to 'None'
[1.097s] Level 5:colcon.colcon_core.verb:set package 'launch_pkg' build argument 'cmake_target_skip_unavailable' from command line to 'False'
[1.097s] Level 5:colcon.colcon_core.verb:set package 'launch_pkg' build argument 'cmake_clean_cache' from command line to 'False'
[1.097s] Level 5:colcon.colcon_core.verb:set package 'launch_pkg' build argument 'cmake_clean_first' from command line to 'False'
[1.098s] Level 5:colcon.colcon_core.verb:set package 'launch_pkg' build argument 'cmake_force_configure' from command line to 'False'
[1.098s] Level 5:colcon.colcon_core.verb:set package 'launch_pkg' build argument 'ament_cmake_args' from command line to 'None'
[1.098s] Level 5:colcon.colcon_core.verb:set package 'launch_pkg' build argument 'catkin_cmake_args' from command line to 'None'
[1.098s] Level 5:colcon.colcon_core.verb:set package 'launch_pkg' build argument 'catkin_skip_building_tests' from command line to 'False'
[1.098s] DEBUG:colcon.colcon_core.verb:Building package 'launch_pkg' with the following arguments: {'ament_cmake_args': None, 'build_base': '/home/berko-vm/ros2_ws/build/launch_pkg', 'catkin_cmake_args': None, 'catkin_skip_building_tests': False, 'cmake_args': None, 'cmake_clean_cache': False, 'cmake_clean_first': False, 'cmake_force_configure': False, 'cmake_target': None, 'cmake_target_skip_unavailable': False, 'install_base': '/home/berko-vm/ros2_ws/install/launch_pkg', 'merge_install': False, 'path': '/home/berko-vm/ros2_ws/src/launch_pkg', 'symlink_install': False, 'test_result_base': None}
[1.099s] Level 5:colcon.colcon_core.verb:set package 'pkg_antenna_modus' build argument 'cmake_args' from command line to 'None'
[1.099s] Level 5:colcon.colcon_core.verb:set package 'pkg_antenna_modus' build argument 'cmake_target' from command line to 'None'
[1.099s] Level 5:colcon.colcon_core.verb:set package 'pkg_antenna_modus' build argument 'cmake_target_skip_unavailable' from command line to 'False'
[1.099s] Level 5:colcon.colcon_core.verb:set package 'pkg_antenna_modus' build argument 'cmake_clean_cache' from command line to 'False'
[1.099s] Level 5:colcon.colcon_core.verb:set package 'pkg_antenna_modus' build argument 'cmake_clean_first' from command line to 'False'
[1.099s] Level 5:colcon.colcon_core.verb:set package 'pkg_antenna_modus' build argument 'cmake_force_configure' from command line to 'False'
[1.099s] Level 5:colcon.colcon_core.verb:set package 'pkg_antenna_modus' build argument 'ament_cmake_args' from command line to 'None'
[1.099s] Level 5:colcon.colcon_core.verb:set package 'pkg_antenna_modus' build argument 'catkin_cmake_args' from command line to 'None'
[1.099s] Level 5:colcon.colcon_core.verb:set package 'pkg_antenna_modus' build argument 'catkin_skip_building_tests' from command line to 'False'
[1.099s] DEBUG:colcon.colcon_core.verb:Building package 'pkg_antenna_modus' with the following arguments: {'ament_cmake_args': None, 'build_base': '/home/berko-vm/ros2_ws/build/pkg_antenna_modus', 'catkin_cmake_args': None, 'catkin_skip_building_tests': False, 'cmake_args': None, 'cmake_clean_cache': False, 'cmake_clean_first': False, 'cmake_force_configure': False, 'cmake_target': None, 'cmake_target_skip_unavailable': False, 'install_base': '/home/berko-vm/ros2_ws/install/pkg_antenna_modus', 'merge_install': False, 'path': '/home/berko-vm/ros2_ws/src/pkg_antenna_modus', 'symlink_install': False, 'test_result_base': None}
[1.100s] Level 5:colcon.colcon_core.verb:set package 'pkg_img' build argument 'cmake_args' from command line to 'None'
[1.100s] Level 5:colcon.colcon_core.verb:set package 'pkg_img' build argument 'cmake_target' from command line to 'None'
[1.100s] Level 5:colcon.colcon_core.verb:set package 'pkg_img' build argument 'cmake_target_skip_unavailable' from command line to 'False'
[1.100s] Level 5:colcon.colcon_core.verb:set package 'pkg_img' build argument 'cmake_clean_cache' from command line to 'False'
[1.100s] Level 5:colcon.colcon_core.verb:set package 'pkg_img' build argument 'cmake_clean_first' from command line to 'False'
[1.100s] Level 5:colcon.colcon_core.verb:set package 'pkg_img' build argument 'cmake_force_configure' from command line to 'False'
[1.100s] Level 5:colcon.colcon_core.verb:set package 'pkg_img' build argument 'ament_cmake_args' from command line to 'None'
[1.100s] Level 5:colcon.colcon_core.verb:set package 'pkg_img' build argument 'catkin_cmake_args' from command line to 'None'
[1.100s] Level 5:colcon.colcon_core.verb:set package 'pkg_img' build argument 'catkin_skip_building_tests' from command line to 'False'
[1.100s] DEBUG:colcon.colcon_core.verb:Building package 'pkg_img' with the following arguments: {'ament_cmake_args': None, 'build_base': '/home/berko-vm/ros2_ws/build/pkg_img', 'catkin_cmake_args': None, 'catkin_skip_building_tests': False, 'cmake_args': None, 'cmake_clean_cache': False, 'cmake_clean_first': False, 'cmake_force_configure': False, 'cmake_target': None, 'cmake_target_skip_unavailable': False, 'install_base': '/home/berko-vm/ros2_ws/install/pkg_img', 'merge_install': False, 'path': '/home/berko-vm/ros2_ws/src/pkg_img', 'symlink_install': False, 'test_result_base': None}
[1.101s] INFO:colcon.colcon_core.executor:Executing jobs using 'parallel' executor
[1.105s] DEBUG:colcon.colcon_parallel_executor.executor.parallel:run_until_complete
[1.106s] INFO:colcon.colcon_ros.task.ament_python.build:Building ROS package in '/home/berko-vm/ros2_ws/src/launch_pkg' with build type 'ament_python'
[1.106s] Level 1:colcon.colcon_core.shell:create_environment_hook('launch_pkg', 'ament_prefix_path')
[1.115s] INFO:colcon.colcon_core.plugin_system:Skipping extension 'colcon_core.shell.bat': Not used on non-Windows systems
[1.116s] INFO:colcon.colcon_core.shell:Creating environment hook '/home/berko-vm/ros2_ws/install/launch_pkg/share/launch_pkg/hook/ament_prefix_path.ps1'
[1.118s] INFO:colcon.colcon_core.shell:Creating environment descriptor '/home/berko-vm/ros2_ws/install/launch_pkg/share/launch_pkg/hook/ament_prefix_path.dsv'
[1.120s] INFO:colcon.colcon_core.shell:Creating environment hook '/home/berko-vm/ros2_ws/install/launch_pkg/share/launch_pkg/hook/ament_prefix_path.sh'
[1.124s] INFO:colcon.colcon_core.shell:Skip shell extension 'powershell' for command environment: Not usable outside of PowerShell
[1.124s] DEBUG:colcon.colcon_core.shell:Skip shell extension 'dsv' for command environment
[1.135s] INFO:colcon.colcon_ros.task.ament_python.build:Building ROS package in '/home/berko-vm/ros2_ws/src/pkg_antenna_modus' with build type 'ament_python'
[1.136s] Level 1:colcon.colcon_core.shell:create_environment_hook('pkg_antenna_modus', 'ament_prefix_path')
[1.137s] INFO:colcon.colcon_core.shell:Creating environment hook '/home/berko-vm/ros2_ws/install/pkg_antenna_modus/share/pkg_antenna_modus/hook/ament_prefix_path.ps1'
[1.139s] INFO:colcon.colcon_core.shell:Creating environment descriptor '/home/berko-vm/ros2_ws/install/pkg_antenna_modus/share/pkg_antenna_modus/hook/ament_prefix_path.dsv'
[1.141s] INFO:colcon.colcon_core.shell:Creating environment hook '/home/berko-vm/ros2_ws/install/pkg_antenna_modus/share/pkg_antenna_modus/hook/ament_prefix_path.sh'
[1.143s] INFO:colcon.colcon_core.shell:Skip shell extension 'powershell' for command environment: Not usable outside of PowerShell
[1.143s] DEBUG:colcon.colcon_core.shell:Skip shell extension 'dsv' for command environment
[1.155s] INFO:colcon.colcon_ros.task.ament_python.build:Building ROS package in '/home/berko-vm/ros2_ws/src/pkg_img' with build type 'ament_python'
[1.155s] Level 1:colcon.colcon_core.shell:create_environment_hook('pkg_img', 'ament_prefix_path')
[1.156s] INFO:colcon.colcon_core.shell:Creating environment hook '/home/berko-vm/ros2_ws/install/pkg_img/share/pkg_img/hook/ament_prefix_path.ps1'
[1.157s] INFO:colcon.colcon_core.shell:Creating environment descriptor '/home/berko-vm/ros2_ws/install/pkg_img/share/pkg_img/hook/ament_prefix_path.dsv'
[1.158s] INFO:colcon.colcon_core.shell:Creating environment hook '/home/berko-vm/ros2_ws/install/pkg_img/share/pkg_img/hook/ament_prefix_path.sh'
[1.161s] INFO:colcon.colcon_core.shell:Skip shell extension 'powershell' for command environment: Not usable outside of PowerShell
[1.161s] DEBUG:colcon.colcon_core.shell:Skip shell extension 'dsv' for command environment
[1.806s] INFO:colcon.colcon_core.task.python.build:Building Python package in '/home/berko-vm/ros2_ws/src/launch_pkg'
[1.806s] INFO:colcon.colcon_core.shell:Skip shell extension 'powershell' for command environment: Not usable outside of PowerShell
[1.806s] DEBUG:colcon.colcon_core.shell:Skip shell extension 'dsv' for command environment
[2.464s] INFO:colcon.colcon_core.task.python.build:Building Python package in '/home/berko-vm/ros2_ws/src/pkg_antenna_modus'
[2.465s] INFO:colcon.colcon_core.shell:Skip shell extension 'powershell' for command environment: Not usable outside of PowerShell
[2.465s] DEBUG:colcon.colcon_core.shell:Skip shell extension 'dsv' for command environment
[3.110s] INFO:colcon.colcon_core.task.python.build:Building Python package in '/home/berko-vm/ros2_ws/src/pkg_img'
[3.111s] INFO:colcon.colcon_core.shell:Skip shell extension 'powershell' for command environment: Not usable outside of PowerShell
[3.111s] DEBUG:colcon.colcon_core.shell:Skip shell extension 'dsv' for command environment
[4.002s] DEBUG:colcon.colcon_core.event_handler.log_command:Invoking command in '/home/berko-vm/ros2_ws/src/launch_pkg': PYTHONPATH=/home/berko-vm/ros2_ws/build/launch_pkg/prefix_override:/usr/lib/python3/dist-packages/colcon_core/task/python/colcon_distutils_commands:/home/berko-vm/ros2_ws/install/launch_pkg/lib/python3.10/site-packages:${PYTHONPATH} /usr/bin/python3 -W ignore:setup.py install is deprecated -W ignore:easy_install command is deprecated setup.py egg_info --egg-base ../../build/launch_pkg build --build-base /home/berko-vm/ros2_ws/build/launch_pkg/build install --record /home/berko-vm/ros2_ws/build/launch_pkg/install.log --single-version-externally-managed install_data
[4.021s] DEBUG:colcon.colcon_core.event_handler.log_command:Invoking command in '/home/berko-vm/ros2_ws/src/pkg_img': PYTHONPATH=/home/berko-vm/ros2_ws/build/pkg_img/prefix_override:/usr/lib/python3/dist-packages/colcon_core/task/python/colcon_distutils_commands:/home/berko-vm/ros2_ws/install/pkg_img/lib/python3.10/site-packages:${PYTHONPATH} /usr/bin/python3 -W ignore:setup.py install is deprecated -W ignore:easy_install command is deprecated setup.py egg_info --egg-base ../../build/pkg_img build --build-base /home/berko-vm/ros2_ws/build/pkg_img/build install --record /home/berko-vm/ros2_ws/build/pkg_img/install.log --single-version-externally-managed install_data
[4.067s] DEBUG:colcon.colcon_core.event_handler.log_command:Invoking command in '/home/berko-vm/ros2_ws/src/pkg_antenna_modus': PYTHONPATH=/home/berko-vm/ros2_ws/build/pkg_antenna_modus/prefix_override:/usr/lib/python3/dist-packages/colcon_core/task/python/colcon_distutils_commands:/home/berko-vm/ros2_ws/install/pkg_antenna_modus/lib/python3.10/site-packages:${PYTHONPATH} /usr/bin/python3 -W ignore:setup.py install is deprecated -W ignore:easy_install command is deprecated setup.py egg_info --egg-base ../../build/pkg_antenna_modus build --build-base /home/berko-vm/ros2_ws/build/pkg_antenna_modus/build install --record /home/berko-vm/ros2_ws/build/pkg_antenna_modus/install.log --single-version-externally-managed install_data
[4.875s] DEBUG:colcon.colcon_core.event_handler.log_command:Invoked command in '/home/berko-vm/ros2_ws/src/pkg_img' returned '0': PYTHONPATH=/home/berko-vm/ros2_ws/build/pkg_img/prefix_override:/usr/lib/python3/dist-packages/colcon_core/task/python/colcon_distutils_commands:/home/berko-vm/ros2_ws/install/pkg_img/lib/python3.10/site-packages:${PYTHONPATH} /usr/bin/python3 -W ignore:setup.py install is deprecated -W ignore:easy_install command is deprecated setup.py egg_info --egg-base ../../build/pkg_img build --build-base /home/berko-vm/ros2_ws/build/pkg_img/build install --record /home/berko-vm/ros2_ws/build/pkg_img/install.log --single-version-externally-managed install_data
[4.888s] Level 1:colcon.colcon_core.environment:checking '/home/berko-vm/ros2_ws/install/pkg_img' for CMake module files
[4.890s] Level 1:colcon.colcon_core.environment:checking '/home/berko-vm/ros2_ws/install/pkg_img' for CMake config files
[4.894s] Level 1:colcon.colcon_core.environment:checking '/home/berko-vm/ros2_ws/install/pkg_img/lib'
[4.895s] Level 1:colcon.colcon_core.environment:checking '/home/berko-vm/ros2_ws/install/pkg_img/bin'
[4.895s] Level 1:colcon.colcon_core.environment:checking '/home/berko-vm/ros2_ws/install/pkg_img/lib/pkgconfig/pkg_img.pc'
[4.896s] Level 1:colcon.colcon_core.environment:checking '/home/berko-vm/ros2_ws/install/pkg_img/lib/python3.10/site-packages'
[4.896s] Level 1:colcon.colcon_core.shell:create_environment_hook('pkg_img', 'pythonpath')
[4.897s] INFO:colcon.colcon_core.shell:Creating environment hook '/home/berko-vm/ros2_ws/install/pkg_img/share/pkg_img/hook/pythonpath.ps1'
[4.899s] INFO:colcon.colcon_core.shell:Creating environment descriptor '/home/berko-vm/ros2_ws/install/pkg_img/share/pkg_img/hook/pythonpath.dsv'
[4.901s] INFO:colcon.colcon_core.shell:Creating environment hook '/home/berko-vm/ros2_ws/install/pkg_img/share/pkg_img/hook/pythonpath.sh'
[4.909s] Level 1:colcon.colcon_core.environment:checking '/home/berko-vm/ros2_ws/install/pkg_img/bin'
[4.909s] Level 1:colcon.colcon_core.environment:create_environment_scripts_only(pkg_img)
[4.910s] INFO:colcon.colcon_core.shell:Creating package script '/home/berko-vm/ros2_ws/install/pkg_img/share/pkg_img/package.ps1'
[4.913s] INFO:colcon.colcon_core.shell:Creating package descriptor '/home/berko-vm/ros2_ws/install/pkg_img/share/pkg_img/package.dsv'
[4.915s] INFO:colcon.colcon_core.shell:Creating package script '/home/berko-vm/ros2_ws/install/pkg_img/share/pkg_img/package.sh'
[4.921s] INFO:colcon.colcon_core.shell:Creating package script '/home/berko-vm/ros2_ws/install/pkg_img/share/pkg_img/package.bash'
[4.924s] INFO:colcon.colcon_core.shell:Creating package script '/home/berko-vm/ros2_ws/install/pkg_img/share/pkg_img/package.zsh'
[4.926s] Level 1:colcon.colcon_core.environment:create_file_with_runtime_dependencies(/home/berko-vm/ros2_ws/install/pkg_img/share/colcon-core/packages/pkg_img)
[4.934s] Level 1:colcon.colcon_core.environment:checking '/home/berko-vm/ros2_ws/install/launch_pkg' for CMake module files
[4.939s] DEBUG:colcon.colcon_core.event_handler.log_command:Invoked command in '/home/berko-vm/ros2_ws/src/launch_pkg' returned '0': PYTHONPATH=/home/berko-vm/ros2_ws/build/launch_pkg/prefix_override:/usr/lib/python3/dist-packages/colcon_core/task/python/colcon_distutils_commands:/home/berko-vm/ros2_ws/install/launch_pkg/lib/python3.10/site-packages:${PYTHONPATH} /usr/bin/python3 -W ignore:setup.py install is deprecated -W ignore:easy_install command is deprecated setup.py egg_info --egg-base ../../build/launch_pkg build --build-base /home/berko-vm/ros2_ws/build/launch_pkg/build install --record /home/berko-vm/ros2_ws/build/launch_pkg/install.log --single-version-externally-managed install_data
[4.942s] Level 1:colcon.colcon_core.environment:checking '/home/berko-vm/ros2_ws/install/launch_pkg' for CMake config files
[4.944s] Level 1:colcon.colcon_core.environment:checking '/home/berko-vm/ros2_ws/install/launch_pkg/lib'
[4.945s] Level 1:colcon.colcon_core.environment:checking '/home/berko-vm/ros2_ws/install/launch_pkg/bin'
[4.945s] Level 1:colcon.colcon_core.environment:checking '/home/berko-vm/ros2_ws/install/launch_pkg/lib/pkgconfig/launch_pkg.pc'
[4.945s] Level 1:colcon.colcon_core.environment:checking '/home/berko-vm/ros2_ws/install/launch_pkg/lib/python3.10/site-packages'
[4.945s] Level 1:colcon.colcon_core.shell:create_environment_hook('launch_pkg', 'pythonpath')
[4.946s] INFO:colcon.colcon_core.shell:Creating environment hook '/home/berko-vm/ros2_ws/install/launch_pkg/share/launch_pkg/hook/pythonpath.ps1'
[4.947s] INFO:colcon.colcon_core.shell:Creating environment descriptor '/home/berko-vm/ros2_ws/install/launch_pkg/share/launch_pkg/hook/pythonpath.dsv'
[4.954s] INFO:colcon.colcon_core.shell:Creating environment hook '/home/berko-vm/ros2_ws/install/launch_pkg/share/launch_pkg/hook/pythonpath.sh'
[4.960s] Level 1:colcon.colcon_core.environment:checking '/home/berko-vm/ros2_ws/install/launch_pkg/bin'
[4.960s] Level 1:colcon.colcon_core.environment:create_environment_scripts_only(launch_pkg)
[4.961s] INFO:colcon.colcon_core.shell:Creating package script '/home/berko-vm/ros2_ws/install/launch_pkg/share/launch_pkg/package.ps1'
[4.963s] INFO:colcon.colcon_core.shell:Creating package descriptor '/home/berko-vm/ros2_ws/install/launch_pkg/share/launch_pkg/package.dsv'
[4.966s] INFO:colcon.colcon_core.shell:Creating package script '/home/berko-vm/ros2_ws/install/launch_pkg/share/launch_pkg/package.sh'
[4.967s] INFO:colcon.colcon_core.shell:Creating package script '/home/berko-vm/ros2_ws/install/launch_pkg/share/launch_pkg/package.bash'
[4.968s] INFO:colcon.colcon_core.shell:Creating package script '/home/berko-vm/ros2_ws/install/launch_pkg/share/launch_pkg/package.zsh'
[4.969s] Level 1:colcon.colcon_core.environment:create_file_with_runtime_dependencies(/home/berko-vm/ros2_ws/install/launch_pkg/share/colcon-core/packages/launch_pkg)
[4.974s] Level 1:colcon.colcon_core.environment:checking '/home/berko-vm/ros2_ws/install/pkg_antenna_modus' for CMake module files
[4.975s] DEBUG:colcon.colcon_core.event_handler.log_command:Invoked command in '/home/berko-vm/ros2_ws/src/pkg_antenna_modus' returned '0': PYTHONPATH=/home/berko-vm/ros2_ws/build/pkg_antenna_modus/prefix_override:/usr/lib/python3/dist-packages/colcon_core/task/python/colcon_distutils_commands:/home/berko-vm/ros2_ws/install/pkg_antenna_modus/lib/python3.10/site-packages:${PYTHONPATH} /usr/bin/python3 -W ignore:setup.py install is deprecated -W ignore:easy_install command is deprecated setup.py egg_info --egg-base ../../build/pkg_antenna_modus build --build-base /home/berko-vm/ros2_ws/build/pkg_antenna_modus/build install --record /home/berko-vm/ros2_ws/build/pkg_antenna_modus/install.log --single-version-externally-managed install_data
[4.976s] Level 1:colcon.colcon_core.environment:checking '/home/berko-vm/ros2_ws/install/pkg_antenna_modus' for CMake config files
[4.979s] Level 1:colcon.colcon_core.environment:checking '/home/berko-vm/ros2_ws/install/pkg_antenna_modus/lib'
[4.979s] Level 1:colcon.colcon_core.environment:checking '/home/berko-vm/ros2_ws/install/pkg_antenna_modus/bin'
[4.979s] Level 1:colcon.colcon_core.environment:checking '/home/berko-vm/ros2_ws/install/pkg_antenna_modus/lib/pkgconfig/pkg_antenna_modus.pc'
[4.979s] Level 1:colcon.colcon_core.environment:checking '/home/berko-vm/ros2_ws/install/pkg_antenna_modus/lib/python3.10/site-packages'
[4.980s] Level 1:colcon.colcon_core.shell:create_environment_hook('pkg_antenna_modus', 'pythonpath')
[4.980s] INFO:colcon.colcon_core.shell:Creating environment hook '/home/berko-vm/ros2_ws/install/pkg_antenna_modus/share/pkg_antenna_modus/hook/pythonpath.ps1'
[4.982s] INFO:colcon.colcon_core.shell:Creating environment descriptor '/home/berko-vm/ros2_ws/install/pkg_antenna_modus/share/pkg_antenna_modus/hook/pythonpath.dsv'
[4.983s] INFO:colcon.colcon_core.shell:Creating environment hook '/home/berko-vm/ros2_ws/install/pkg_antenna_modus/share/pkg_antenna_modus/hook/pythonpath.sh'
[4.985s] Level 1:colcon.colcon_core.environment:checking '/home/berko-vm/ros2_ws/install/pkg_antenna_modus/bin'
[4.985s] Level 1:colcon.colcon_core.environment:create_environment_scripts_only(pkg_antenna_modus)
[4.986s] INFO:colcon.colcon_core.shell:Creating package script '/home/berko-vm/ros2_ws/install/pkg_antenna_modus/share/pkg_antenna_modus/package.ps1'
[4.988s] INFO:colcon.colcon_core.shell:Creating package descriptor '/home/berko-vm/ros2_ws/install/pkg_antenna_modus/share/pkg_antenna_modus/package.dsv'
[4.989s] INFO:colcon.colcon_core.shell:Creating package script '/home/berko-vm/ros2_ws/install/pkg_antenna_modus/share/pkg_antenna_modus/package.sh'
[4.990s] INFO:colcon.colcon_core.shell:Creating package script '/home/berko-vm/ros2_ws/install/pkg_antenna_modus/share/pkg_antenna_modus/package.bash'
[4.992s] INFO:colcon.colcon_core.shell:Creating package script '/home/berko-vm/ros2_ws/install/pkg_antenna_modus/share/pkg_antenna_modus/package.zsh'
[4.993s] Level 1:colcon.colcon_core.environment:create_file_with_runtime_dependencies(/home/berko-vm/ros2_ws/install/pkg_antenna_modus/share/colcon-core/packages/pkg_antenna_modus)
[4.994s] DEBUG:colcon.colcon_parallel_executor.executor.parallel:closing loop
[4.995s] DEBUG:colcon.colcon_parallel_executor.executor.parallel:loop closed
[4.995s] DEBUG:colcon.colcon_parallel_executor.executor.parallel:run_until_complete finished with '0'
[4.995s] DEBUG:colcon.colcon_core.event_reactor:joining thread
[5.014s] INFO:colcon.colcon_core.plugin_system:Skipping extension 'colcon_notification.desktop_notification.terminal_notifier': Not used on non-Darwin systems
[5.014s] INFO:colcon.colcon_core.plugin_system:Skipping extension 'colcon_notification.desktop_notification.win32': Not used on non-Windows systems
[5.015s] INFO:colcon.colcon_notification.desktop_notification:Sending desktop notification using 'notify2'
[5.117s] DEBUG:colcon.colcon_core.event_reactor:joined thread
[5.118s] INFO:colcon.colcon_core.shell:Creating prefix script '/home/berko-vm/ros2_ws/install/local_setup.ps1'
[5.122s] INFO:colcon.colcon_core.shell:Creating prefix util module '/home/berko-vm/ros2_ws/install/_local_setup_util_ps1.py'
[5.127s] INFO:colcon.colcon_core.shell:Creating prefix chain script '/home/berko-vm/ros2_ws/install/setup.ps1'
[5.131s] INFO:colcon.colcon_core.shell:Creating prefix script '/home/berko-vm/ros2_ws/install/local_setup.sh'
[5.133s] INFO:colcon.colcon_core.shell:Creating prefix util module '/home/berko-vm/ros2_ws/install/_local_setup_util_sh.py'
[5.136s] INFO:colcon.colcon_core.shell:Creating prefix chain script '/home/berko-vm/ros2_ws/install/setup.sh'
[5.140s] INFO:colcon.colcon_core.shell:Creating prefix script '/home/berko-vm/ros2_ws/install/local_setup.bash'
[5.141s] INFO:colcon.colcon_core.shell:Creating prefix chain script '/home/berko-vm/ros2_ws/install/setup.bash'
[5.145s] INFO:colcon.colcon_core.shell:Creating prefix script '/home/berko-vm/ros2_ws/install/local_setup.zsh'
[5.148s] INFO:colcon.colcon_core.shell:Creating prefix chain script '/home/berko-vm/ros2_ws/install/setup.zsh'
